2024-04-07T16:52:20.437+0700 [DEBUG] [org.gradle.launcher.daemon.bootstrap.DaemonMain] Assuming the daemon was started with following jvm opts: [--add-opens=java.base/java.util=ALL-UNNAMED, --add-opens=java.base/java.lang=ALL-UNNAMED, --add-opens=java.base/java.lang.invoke=ALL-UNNAMED, --add-opens=java.prefs/java.util.prefs=ALL-UNNAMED, --add-opens=java.base/java.nio.charset=ALL-UNNAMED, --add-opens=java.base/java.net=ALL-UNNAMED, --add-opens=java.base/java.util.concurrent.atomic=ALL-UNNAMED, -Xmx2048m, -Dfile.encoding=UTF-8, -Duser.country=US, -Duser.language=en, -Duser.variant]
2024-04-07T16:52:20.611+0700 [DEBUG] [org.gradle.internal.nativeintegration.services.NativeServices] Native-platform posix files integration is not available. Continuing with fallback.
2024-04-07T16:52:20.620+0700 [INFO] [org.gradle.launcher.daemon.server.Daemon] start() called on daemon - DefaultDaemonContext[uid=01779090-b09d-4c5d-ab3a-0fdb6517abc6,javaHome=F:\Android\jbr,daemonRegistryDir=F:\Project\22IT343_NguynnhAnhV\daemon,pid=4540,idleTimeout=10800000,priority=NORMAL,applyInstrumentationAgent=true,daemonOpts=--add-opens=java.base/java.util=ALL-UNNAMED,--add-opens=java.base/java.lang=ALL-UNNAMED,--add-opens=java.base/java.lang.invoke=ALL-UNNAMED,--add-opens=java.prefs/java.util.prefs=ALL-UNNAMED,--add-opens=java.base/java.nio.charset=ALL-UNNAMED,--add-opens=java.base/java.net=ALL-UNNAMED,--add-opens=java.base/java.util.concurrent.atomic=ALL-UNNAMED,-Xmx2048m,-Dfile.encoding=UTF-8,-Duser.country=US,-Duser.language=en,-Duser.variant]
2024-04-07T16:52:20.695+0700 [DEBUG] [org.gradle.internal.remote.internal.inet.InetAddresses] Adding IP addresses for network interface Software Loopback Interface 1
2024-04-07T16:52:20.696+0700 [DEBUG] [org.gradle.internal.remote.internal.inet.InetAddresses] Is this a loopback interface? true
2024-04-07T16:52:20.696+0700 [DEBUG] [org.gradle.internal.remote.internal.inet.InetAddresses] Adding loopback address /127.0.0.1
2024-04-07T16:52:20.697+0700 [DEBUG] [org.gradle.internal.remote.internal.inet.InetAddresses] Adding loopback address /0:0:0:0:0:0:0:1
2024-04-07T16:52:20.697+0700 [DEBUG] [org.gradle.internal.remote.internal.inet.InetAddresses] Adding IP addresses for network interface Microsoft 6to4 Adapter
2024-04-07T16:52:20.698+0700 [DEBUG] [org.gradle.internal.remote.internal.inet.InetAddresses] Is this a loopback interface? false
2024-04-07T16:52:20.698+0700 [DEBUG] [org.gradle.internal.remote.internal.inet.InetAddresses] Adding IP addresses for network interface WAN Miniport (PPTP)
2024-04-07T16:52:20.700+0700 [DEBUG] [org.gradle.internal.remote.internal.inet.InetAddresses] Is this a loopback interface? false
2024-04-07T16:52:20.700+0700 [DEBUG] [org.gradle.internal.remote.internal.inet.InetAddresses] Adding IP addresses for network interface Microsoft IP-HTTPS Platform Adapter
2024-04-07T16:52:20.701+0700 [DEBUG] [org.gradle.internal.remote.internal.inet.InetAddresses] Is this a loopback interface? false
2024-04-07T16:52:20.701+0700 [DEBUG] [org.gradle.internal.remote.internal.inet.InetAddresses] Adding IP addresses for network interface WAN Miniport (IPv6)
2024-04-07T16:52:20.702+0700 [DEBUG] [org.gradle.internal.remote.internal.inet.InetAddresses] Is this a loopback interface? false
2024-04-07T16:52:20.702+0700 [DEBUG] [org.gradle.internal.remote.internal.inet.InetAddresses] Adding IP addresses for network interface Microsoft Wi-Fi Direct Virtual Adapter #2
2024-04-07T16:52:20.703+0700 [DEBUG] [org.gradle.internal.remote.internal.inet.InetAddresses] Is this a loopback interface? false
2024-04-07T16:52:20.704+0700 [DEBUG] [org.gradle.internal.remote.internal.inet.InetAddresses] Adding IP addresses for network interface WAN Miniport (IP)
2024-04-07T16:52:20.705+0700 [DEBUG] [org.gradle.internal.remote.internal.inet.InetAddresses] Is this a loopback interface? false
2024-04-07T16:52:20.705+0700 [DEBUG] [org.gradle.internal.remote.internal.inet.InetAddresses] Adding IP addresses for network interface WAN Miniport (PPPOE)
2024-04-07T16:52:20.706+0700 [DEBUG] [org.gradle.internal.remote.internal.inet.InetAddresses] Is this a loopback interface? false
2024-04-07T16:52:20.706+0700 [DEBUG] [org.gradle.internal.remote.internal.inet.InetAddresses] Adding IP addresses for network interface Microsoft Teredo Tunneling Adapter
2024-04-07T16:52:20.707+0700 [DEBUG] [org.gradle.internal.remote.internal.inet.InetAddresses] Is this a loopback interface? false
2024-04-07T16:52:20.707+0700 [DEBUG] [org.gradle.internal.remote.internal.inet.InetAddresses] Adding IP addresses for network interface Microsoft Wi-Fi Direct Virtual Adapter #4
2024-04-07T16:52:20.708+0700 [DEBUG] [org.gradle.internal.remote.internal.inet.InetAddresses] Is this a loopback interface? false
2024-04-07T16:52:20.709+0700 [DEBUG] [org.gradle.internal.remote.internal.inet.InetAddresses] Adding IP addresses for network interface WAN Miniport (SSTP)
2024-04-07T16:52:20.710+0700 [DEBUG] [org.gradle.internal.remote.internal.inet.InetAddresses] Is this a loopback interface? false
2024-04-07T16:52:20.710+0700 [DEBUG] [org.gradle.internal.remote.internal.inet.InetAddresses] Adding IP addresses for network interface Realtek PCIe GbE Family Controller
2024-04-07T16:52:20.711+0700 [DEBUG] [org.gradle.internal.remote.internal.inet.InetAddresses] Is this a loopback interface? false
2024-04-07T16:52:20.711+0700 [DEBUG] [org.gradle.internal.remote.internal.inet.InetAddresses] Adding remote address /fe80:0:0:0:5aec:6a81:50ab:3daf%eth2
2024-04-07T16:52:20.711+0700 [DEBUG] [org.gradle.internal.remote.internal.inet.InetAddresses] Adding IP addresses for network interface Microsoft Kernel Debug Network Adapter
2024-04-07T16:52:20.712+0700 [DEBUG] [org.gradle.internal.remote.internal.inet.InetAddresses] Is this a loopback interface? false
2024-04-07T16:52:20.712+0700 [DEBUG] [org.gradle.internal.remote.internal.inet.InetAddresses] Adding IP addresses for network interface WAN Miniport (IKEv2)
2024-04-07T16:52:20.714+0700 [DEBUG] [org.gradle.internal.remote.internal.inet.InetAddresses] Is this a loopback interface? false
2024-04-07T16:52:20.714+0700 [DEBUG] [org.gradle.internal.remote.internal.inet.InetAddresses] Adding IP addresses for network interface Microsoft Wi-Fi Direct Virtual Adapter
2024-04-07T16:52:20.715+0700 [DEBUG] [org.gradle.internal.remote.internal.inet.InetAddresses] Is this a loopback interface? false
2024-04-07T16:52:20.715+0700 [DEBUG] [org.gradle.internal.remote.internal.inet.InetAddresses] Adding IP addresses for network interface WAN Miniport (Network Monitor)
2024-04-07T16:52:20.716+0700 [DEBUG] [org.gradle.internal.remote.internal.inet.InetAddresses] Is this a loopback interface? false
2024-04-07T16:52:20.716+0700 [DEBUG] [org.gradle.internal.remote.internal.inet.InetAddresses] Adding IP addresses for network interface Intel(R) Wi-Fi 6 AX201 160MHz
2024-04-07T16:52:20.717+0700 [DEBUG] [org.gradle.internal.remote.internal.inet.InetAddresses] Is this a loopback interface? false
2024-04-07T16:52:20.717+0700 [DEBUG] [org.gradle.internal.remote.internal.inet.InetAddresses] Adding remote address /192.168.1.8
2024-04-07T16:52:20.718+0700 [DEBUG] [org.gradle.internal.remote.internal.inet.InetAddresses] Adding remote address /2001:ee1:db04:b220:6c7:28d8:ec48:eba
2024-04-07T16:52:20.718+0700 [DEBUG] [org.gradle.internal.remote.internal.inet.InetAddresses] Adding remote address /2001:ee1:db04:b220:7847:a87d:4502:1dd1
2024-04-07T16:52:20.718+0700 [DEBUG] [org.gradle.internal.remote.internal.inet.InetAddresses] Adding remote address /fe80:0:0:0:27e3:fb95:2fb8:22bc%wlan3
2024-04-07T16:52:20.718+0700 [DEBUG] [org.gradle.internal.remote.internal.inet.InetAddresses] Adding IP addresses for network interface Microsoft Wi-Fi Direct Virtual Adapter #3
2024-04-07T16:52:20.719+0700 [DEBUG] [org.gradle.internal.remote.internal.inet.InetAddresses] Is this a loopback interface? false
2024-04-07T16:52:20.719+0700 [DEBUG] [org.gradle.internal.remote.internal.inet.InetAddresses] Adding remote address /fe80:0:0:0:cb0d:3cea:39bb:894d%wlan4
2024-04-07T16:52:20.719+0700 [DEBUG] [org.gradle.internal.remote.internal.inet.InetAddresses] Adding IP addresses for network interface WAN Miniport (L2TP)
2024-04-07T16:52:20.721+0700 [DEBUG] [org.gradle.internal.remote.internal.inet.InetAddresses] Is this a loopback interface? false
2024-04-07T16:52:20.721+0700 [DEBUG] [org.gradle.internal.remote.internal.inet.InetAddresses] Adding IP addresses for network interface Realtek PCIe GbE Family Controller-WFP Native MAC Layer LightWeight Filter-0000
2024-04-07T16:52:20.722+0700 [DEBUG] [org.gradle.internal.remote.internal.inet.InetAddresses] Is this a loopback interface? false
2024-04-07T16:52:20.722+0700 [DEBUG] [org.gradle.internal.remote.internal.inet.InetAddresses] Adding IP addresses for network interface Realtek PCIe GbE Family Controller-QoS Packet Scheduler-0000
2024-04-07T16:52:20.723+0700 [DEBUG] [org.gradle.internal.remote.internal.inet.InetAddresses] Is this a loopback interface? false
2024-04-07T16:52:20.723+0700 [DEBUG] [org.gradle.internal.remote.internal.inet.InetAddresses] Adding IP addresses for network interface Realtek PCIe GbE Family Controller-WFP 802.3 MAC Layer LightWeight Filter-0000
2024-04-07T16:52:20.724+0700 [DEBUG] [org.gradle.internal.remote.internal.inet.InetAddresses] Is this a loopback interface? false
2024-04-07T16:52:20.724+0700 [DEBUG] [org.gradle.internal.remote.internal.inet.InetAddresses] Adding IP addresses for network interface Intel(R) Wi-Fi 6 AX201 160MHz-WFP Native MAC Layer LightWeight Filter-0000
2024-04-07T16:52:20.725+0700 [DEBUG] [org.gradle.internal.remote.internal.inet.InetAddresses] Is this a loopback interface? false
2024-04-07T16:52:20.725+0700 [DEBUG] [org.gradle.internal.remote.internal.inet.InetAddresses] Adding IP addresses for network interface Intel(R) Wi-Fi 6 AX201 160MHz-Virtual WiFi Filter Driver-0000
2024-04-07T16:52:20.727+0700 [DEBUG] [org.gradle.internal.remote.internal.inet.InetAddresses] Is this a loopback interface? false
2024-04-07T16:52:20.727+0700 [DEBUG] [org.gradle.internal.remote.internal.inet.InetAddresses] Adding IP addresses for network interface Intel(R) Wi-Fi 6 AX201 160MHz-Native WiFi Filter Driver-0000
2024-04-07T16:52:20.728+0700 [DEBUG] [org.gradle.internal.remote.internal.inet.InetAddresses] Is this a loopback interface? false
2024-04-07T16:52:20.728+0700 [DEBUG] [org.gradle.internal.remote.internal.inet.InetAddresses] Adding IP addresses for network interface Intel(R) Wi-Fi 6 AX201 160MHz-QoS Packet Scheduler-0000
2024-04-07T16:52:20.729+0700 [DEBUG] [org.gradle.internal.remote.internal.inet.InetAddresses] Is this a loopback interface? false
2024-04-07T16:52:20.729+0700 [DEBUG] [org.gradle.internal.remote.internal.inet.InetAddresses] Adding IP addresses for network interface Intel(R) Wi-Fi 6 AX201 160MHz-WFP 802.3 MAC Layer LightWeight Filter-0000
2024-04-07T16:52:20.730+0700 [DEBUG] [org.gradle.internal.remote.internal.inet.InetAddresses] Is this a loopback interface? false
2024-04-07T16:52:20.730+0700 [DEBUG] [org.gradle.internal.remote.internal.inet.InetAddresses] Adding IP addresses for network interface WAN Miniport (IP)-WFP Native MAC Layer LightWeight Filter-0000
2024-04-07T16:52:20.731+0700 [DEBUG] [org.gradle.internal.remote.internal.inet.InetAddresses] Is this a loopback interface? false
2024-04-07T16:52:20.731+0700 [DEBUG] [org.gradle.internal.remote.internal.inet.InetAddresses] Adding IP addresses for network interface WAN Miniport (IP)-QoS Packet Scheduler-0000
2024-04-07T16:52:20.732+0700 [DEBUG] [org.gradle.internal.remote.internal.inet.InetAddresses] Is this a loopback interface? false
2024-04-07T16:52:20.732+0700 [DEBUG] [org.gradle.internal.remote.internal.inet.InetAddresses] Adding IP addresses for network interface WAN Miniport (IPv6)-WFP Native MAC Layer LightWeight Filter-0000
2024-04-07T16:52:20.733+0700 [DEBUG] [org.gradle.internal.remote.internal.inet.InetAddresses] Is this a loopback interface? false
2024-04-07T16:52:20.734+0700 [DEBUG] [org.gradle.internal.remote.internal.inet.InetAddresses] Adding IP addresses for network interface WAN Miniport (IPv6)-QoS Packet Scheduler-0000
2024-04-07T16:52:20.735+0700 [DEBUG] [org.gradle.internal.remote.internal.inet.InetAddresses] Is this a loopback interface? false
2024-04-07T16:52:20.735+0700 [DEBUG] [org.gradle.internal.remote.internal.inet.InetAddresses] Adding IP addresses for network interface WAN Miniport (Network Monitor)-WFP Native MAC Layer LightWeight Filter-0000
2024-04-07T16:52:20.736+0700 [DEBUG] [org.gradle.internal.remote.internal.inet.InetAddresses] Is this a loopback interface? false
2024-04-07T16:52:20.736+0700 [DEBUG] [org.gradle.internal.remote.internal.inet.InetAddresses] Adding IP addresses for network interface WAN Miniport (Network Monitor)-QoS Packet Scheduler-0000
2024-04-07T16:52:20.737+0700 [DEBUG] [org.gradle.internal.remote.internal.inet.InetAddresses] Is this a loopback interface? false
2024-04-07T16:52:20.737+0700 [DEBUG] [org.gradle.internal.remote.internal.inet.InetAddresses] Adding IP addresses for network interface Microsoft Wi-Fi Direct Virtual Adapter #3-WFP Native MAC Layer LightWeight Filter-0000
2024-04-07T16:52:20.738+0700 [DEBUG] [org.gradle.internal.remote.internal.inet.InetAddresses] Is this a loopback interface? false
2024-04-07T16:52:20.738+0700 [DEBUG] [org.gradle.internal.remote.internal.inet.InetAddresses] Adding IP addresses for network interface Microsoft Wi-Fi Direct Virtual Adapter #3-Native WiFi Filter Driver-0000
2024-04-07T16:52:20.740+0700 [DEBUG] [org.gradle.internal.remote.internal.inet.InetAddresses] Is this a loopback interface? false
2024-04-07T16:52:20.740+0700 [DEBUG] [org.gradle.internal.remote.internal.inet.InetAddresses] Adding IP addresses for network interface Microsoft Wi-Fi Direct Virtual Adapter #3-QoS Packet Scheduler-0000
2024-04-07T16:52:20.741+0700 [DEBUG] [org.gradle.internal.remote.internal.inet.InetAddresses] Is this a loopback interface? false
2024-04-07T16:52:20.741+0700 [DEBUG] [org.gradle.internal.remote.internal.inet.InetAddresses] Adding IP addresses for network interface Microsoft Wi-Fi Direct Virtual Adapter #3-WFP 802.3 MAC Layer LightWeight Filter-0000
2024-04-07T16:52:20.743+0700 [DEBUG] [org.gradle.internal.remote.internal.inet.InetAddresses] Is this a loopback interface? false
2024-04-07T16:52:20.747+0700 [DEBUG] [org.gradle.internal.remote.internal.inet.TcpIncomingConnector] Listening on [ffc08f9d-cfa1-44b9-9949-ec2ef7de3b34 port:49966, addresses:[localhost/127.0.0.1]].
2024-04-07T16:52:20.752+0700 [DEBUG] [org.gradle.launcher.daemon.server.Daemon] Daemon starting at: Sun Apr 07 16:52:20 ICT 2024, with address: [ffc08f9d-cfa1-44b9-9949-ec2ef7de3b34 port:49966, addresses:[localhost/127.0.0.1]]
2024-04-07T16:52:20.752+0700 [INFO] [org.gradle.launcher.daemon.server.DaemonRegistryUpdater] Advertising the daemon address to the clients: [ffc08f9d-cfa1-44b9-9949-ec2ef7de3b34 port:49966, addresses:[localhost/127.0.0.1]]
2024-04-07T16:52:20.752+0700 [DEBUG] [org.gradle.launcher.daemon.server.DaemonRegistryUpdater] Advertised daemon context: DefaultDaemonContext[uid=01779090-b09d-4c5d-ab3a-0fdb6517abc6,javaHome=F:\Android\jbr,daemonRegistryDir=F:\Project\22IT343_NguynnhAnhV\daemon,pid=4540,idleTimeout=10800000,priority=NORMAL,applyInstrumentationAgent=true,daemonOpts=--add-opens=java.base/java.util=ALL-UNNAMED,--add-opens=java.base/java.lang=ALL-UNNAMED,--add-opens=java.base/java.lang.invoke=ALL-UNNAMED,--add-opens=java.prefs/java.util.prefs=ALL-UNNAMED,--add-opens=java.base/java.nio.charset=ALL-UNNAMED,--add-opens=java.base/java.net=ALL-UNNAMED,--add-opens=java.base/java.util.concurrent.atomic=ALL-UNNAMED,-Xmx2048m,-Dfile.encoding=UTF-8,-Duser.country=US,-Duser.language=en,-Duser.variant]
2024-04-07T16:52:20.753+0700 [DEBUG] [org.gradle.launcher.daemon.registry.PersistentDaemonRegistry] Storing daemon address: [ffc08f9d-cfa1-44b9-9949-ec2ef7de3b34 port:49966, addresses:[localhost/127.0.0.1]], context: DefaultDaemonContext[uid=01779090-b09d-4c5d-ab3a-0fdb6517abc6,javaHome=F:\Android\jbr,daemonRegistryDir=F:\Project\22IT343_NguynnhAnhV\daemon,pid=4540,idleTimeout=10800000,priority=NORMAL,applyInstrumentationAgent=true,daemonOpts=--add-opens=java.base/java.util=ALL-UNNAMED,--add-opens=java.base/java.lang=ALL-UNNAMED,--add-opens=java.base/java.lang.invoke=ALL-UNNAMED,--add-opens=java.prefs/java.util.prefs=ALL-UNNAMED,--add-opens=java.base/java.nio.charset=ALL-UNNAMED,--add-opens=java.base/java.net=ALL-UNNAMED,--add-opens=java.base/java.util.concurrent.atomic=ALL-UNNAMED,-Xmx2048m,-Dfile.encoding=UTF-8,-Duser.country=US,-Duser.language=en,-Duser.variant]
2024-04-07T16:52:20.760+0700 [DEBUG] [org.gradle.cache.internal.DefaultFileLockManager] Waiting to acquire exclusive lock on daemon addresses registry.
2024-04-07T16:52:20.763+0700 [DEBUG] [org.gradle.cache.internal.DefaultFileLockManager] Lock acquired on daemon addresses registry.
2024-04-07T16:52:20.765+0700 [DEBUG] [org.gradle.cache.internal.DefaultFileLockManager] Releasing lock on daemon addresses registry.
2024-04-07T16:52:20.766+0700 [LIFECYCLE] [org.gradle.launcher.daemon.server.Daemon] Daemon server started.
2024-04-07T16:52:20.766+0700 [DEBUG] [org.gradle.launcher.daemon.bootstrap.DaemonStartupCommunication] Completed writing the daemon greeting. Closing streams...
2024-04-07T16:52:20.770+0700 [DEBUG] [org.gradle.launcher.daemon.server.Daemon] stopOnExpiration() called on daemon
2024-04-07T16:52:20.770+0700 [DEBUG] [org.gradle.launcher.daemon.server.Daemon] awaitExpiration() called on daemon
2024-04-07T16:52:20.771+0700 [DEBUG] [org.gradle.launcher.daemon.server.DaemonStateCoordinator] daemon is running. Sleeping until state changes.
2024-04-07T16:52:20.774+0700 [DEBUG] [org.gradle.internal.remote.internal.inet.TcpIncomingConnector] Accepted connection from /127.0.0.1:49967 to /127.0.0.1:49966.
2024-04-07T16:52:20.830+0700 [DEBUG] [org.gradle.launcher.daemon.server.SynchronizedDispatchConnection] thread 22: received class org.gradle.launcher.daemon.protocol.Build
2024-04-07T16:52:20.830+0700 [DEBUG] [org.gradle.launcher.daemon.server.DefaultDaemonConnection] thread 22: Received non-IO message from client: Build{id=9a3d748b-ab55-4111-9f62-963d2338281a, currentDir=F:\Project\22IT343_NguynnhAnhV}
2024-04-07T16:52:20.831+0700 [INFO] [org.gradle.launcher.daemon.server.DefaultIncomingConnectionHandler] Received command: Build{id=9a3d748b-ab55-4111-9f62-963d2338281a, currentDir=F:\Project\22IT343_NguynnhAnhV}.
2024-04-07T16:52:20.831+0700 [DEBUG] [org.gradle.launcher.daemon.server.DefaultIncomingConnectionHandler] Starting executing command: Build{id=9a3d748b-ab55-4111-9f62-963d2338281a, currentDir=F:\Project\22IT343_NguynnhAnhV} with connection: socket connection from /127.0.0.1:49966 to /127.0.0.1:49967.
2024-04-07T16:52:20.832+0700 [DEBUG] [org.gradle.launcher.daemon.server.DaemonStateCoordinator] Command execution: started DaemonCommandExecution[command = Build{id=9a3d748b-ab55-4111-9f62-963d2338281a, currentDir=F:\Project\22IT343_NguynnhAnhV}, connection = DefaultDaemonConnection: socket connection from /127.0.0.1:49966 to /127.0.0.1:49967] after 0.0 minutes of idle
2024-04-07T16:52:20.832+0700 [INFO] [org.gradle.launcher.daemon.server.DaemonRegistryUpdater] Marking the daemon as busy, address: [ffc08f9d-cfa1-44b9-9949-ec2ef7de3b34 port:49966, addresses:[localhost/127.0.0.1]]
2024-04-07T16:52:20.832+0700 [DEBUG] [org.gradle.launcher.daemon.registry.PersistentDaemonRegistry] Marking busy by address: [ffc08f9d-cfa1-44b9-9949-ec2ef7de3b34 port:49966, addresses:[localhost/127.0.0.1]]
2024-04-07T16:52:20.833+0700 [DEBUG] [org.gradle.cache.internal.DefaultFileLockManager] Waiting to acquire exclusive lock on daemon addresses registry.
2024-04-07T16:52:20.833+0700 [DEBUG] [org.gradle.cache.internal.DefaultFileLockManager] Lock acquired on daemon addresses registry.
2024-04-07T16:52:20.834+0700 [DEBUG] [org.gradle.cache.internal.DefaultFileLockManager] Releasing lock on daemon addresses registry.
2024-04-07T16:52:20.835+0700 [DEBUG] [org.gradle.launcher.daemon.server.DaemonStateCoordinator] resetting idle timer
2024-04-07T16:52:20.835+0700 [DEBUG] [org.gradle.launcher.daemon.server.DaemonStateCoordinator] daemon is running. Sleeping until state changes.
2024-04-07T16:52:20.835+0700 [INFO] [org.gradle.launcher.daemon.server.exec.StartBuildOrRespondWithBusy] Daemon is about to start building Build{id=9a3d748b-ab55-4111-9f62-963d2338281a, currentDir=F:\Project\22IT343_NguynnhAnhV}. Dispatching build started information...
2024-04-07T16:52:20.835+0700 [DEBUG] [org.gradle.launcher.daemon.server.SynchronizedDispatchConnection] thread 24: dispatching org.gradle.launcher.daemon.protocol.BuildStarted@1cdb80bb
2024-04-07T16:52:20.837+0700 [DEBUG] [org.gradle.launcher.daemon.server.exec.EstablishBuildEnvironment] Configuring env variables: [USERDOMAIN_ROAMINGPROFILE, configsetroot, LOCALAPPDATA, PROCESSOR_LEVEL, Android_SDK_Home, USERDOMAIN, LOGONSERVER, ALLUSERSPROFILE, INTEL_DEV_REDIST, PROCESSOR_ARCHITECTURE, MIC_LD_LIBRARY_PATH, __COMPAT_LAYER, PSModulePath, SystemDrive, OneDrive, APPDATA, USERNAME, ProgramFiles(x86), CommonProgramFiles, Path, PATHEXT, DriverData, OS, OneDriveConsumer, COMPUTERNAME, IntelliJ IDEA Community Edition, PROCESSOR_REVISION, CommonProgramW6432, ComSpec, ProgramData, ProgramW6432, HOMEPATH, SystemRoot, TEMP, PROCESSOR_IDENTIFIER, HOMEDRIVE, USERPROFILE, TMP, CommonProgramFiles(x86), ProgramFiles, PUBLIC, windir, NUMBER_OF_PROCESSORS, IDEA_INITIAL_DIRECTORY, ZES_ENABLE_SYSMAN]
2024-04-07T16:52:20.838+0700 [DEBUG] [org.gradle.launcher.daemon.server.SynchronizedDispatchConnection] thread 22: received class org.gradle.launcher.daemon.protocol.CloseInput
2024-04-07T16:52:20.838+0700 [DEBUG] [org.gradle.launcher.daemon.server.DefaultDaemonConnection] thread 22: Received IO message from client: org.gradle.launcher.daemon.protocol.CloseInput@5c72fecb
2024-04-07T16:52:20.842+0700 [DEBUG] [org.gradle.launcher.daemon.server.exec.LogToClient] About to start relaying all logs to the client via the connection.
2024-04-07T16:52:20.842+0700 [INFO] [org.gradle.launcher.daemon.server.exec.LogToClient] The client will now receive all logging from the daemon (pid: 4540). The daemon log file: F:\Project\22IT343_NguynnhAnhV\daemon\8.2\daemon-4540.out.log
2024-04-07T16:52:20.844+0700 [INFO] [org.gradle.launcher.daemon.server.exec.LogAndCheckHealth] Starting build in new daemon [memory: 2 GiB]
2024-04-07T16:52:20.845+0700 [INFO] [org.gradle.launcher.daemon.server.exec.ForwardClientInput] Closing daemon's stdin at end of input.
2024-04-07T16:52:20.845+0700 [INFO] [org.gradle.launcher.daemon.server.exec.ForwardClientInput] The daemon will no longer process any standard input.
2024-04-07T16:52:20.846+0700 [DEBUG] [org.gradle.launcher.daemon.server.exec.ExecuteBuild] The daemon has started executing the build.
2024-04-07T16:52:20.846+0700 [DEBUG] [org.gradle.launcher.daemon.server.exec.ExecuteBuild] Executing build with daemon context: DefaultDaemonContext[uid=01779090-b09d-4c5d-ab3a-0fdb6517abc6,javaHome=F:\Android\jbr,daemonRegistryDir=F:\Project\22IT343_NguynnhAnhV\daemon,pid=4540,idleTimeout=10800000,priority=NORMAL,applyInstrumentationAgent=true,daemonOpts=--add-opens=java.base/java.util=ALL-UNNAMED,--add-opens=java.base/java.lang=ALL-UNNAMED,--add-opens=java.base/java.lang.invoke=ALL-UNNAMED,--add-opens=java.prefs/java.util.prefs=ALL-UNNAMED,--add-opens=java.base/java.nio.charset=ALL-UNNAMED,--add-opens=java.base/java.net=ALL-UNNAMED,--add-opens=java.base/java.util.concurrent.atomic=ALL-UNNAMED,-Xmx2048m,-Dfile.encoding=UTF-8,-Duser.country=US,-Duser.language=en,-Duser.variant]

BUILD SUCCESSFUL in 11s
37 actionable tasks: 2 executed, 35 up-to-date
2024-04-07T16:52:30.774+0700 [DEBUG] [org.gradle.launcher.daemon.server.exec.ExecuteBuild] The daemon has finished executing the build.
2024-04-07T16:52:30.779+0700 [DEBUG] [org.gradle.cache.internal.DefaultFileLockManager] Waiting to acquire shared lock on daemon addresses registry.
2024-04-07T16:52:30.779+0700 [DEBUG] [org.gradle.cache.internal.DefaultFileLockManager] Lock acquired on daemon addresses registry.
2024-04-07T16:52:30.780+0700 [DEBUG] [org.gradle.cache.internal.DefaultFileLockManager] Releasing lock on daemon addresses registry.
2024-04-07T16:52:30.781+0700 [DEBUG] [org.gradle.cache.internal.DefaultFileLockManager] Waiting to acquire shared lock on daemon addresses registry.
2024-04-07T16:52:30.781+0700 [DEBUG] [org.gradle.cache.internal.DefaultFileLockManager] Lock acquired on daemon addresses registry.
2024-04-07T16:52:30.781+0700 [DEBUG] [org.gradle.cache.internal.DefaultFileLockManager] Releasing lock on daemon addresses registry.
2024-04-07T16:52:30.791+0700 [DEBUG] [org.gradle.launcher.daemon.server.DaemonStateCoordinator] daemon is running. Sleeping until state changes.
2024-04-07T16:52:30.791+0700 [DEBUG] [org.gradle.launcher.daemon.server.DaemonStateCoordinator] Command execution: finished waiting for DaemonCommandExecution[command = Build{id=9a3d748b-ab55-4111-9f62-963d2338281a, currentDir=F:\Project\22IT343_NguynnhAnhV}, connection = DefaultDaemonConnection: socket connection from /127.0.0.1:49966 to /127.0.0.1:49967]. Result org.gradle.launcher.daemon.server.DaemonStateCoordinator@40ce3aa2 with state Busy
2024-04-07T16:52:30.791+0700 [DEBUG] [org.gradle.launcher.daemon.server.DaemonStateCoordinator] Command execution: completed DaemonCommandExecution[command = Build{id=9a3d748b-ab55-4111-9f62-963d2338281a, currentDir=F:\Project\22IT343_NguynnhAnhV}, connection = DefaultDaemonConnection: socket connection from /127.0.0.1:49966 to /127.0.0.1:49967]
2024-04-07T16:52:30.791+0700 [DEBUG] [org.gradle.launcher.daemon.server.DaemonStateCoordinator] resetting idle timer
2024-04-07T16:52:30.791+0700 [INFO] [org.gradle.launcher.daemon.server.DaemonRegistryUpdater] Marking the daemon as idle, address: [ffc08f9d-cfa1-44b9-9949-ec2ef7de3b34 port:49966, addresses:[localhost/127.0.0.1]]
2024-04-07T16:52:30.791+0700 [DEBUG] [org.gradle.launcher.daemon.registry.PersistentDaemonRegistry] Marking busy by address: [ffc08f9d-cfa1-44b9-9949-ec2ef7de3b34 port:49966, addresses:[localhost/127.0.0.1]]
2024-04-07T16:52:30.792+0700 [DEBUG] [org.gradle.cache.internal.DefaultFileLockManager] Waiting to acquire exclusive lock on daemon addresses registry.
2024-04-07T16:52:30.792+0700 [DEBUG] [org.gradle.cache.internal.DefaultFileLockManager] Lock acquired on daemon addresses registry.
2024-04-07T16:52:30.793+0700 [DEBUG] [org.gradle.cache.internal.DefaultFileLockManager] Releasing lock on daemon addresses registry.
2024-04-07T16:52:30.793+0700 [DEBUG] [org.gradle.launcher.daemon.server.DaemonStateCoordinator] daemon is running. Sleeping until state changes.
2024-04-07T16:52:30.793+0700 [DEBUG] [org.gradle.launcher.daemon.server.exec.ReturnResult] Daemon is dispatching the build result: Success[value=org.gradle.launcher.exec.BuildActionResult@c7b891a]
2024-04-07T16:52:30.793+0700 [DEBUG] [org.gradle.launcher.daemon.server.SynchronizedDispatchConnection] thread 21: dispatching Success[value=org.gradle.launcher.exec.BuildActionResult@c7b891a]
2024-04-07T16:52:30.794+0700 [DEBUG] [org.gradle.launcher.daemon.server.DefaultIncomingConnectionHandler] Finishing executing command: Build{id=9a3d748b-ab55-4111-9f62-963d2338281a, currentDir=F:\Project\22IT343_NguynnhAnhV}
2024-04-07T16:52:30.795+0700 [DEBUG] [org.gradle.launcher.daemon.server.SynchronizedDispatchConnection] thread 22: received class org.gradle.launcher.daemon.protocol.Finished
2024-04-07T16:52:30.795+0700 [DEBUG] [org.gradle.launcher.daemon.server.DefaultDaemonConnection] thread 22: Received non-IO message from client: org.gradle.launcher.daemon.protocol.Finished@7cf850a4
2024-04-07T16:52:30.795+0700 [DEBUG] [org.gradle.launcher.daemon.server.DefaultIncomingConnectionHandler] Received finished message: org.gradle.launcher.daemon.protocol.Finished@7cf850a4
2024-04-07T16:52:30.795+0700 [DEBUG] [org.gradle.launcher.daemon.server.SynchronizedDispatchConnection] thread 21: stopping connection
2024-04-07T16:52:30.796+0700 [DEBUG] [org.gradle.internal.remote.internal.inet.SocketConnection] Discarding EOFException: java.io.EOFException
2024-04-07T16:52:30.796+0700 [DEBUG] [org.gradle.launcher.daemon.server.SynchronizedDispatchConnection] thread 22: received null
2024-04-07T16:52:30.796+0700 [DEBUG] [org.gradle.launcher.daemon.server.DefaultDaemonConnection] thread 22: Received end-of-input from client.
2024-04-07T16:52:30.796+0700 [DEBUG] [org.gradle.launcher.daemon.server.SynchronizedDispatchConnection] thread 21: stopping connection
2024-04-07T16:52:35.083+0700 [DEBUG] [org.gradle.process.internal.health.memory.DefaultMemoryManager] 840307097 memory requested, 604151808 free
2024-04-07T16:52:35.083+0700 [DEBUG] [org.gradle.workers.internal.WorkerDaemonExpiration] Will attempt to release 801 of memory
2024-04-07T16:52:35.083+0700 [DEBUG] [org.gradle.process.internal.health.memory.DefaultMemoryManager] 840307097 memory requested, 0 released, 604151808 free
2024-04-07T16:52:40.096+0700 [DEBUG] [org.gradle.process.internal.health.memory.DefaultMemoryManager] 840307097 memory requested, 673558528 free
2024-04-07T16:52:40.096+0700 [DEBUG] [org.gradle.workers.internal.WorkerDaemonExpiration] Will attempt to release 801 of memory
2024-04-07T16:52:40.096+0700 [DEBUG] [org.gradle.process.internal.health.memory.DefaultMemoryManager] 840307097 memory requested, 0 released, 673558528 free
2024-04-07T16:52:40.788+0700 [DEBUG] [org.gradle.cache.internal.DefaultFileLockManager] Waiting to acquire shared lock on daemon addresses registry.
2024-04-07T16:52:40.788+0700 [DEBUG] [org.gradle.cache.internal.DefaultFileLockManager] Lock acquired on daemon addresses registry.
2024-04-07T16:52:40.788+0700 [DEBUG] [org.gradle.cache.internal.DefaultFileLockManager] Releasing lock on daemon addresses registry.
2024-04-07T16:52:40.789+0700 [DEBUG] [org.gradle.cache.internal.DefaultFileLockManager] Waiting to acquire shared lock on daemon addresses registry.
2024-04-07T16:52:40.789+0700 [DEBUG] [org.gradle.cache.internal.DefaultFileLockManager] Lock acquired on daemon addresses registry.
2024-04-07T16:52:40.789+0700 [DEBUG] [org.gradle.cache.internal.DefaultFileLockManager] Releasing lock on daemon addresses registry.
2024-04-07T16:52:45.085+0700 [DEBUG] [org.gradle.process.internal.health.memory.DefaultMemoryManager] 840307097 memory requested, 661950464 free
2024-04-07T16:52:45.085+0700 [DEBUG] [org.gradle.workers.internal.WorkerDaemonExpiration] Will attempt to release 801 of memory
2024-04-07T16:52:45.085+0700 [DEBUG] [org.gradle.process.internal.health.memory.DefaultMemoryManager] 840307097 memory requested, 0 released, 661950464 free
2024-04-07T16:52:50.085+0700 [DEBUG] [org.gradle.process.internal.health.memory.DefaultMemoryManager] 840307097 memory requested, 665755648 free
2024-04-07T16:52:50.085+0700 [DEBUG] [org.gradle.workers.internal.WorkerDaemonExpiration] Will attempt to release 801 of memory
2024-04-07T16:52:50.086+0700 [DEBUG] [org.gradle.process.internal.health.memory.DefaultMemoryManager] 840307097 memory requested, 0 released, 665755648 free
2024-04-07T16:52:50.772+0700 [DEBUG] [org.gradle.cache.internal.DefaultFileLockManager] Waiting to acquire shared lock on daemon addresses registry.
2024-04-07T16:52:50.773+0700 [DEBUG] [org.gradle.cache.internal.DefaultFileLockManager] Lock acquired on daemon addresses registry.
2024-04-07T16:52:50.773+0700 [DEBUG] [org.gradle.cache.internal.DefaultFileLockManager] Releasing lock on daemon addresses registry.
2024-04-07T16:52:50.773+0700 [DEBUG] [org.gradle.cache.internal.DefaultFileLockManager] Waiting to acquire shared lock on daemon addresses registry.
2024-04-07T16:52:50.773+0700 [DEBUG] [org.gradle.cache.internal.DefaultFileLockManager] Lock acquired on daemon addresses registry.
2024-04-07T16:52:50.774+0700 [DEBUG] [org.gradle.cache.internal.DefaultFileLockManager] Releasing lock on daemon addresses registry.
2024-04-07T16:52:50.774+0700 [DEBUG] [org.gradle.cache.internal.DefaultFileLockManager] Waiting to acquire shared lock on daemon addresses registry.
2024-04-07T16:52:50.774+0700 [DEBUG] [org.gradle.cache.internal.DefaultFileLockManager] Lock acquired on daemon addresses registry.
2024-04-07T16:52:50.774+0700 [DEBUG] [org.gradle.cache.internal.DefaultFileLockManager] Releasing lock on daemon addresses registry.
2024-04-07T16:52:55.085+0700 [DEBUG] [org.gradle.process.internal.health.memory.DefaultMemoryManager] 840307097 memory requested, 638464000 free
2024-04-07T16:52:55.085+0700 [DEBUG] [org.gradle.workers.internal.WorkerDaemonExpiration] Will attempt to release 801 of memory
2024-04-07T16:52:55.085+0700 [DEBUG] [org.gradle.process.internal.health.memory.DefaultMemoryManager] 840307097 memory requested, 0 released, 638464000 free
2024-04-07T16:53:00.085+0700 [DEBUG] [org.gradle.process.internal.health.memory.DefaultMemoryManager] 840307097 memory requested, 751144960 free
2024-04-07T16:53:00.086+0700 [DEBUG] [org.gradle.workers.internal.WorkerDaemonExpiration] Will attempt to release 801 of memory
2024-04-07T16:53:00.086+0700 [DEBUG] [org.gradle.process.internal.health.memory.DefaultMemoryManager] 840307097 memory requested, 0 released, 751144960 free
2024-04-07T16:53:00.788+0700 [DEBUG] [org.gradle.cache.internal.DefaultFileLockManager] Waiting to acquire shared lock on daemon addresses registry.
2024-04-07T16:53:00.788+0700 [DEBUG] [org.gradle.cache.internal.DefaultFileLockManager] Lock acquired on daemon addresses registry.
2024-04-07T16:53:00.788+0700 [DEBUG] [org.gradle.cache.internal.DefaultFileLockManager] Releasing lock on daemon addresses registry.
2024-04-07T16:53:00.789+0700 [DEBUG] [org.gradle.cache.internal.DefaultFileLockManager] Waiting to acquire shared lock on daemon addresses registry.
2024-04-07T16:53:00.789+0700 [DEBUG] [org.gradle.cache.internal.DefaultFileLockManager] Lock acquired on daemon addresses registry.
2024-04-07T16:53:00.789+0700 [DEBUG] [org.gradle.cache.internal.DefaultFileLockManager] Releasing lock on daemon addresses registry.
2024-04-07T16:53:00.789+0700 [DEBUG] [org.gradle.cache.internal.DefaultFileLockManager] Waiting to acquire shared lock on daemon addresses registry.
2024-04-07T16:53:00.789+0700 [DEBUG] [org.gradle.cache.internal.DefaultFileLockManager] Lock acquired on daemon addresses registry.
2024-04-07T16:53:00.790+0700 [DEBUG] [org.gradle.cache.internal.DefaultFileLockManager] Releasing lock on daemon addresses registry.
2024-04-07T16:53:05.097+0700 [DEBUG] [org.gradle.process.internal.health.memory.DefaultMemoryManager] 840307097 memory requested, 749867008 free
2024-04-07T16:53:05.097+0700 [DEBUG] [org.gradle.workers.internal.WorkerDaemonExpiration] Will attempt to release 801 of memory
2024-04-07T16:53:05.097+0700 [DEBUG] [org.gradle.process.internal.health.memory.DefaultMemoryManager] 840307097 memory requested, 0 released, 749867008 free
2024-04-07T16:53:10.098+0700 [DEBUG] [org.gradle.process.internal.health.memory.DefaultMemoryManager] 840307097 memory requested, 733757440 free
2024-04-07T16:53:10.098+0700 [DEBUG] [org.gradle.workers.internal.WorkerDaemonExpiration] Will attempt to release 801 of memory
2024-04-07T16:53:10.098+0700 [DEBUG] [org.gradle.process.internal.health.memory.DefaultMemoryManager] 840307097 memory requested, 0 released, 733757440 free
2024-04-07T16:53:10.783+0700 [DEBUG] [org.gradle.cache.internal.DefaultFileLockManager] Waiting to acquire shared lock on daemon addresses registry.
2024-04-07T16:53:10.784+0700 [DEBUG] [org.gradle.cache.internal.DefaultFileLockManager] Lock acquired on daemon addresses registry.
2024-04-07T16:53:10.784+0700 [DEBUG] [org.gradle.cache.internal.DefaultFileLockManager] Releasing lock on daemon addresses registry.
2024-04-07T16:53:10.785+0700 [DEBUG] [org.gradle.cache.internal.DefaultFileLockManager] Waiting to acquire shared lock on daemon addresses registry.
2024-04-07T16:53:10.785+0700 [DEBUG] [org.gradle.cache.internal.DefaultFileLockManager] Lock acquired on daemon addresses registry.
2024-04-07T16:53:10.785+0700 [DEBUG] [org.gradle.cache.internal.DefaultFileLockManager] Releasing lock on daemon addresses registry.
2024-04-07T16:53:10.785+0700 [DEBUG] [org.gradle.cache.internal.DefaultFileLockManager] Waiting to acquire shared lock on daemon addresses registry.
2024-04-07T16:53:10.785+0700 [DEBUG] [org.gradle.cache.internal.DefaultFileLockManager] Lock acquired on daemon addresses registry.
2024-04-07T16:53:10.785+0700 [DEBUG] [org.gradle.cache.internal.DefaultFileLockManager] Releasing lock on daemon addresses registry.
2024-04-07T16:53:15.097+0700 [DEBUG] [org.gradle.process.internal.health.memory.DefaultMemoryManager] 840307097 memory requested, 759169024 free
2024-04-07T16:53:15.097+0700 [DEBUG] [org.gradle.workers.internal.WorkerDaemonExpiration] Will attempt to release 801 of memory
2024-04-07T16:53:15.097+0700 [DEBUG] [org.gradle.process.internal.health.memory.DefaultMemoryManager] 840307097 memory requested, 0 released, 759169024 free
2024-04-07T16:53:20.096+0700 [DEBUG] [org.gradle.process.internal.health.memory.DefaultMemoryManager] 840307097 memory requested, 634163200 free
2024-04-07T16:53:20.096+0700 [DEBUG] [org.gradle.workers.internal.WorkerDaemonExpiration] Will attempt to release 801 of memory
2024-04-07T16:53:20.096+0700 [DEBUG] [org.gradle.process.internal.health.memory.DefaultMemoryManager] 840307097 memory requested, 0 released, 634163200 free
2024-04-07T16:53:20.780+0700 [DEBUG] [org.gradle.cache.internal.DefaultFileLockManager] Waiting to acquire shared lock on daemon addresses registry.
2024-04-07T16:53:20.780+0700 [DEBUG] [org.gradle.cache.internal.DefaultFileLockManager] Lock acquired on daemon addresses registry.
2024-04-07T16:53:20.780+0700 [DEBUG] [org.gradle.cache.internal.DefaultFileLockManager] Releasing lock on daemon addresses registry.
2024-04-07T16:53:20.780+0700 [DEBUG] [org.gradle.cache.internal.DefaultFileLockManager] Waiting to acquire shared lock on daemon addresses registry.
2024-04-07T16:53:20.781+0700 [DEBUG] [org.gradle.cache.internal.DefaultFileLockManager] Lock acquired on daemon addresses registry.
2024-04-07T16:53:20.781+0700 [DEBUG] [org.gradle.cache.internal.DefaultFileLockManager] Releasing lock on daemon addresses registry.
2024-04-07T16:53:20.781+0700 [DEBUG] [org.gradle.cache.internal.DefaultFileLockManager] Waiting to acquire shared lock on daemon addresses registry.
2024-04-07T16:53:20.781+0700 [DEBUG] [org.gradle.cache.internal.DefaultFileLockManager] Lock acquired on daemon addresses registry.
2024-04-07T16:53:20.781+0700 [DEBUG] [org.gradle.cache.internal.DefaultFileLockManager] Releasing lock on daemon addresses registry.
2024-04-07T16:53:25.083+0700 [DEBUG] [org.gradle.process.internal.health.memory.DefaultMemoryManager] 840307097 memory requested, 589316096 free
2024-04-07T16:53:25.084+0700 [DEBUG] [org.gradle.workers.internal.WorkerDaemonExpiration] Will attempt to release 801 of memory
2024-04-07T16:53:25.084+0700 [DEBUG] [org.gradle.process.internal.health.memory.DefaultMemoryManager] 840307097 memory requested, 0 released, 589316096 free
2024-04-07T16:53:30.093+0700 [DEBUG] [org.gradle.process.internal.health.memory.DefaultMemoryManager] 840307097 memory requested, 617431040 free
2024-04-07T16:53:30.093+0700 [DEBUG] [org.gradle.workers.internal.WorkerDaemonExpiration] Will attempt to release 801 of memory
2024-04-07T16:53:30.093+0700 [DEBUG] [org.gradle.process.internal.health.memory.DefaultMemoryManager] 840307097 memory requested, 0 released, 617431040 free
2024-04-07T16:53:30.779+0700 [DEBUG] [org.gradle.cache.internal.DefaultFileLockManager] Waiting to acquire shared lock on daemon addresses registry.
2024-04-07T16:53:30.779+0700 [DEBUG] [org.gradle.cache.internal.DefaultFileLockManager] Lock acquired on daemon addresses registry.
2024-04-07T16:53:30.780+0700 [DEBUG] [org.gradle.cache.internal.DefaultFileLockManager] Releasing lock on daemon addresses registry.
2024-04-07T16:53:30.780+0700 [DEBUG] [org.gradle.cache.internal.DefaultFileLockManager] Waiting to acquire shared lock on daemon addresses registry.
2024-04-07T16:53:30.780+0700 [DEBUG] [org.gradle.cache.internal.DefaultFileLockManager] Lock acquired on daemon addresses registry.
2024-04-07T16:53:30.780+0700 [DEBUG] [org.gradle.cache.internal.DefaultFileLockManager] Releasing lock on daemon addresses registry.
2024-04-07T16:53:30.781+0700 [DEBUG] [org.gradle.cache.internal.DefaultFileLockManager] Waiting to acquire shared lock on daemon addresses registry.
2024-04-07T16:53:30.781+0700 [DEBUG] [org.gradle.cache.internal.DefaultFileLockManager] Lock acquired on daemon addresses registry.
2024-04-07T16:53:30.781+0700 [DEBUG] [org.gradle.cache.internal.DefaultFileLockManager] Releasing lock on daemon addresses registry.
2024-04-07T16:53:35.086+0700 [DEBUG] [org.gradle.process.internal.health.memory.DefaultMemoryManager] 840307097 memory requested, 626237440 free
2024-04-07T16:53:35.086+0700 [DEBUG] [org.gradle.workers.internal.WorkerDaemonExpiration] Will attempt to release 801 of memory
2024-04-07T16:53:35.086+0700 [DEBUG] [org.gradle.process.internal.health.memory.DefaultMemoryManager] 840307097 memory requested, 0 released, 626237440 free
2024-04-07T16:53:40.094+0700 [DEBUG] [org.gradle.process.internal.health.memory.DefaultMemoryManager] 840307097 memory requested, 654225408 free
2024-04-07T16:53:40.095+0700 [DEBUG] [org.gradle.workers.internal.WorkerDaemonExpiration] Will attempt to release 801 of memory
2024-04-07T16:53:40.095+0700 [DEBUG] [org.gradle.process.internal.health.memory.DefaultMemoryManager] 840307097 memory requested, 0 released, 654225408 free
2024-04-07T16:53:40.780+0700 [DEBUG] [org.gradle.cache.internal.DefaultFileLockManager] Waiting to acquire shared lock on daemon addresses registry.
2024-04-07T16:53:40.780+0700 [DEBUG] [org.gradle.cache.internal.DefaultFileLockManager] Lock acquired on daemon addresses registry.
2024-04-07T16:53:40.780+0700 [DEBUG] [org.gradle.cache.internal.DefaultFileLockManager] Releasing lock on daemon addresses registry.
2024-04-07T16:53:40.781+0700 [DEBUG] [org.gradle.cache.internal.DefaultFileLockManager] Waiting to acquire shared lock on daemon addresses registry.
2024-04-07T16:53:40.781+0700 [DEBUG] [org.gradle.cache.internal.DefaultFileLockManager] Lock acquired on daemon addresses registry.
2024-04-07T16:53:40.781+0700 [DEBUG] [org.gradle.cache.internal.DefaultFileLockManager] Releasing lock on daemon addresses registry.
2024-04-07T16:53:40.781+0700 [DEBUG] [org.gradle.cache.internal.DefaultFileLockManager] Waiting to acquire shared lock on daemon addresses registry.
2024-04-07T16:53:40.781+0700 [DEBUG] [org.gradle.cache.internal.DefaultFileLockManager] Lock acquired on daemon addresses registry.
2024-04-07T16:53:40.781+0700 [DEBUG] [org.gradle.cache.internal.DefaultFileLockManager] Releasing lock on daemon addresses registry.
2024-04-07T16:53:45.090+0700 [DEBUG] [org.gradle.process.internal.health.memory.DefaultMemoryManager] 840307097 memory requested, 654807040 free
2024-04-07T16:53:45.090+0700 [DEBUG] [org.gradle.workers.internal.WorkerDaemonExpiration] Will attempt to release 801 of memory
2024-04-07T16:53:45.090+0700 [DEBUG] [org.gradle.process.internal.health.memory.DefaultMemoryManager] 840307097 memory requested, 0 released, 654807040 free
2024-04-07T16:53:50.085+0700 [DEBUG] [org.gradle.process.internal.health.memory.DefaultMemoryManager] 840307097 memory requested, 600985600 free
2024-04-07T16:53:50.086+0700 [DEBUG] [org.gradle.workers.internal.WorkerDaemonExpiration] Will attempt to release 801 of memory
2024-04-07T16:53:50.086+0700 [DEBUG] [org.gradle.process.internal.health.memory.DefaultMemoryManager] 840307097 memory requested, 0 released, 600985600 free
2024-04-07T16:53:50.773+0700 [DEBUG] [org.gradle.cache.internal.DefaultFileLockManager] Waiting to acquire shared lock on daemon addresses registry.
2024-04-07T16:53:50.773+0700 [DEBUG] [org.gradle.cache.internal.DefaultFileLockManager] Lock acquired on daemon addresses registry.
2024-04-07T16:53:50.774+0700 [DEBUG] [org.gradle.cache.internal.DefaultFileLockManager] Releasing lock on daemon addresses registry.
2024-04-07T16:53:50.774+0700 [DEBUG] [org.gradle.cache.internal.DefaultFileLockManager] Waiting to acquire shared lock on daemon addresses registry.
2024-04-07T16:53:50.775+0700 [DEBUG] [org.gradle.cache.internal.DefaultFileLockManager] Lock acquired on daemon addresses registry.
2024-04-07T16:53:50.775+0700 [DEBUG] [org.gradle.cache.internal.DefaultFileLockManager] Releasing lock on daemon addresses registry.
2024-04-07T16:53:50.775+0700 [DEBUG] [org.gradle.cache.internal.DefaultFileLockManager] Waiting to acquire shared lock on daemon addresses registry.
2024-04-07T16:53:50.775+0700 [DEBUG] [org.gradle.cache.internal.DefaultFileLockManager] Lock acquired on daemon addresses registry.
2024-04-07T16:53:50.776+0700 [DEBUG] [org.gradle.cache.internal.DefaultFileLockManager] Releasing lock on daemon addresses registry.
2024-04-07T16:53:55.094+0700 [DEBUG] [org.gradle.process.internal.health.memory.DefaultMemoryManager] 840307097 memory requested, 611270656 free
2024-04-07T16:53:55.094+0700 [DEBUG] [org.gradle.workers.internal.WorkerDaemonExpiration] Will attempt to release 801 of memory
2024-04-07T16:53:55.094+0700 [DEBUG] [org.gradle.process.internal.health.memory.DefaultMemoryManager] 840307097 memory requested, 0 released, 611270656 free
2024-04-07T16:53:55.422+0700 [DEBUG] [org.gradle.internal.remote.internal.inet.TcpIncomingConnector] Accepted connection from /127.0.0.1:50011 to /127.0.0.1:49966.
2024-04-07T16:53:55.427+0700 [DEBUG] [org.gradle.launcher.daemon.server.SynchronizedDispatchConnection] thread 203: received class org.gradle.launcher.daemon.protocol.StopWhenIdle
2024-04-07T16:53:55.427+0700 [DEBUG] [org.gradle.launcher.daemon.server.DefaultDaemonConnection] thread 203: Received non-IO message from client: StopWhenIdle[id=fa98c387-269f-4900-8f5d-1b81b2de4ed6]
2024-04-07T16:53:55.427+0700 [INFO] [org.gradle.launcher.daemon.server.DefaultIncomingConnectionHandler] Received command: StopWhenIdle[id=fa98c387-269f-4900-8f5d-1b81b2de4ed6].
2024-04-07T16:53:55.427+0700 [DEBUG] [org.gradle.launcher.daemon.server.DefaultIncomingConnectionHandler] Starting executing command: StopWhenIdle[id=fa98c387-269f-4900-8f5d-1b81b2de4ed6] with connection: socket connection from /127.0.0.1:49966 to /127.0.0.1:50011.
2024-04-07T16:53:55.427+0700 [DEBUG] [org.gradle.launcher.daemon.server.DaemonRegistryUpdater] Storing daemon stop event: stop command received
2024-04-07T16:53:55.428+0700 [DEBUG] [org.gradle.launcher.daemon.registry.PersistentDaemonRegistry] Storing daemon stop event with timestamp 1712483635427
2024-04-07T16:53:55.429+0700 [DEBUG] [org.gradle.cache.internal.DefaultFileLockManager] Waiting to acquire exclusive lock on daemon addresses registry.
2024-04-07T16:53:55.429+0700 [DEBUG] [org.gradle.cache.internal.DefaultFileLockManager] Lock acquired on daemon addresses registry.
2024-04-07T16:53:55.430+0700 [DEBUG] [org.gradle.cache.internal.DefaultFileLockManager] Releasing lock on daemon addresses registry.
2024-04-07T16:53:55.430+0700 [LIFECYCLE] [org.gradle.launcher.daemon.server.DaemonStateCoordinator] Daemon will be stopped at the end of the build stop command received
2024-04-07T16:53:55.430+0700 [DEBUG] [org.gradle.launcher.daemon.server.DaemonStateCoordinator] Marking daemon stopped due to stop command received. The daemon is running a build: false
2024-04-07T16:53:55.430+0700 [DEBUG] [org.gradle.launcher.daemon.server.DaemonStateCoordinator] daemon has stopped.
2024-04-07T16:53:55.430+0700 [DEBUG] [org.gradle.launcher.daemon.server.SynchronizedDispatchConnection] thread 202: dispatching Success[value=null]
2024-04-07T16:53:55.430+0700 [DEBUG] [org.gradle.launcher.daemon.server.Daemon] stop() called on daemon
2024-04-07T16:53:55.431+0700 [INFO] [org.gradle.launcher.daemon.server.Daemon] Stop requested. Daemon is removing its presence from the registry...
2024-04-07T16:53:55.431+0700 [DEBUG] [org.gradle.launcher.daemon.server.DefaultIncomingConnectionHandler] Finishing executing command: StopWhenIdle[id=fa98c387-269f-4900-8f5d-1b81b2de4ed6]
2024-04-07T16:53:55.431+0700 [DEBUG] [org.gradle.launcher.daemon.server.DaemonRegistryUpdater] Removing our presence to clients, eg. removing this address from the registry: [ffc08f9d-cfa1-44b9-9949-ec2ef7de3b34 port:49966, addresses:[localhost/127.0.0.1]]
2024-04-07T16:53:55.431+0700 [DEBUG] [org.gradle.launcher.daemon.server.SynchronizedDispatchConnection] thread 203: received class org.gradle.launcher.daemon.protocol.Finished
2024-04-07T16:53:55.431+0700 [DEBUG] [org.gradle.launcher.daemon.registry.PersistentDaemonRegistry] Removing daemon address: [ffc08f9d-cfa1-44b9-9949-ec2ef7de3b34 port:49966, addresses:[localhost/127.0.0.1]]
2024-04-07T16:53:55.431+0700 [DEBUG] [org.gradle.launcher.daemon.server.DefaultDaemonConnection] thread 203: Received non-IO message from client: org.gradle.launcher.daemon.protocol.Finished@20c1fcb0
2024-04-07T16:53:55.431+0700 [DEBUG] [org.gradle.launcher.daemon.server.DefaultIncomingConnectionHandler] Received finished message: org.gradle.launcher.daemon.protocol.Finished@20c1fcb0
2024-04-07T16:53:55.431+0700 [DEBUG] [org.gradle.internal.remote.internal.inet.SocketConnection] Discarding EOFException: java.io.EOFException
2024-04-07T16:53:55.431+0700 [DEBUG] [org.gradle.launcher.daemon.server.SynchronizedDispatchConnection] thread 202: stopping connection
2024-04-07T16:53:55.431+0700 [DEBUG] [org.gradle.launcher.daemon.server.SynchronizedDispatchConnection] thread 203: received null
2024-04-07T16:53:55.432+0700 [DEBUG] [org.gradle.launcher.daemon.server.DefaultDaemonConnection] thread 203: Received end-of-input from client.
2024-04-07T16:53:55.432+0700 [DEBUG] [org.gradle.launcher.daemon.server.SynchronizedDispatchConnection] thread 202: stopping connection
2024-04-07T16:53:55.432+0700 [DEBUG] [org.gradle.cache.internal.DefaultFileLockManager] Waiting to acquire exclusive lock on daemon addresses registry.
2024-04-07T16:53:55.432+0700 [DEBUG] [org.gradle.cache.internal.DefaultFileLockManager] Lock acquired on daemon addresses registry.
2024-04-07T16:53:55.433+0700 [DEBUG] [org.gradle.cache.internal.DefaultFileLockManager] Releasing lock on daemon addresses registry.
2024-04-07T16:53:55.434+0700 [DEBUG] [org.gradle.launcher.daemon.server.DaemonRegistryUpdater] Address removed from registry.
2024-04-07T16:53:55.435+0700 [DEBUG] [org.gradle.cache.internal.LockOnDemandCrossProcessCacheAccess] Releasing file lock for jars (F:\Project\22IT343_NguynnhAnhV\caches\jars-9)
2024-04-07T16:53:55.435+0700 [DEBUG] [org.gradle.cache.internal.DefaultFileLockManager] Releasing lock on jars (F:\Project\22IT343_NguynnhAnhV\caches\jars-9).
2024-04-07T16:53:55.436+0700 [DEBUG] [org.gradle.cache.internal.DefaultPersistentDirectoryStore] jars (F:\Project\22IT343_NguynnhAnhV\caches\jars-9) has last been fully cleaned up 22 hours ago
2024-04-07T16:53:55.436+0700 [DEBUG] [org.gradle.cache.internal.LockOnDemandCrossProcessCacheAccess] Releasing file lock for Artifact transforms cache (F:\Project\22IT343_NguynnhAnhV\caches\transforms-3)
2024-04-07T16:53:55.436+0700 [DEBUG] [org.gradle.cache.internal.DefaultFileLockManager] Releasing lock on Artifact transforms cache (F:\Project\22IT343_NguynnhAnhV\caches\transforms-3).
2024-04-07T16:53:55.437+0700 [DEBUG] [org.gradle.cache.internal.DefaultPersistentDirectoryStore] Artifact transforms cache (F:\Project\22IT343_NguynnhAnhV\caches\transforms-3) has last been fully cleaned up 22 hours ago
2024-04-07T16:53:55.437+0700 [DEBUG] [org.gradle.cache.internal.LockOnDemandCrossProcessCacheAccess] Releasing file lock for kotlin-dsl (F:\Project\22IT343_NguynnhAnhV\caches\8.2\kotlin-dsl)
2024-04-07T16:53:55.437+0700 [DEBUG] [org.gradle.cache.internal.btree.BTreePersistentIndexedCache] Closing cache executionHistory.bin (F:\Project\22IT343_NguynnhAnhV\caches\8.2\kotlin-dsl\executionHistory.bin)
2024-04-07T16:53:55.438+0700 [DEBUG] [org.gradle.cache.internal.DefaultFileLockManager] Releasing lock on kotlin-dsl (F:\Project\22IT343_NguynnhAnhV\caches\8.2\kotlin-dsl).
2024-04-07T16:53:55.438+0700 [DEBUG] [org.gradle.cache.internal.DefaultPersistentDirectoryStore] kotlin-dsl (F:\Project\22IT343_NguynnhAnhV\caches\8.2\kotlin-dsl) has last been fully cleaned up 22 hours ago
2024-04-07T16:53:55.445+0700 [DEBUG] [org.gradle.cache.internal.LockOnDemandCrossProcessCacheAccess] Releasing file lock for file content cache (F:\Project\22IT343_NguynnhAnhV\caches\8.2\fileContent)
2024-04-07T16:53:55.446+0700 [DEBUG] [org.gradle.cache.internal.DefaultFileLockManager] Releasing lock on file content cache (F:\Project\22IT343_NguynnhAnhV\caches\8.2\fileContent).
2024-04-07T16:53:55.446+0700 [DEBUG] [org.gradle.internal.watch.vfs.impl.WatchingVirtualFileSystem] Closing VFS, dropping state
2024-04-07T16:53:55.447+0700 [DEBUG] [org.gradle.cache.internal.LockOnDemandCrossProcessCacheAccess] Releasing file lock for Generated Gradle JARs cache (F:\Project\22IT343_NguynnhAnhV\caches\8.2\generated-gradle-jars)
2024-04-07T16:53:55.447+0700 [DEBUG] [org.gradle.internal.watch.registry.impl.DefaultFileWatcherRegistry] Finished listening to file system change events
2024-04-07T16:53:55.447+0700 [DEBUG] [org.gradle.cache.internal.DefaultFileLockManager] Releasing lock on Generated Gradle JARs cache (F:\Project\22IT343_NguynnhAnhV\caches\8.2\generated-gradle-jars).
2024-04-07T16:53:55.447+0700 [DEBUG] [org.gradle.cache.internal.LockOnDemandCrossProcessCacheAccess] Releasing file lock for artifact cache (F:\Project\22IT343_NguynnhAnhV\caches\modules-2)
2024-04-07T16:53:55.447+0700 [DEBUG] [org.gradle.cache.internal.btree.BTreePersistentIndexedCache] Closing cache module-artifact.bin (F:\Project\22IT343_NguynnhAnhV\caches\modules-2\metadata-2.106\module-artifact.bin)
2024-04-07T16:53:55.448+0700 [DEBUG] [org.gradle.cache.internal.btree.BTreePersistentIndexedCache] Closing cache module-metadata.bin (F:\Project\22IT343_NguynnhAnhV\caches\modules-2\metadata-2.106\module-metadata.bin)
2024-04-07T16:53:55.448+0700 [DEBUG] [org.gradle.cache.internal.DefaultFileLockManager] Releasing lock on artifact cache (F:\Project\22IT343_NguynnhAnhV\caches\modules-2).
2024-04-07T16:53:55.448+0700 [DEBUG] [org.gradle.cache.internal.DefaultPersistentDirectoryStore] artifact cache (F:\Project\22IT343_NguynnhAnhV\caches\modules-2) has last been fully cleaned up 22 hours ago
2024-04-07T16:53:55.448+0700 [DEBUG] [org.gradle.cache.internal.LockOnDemandCrossProcessCacheAccess] Releasing file lock for journal cache (F:\Project\22IT343_NguynnhAnhV\caches\journal-1)
2024-04-07T16:53:55.448+0700 [DEBUG] [org.gradle.cache.internal.btree.BTreePersistentIndexedCache] Closing cache file-access.bin (F:\Project\22IT343_NguynnhAnhV\caches\journal-1\file-access.bin)
2024-04-07T16:53:55.449+0700 [DEBUG] [org.gradle.cache.internal.DefaultFileLockManager] Releasing lock on journal cache (F:\Project\22IT343_NguynnhAnhV\caches\journal-1).
2024-04-07T16:53:55.449+0700 [DEBUG] [org.gradle.cache.internal.LockOnDemandCrossProcessCacheAccess] Releasing file lock for file hash cache (F:\Project\22IT343_NguynnhAnhV\caches\8.2\fileHashes)
2024-04-07T16:53:55.449+0700 [DEBUG] [org.gradle.cache.internal.btree.BTreePersistentIndexedCache] Closing cache fileHashes.bin (F:\Project\22IT343_NguynnhAnhV\caches\8.2\fileHashes\fileHashes.bin)
2024-04-07T16:53:55.449+0700 [DEBUG] [org.gradle.cache.internal.btree.BTreePersistentIndexedCache] Closing cache resourceHashesCache.bin (F:\Project\22IT343_NguynnhAnhV\caches\8.2\fileHashes\resourceHashesCache.bin)
2024-04-07T16:53:55.449+0700 [DEBUG] [org.gradle.cache.internal.DefaultFileLockManager] Releasing lock on file hash cache (F:\Project\22IT343_NguynnhAnhV\caches\8.2\fileHashes).
2024-04-07T16:53:55.450+0700 [DEBUG] [org.gradle.cache.internal.LockOnDemandCrossProcessCacheAccess] Releasing file lock for execution history cache (F:\Project\22IT343_NguynnhAnhV\caches\8.2\executionHistory)
2024-04-07T16:53:55.450+0700 [DEBUG] [org.gradle.cache.internal.btree.BTreePersistentIndexedCache] Closing cache executionHistory.bin (F:\Project\22IT343_NguynnhAnhV\caches\8.2\executionHistory\executionHistory.bin)
2024-04-07T16:53:55.450+0700 [DEBUG] [org.gradle.cache.internal.DefaultFileLockManager] Releasing lock on execution history cache (F:\Project\22IT343_NguynnhAnhV\caches\8.2\executionHistory).
Daemon vm is shutting down... The daemon has exited normally or was terminated in response to a user interrupt.
2024-04-07T16:53:55.451+0700 [DEBUG] [org.gradle.launcher.daemon.registry.PersistentDaemonRegistry] Removing daemon address: [ffc08f9d-cfa1-44b9-9949-ec2ef7de3b34 port:49966, addresses:[localhost/127.0.0.1]]
2024-04-07T16:53:55.452+0700 [DEBUG] [org.gradle.cache.internal.DefaultFileLockManager] Waiting to acquire exclusive lock on daemon addresses registry.
2024-04-07T16:53:55.452+0700 [DEBUG] [org.gradle.cache.internal.DefaultFileLockManager] Lock acquired on daemon addresses registry.
2024-04-07T16:53:55.452+0700 [DEBUG] [org.gradle.cache.internal.DefaultFileLockManager] Releasing lock on daemon addresses registry.
