2024-04-06T18:23:25.040+0700 [DEBUG] [org.gradle.launcher.daemon.bootstrap.DaemonMain] Assuming the daemon was started with following jvm opts: [--add-opens=java.base/java.util=ALL-UNNAMED, --add-opens=java.base/java.lang=ALL-UNNAMED, --add-opens=java.base/java.lang.invoke=ALL-UNNAMED, --add-opens=java.prefs/java.util.prefs=ALL-UNNAMED, --add-opens=java.base/java.nio.charset=ALL-UNNAMED, --add-opens=java.base/java.net=ALL-UNNAMED, --add-opens=java.base/java.util.concurrent.atomic=ALL-UNNAMED, -Xmx2048m, -Dfile.encoding=UTF-8, -Duser.country=US, -Duser.language=en, -Duser.variant]
2024-04-06T18:23:25.167+0700 [DEBUG] [org.gradle.internal.nativeintegration.services.NativeServices] Native-platform posix files integration is not available. Continuing with fallback.
2024-04-06T18:23:25.178+0700 [INFO] [org.gradle.launcher.daemon.server.Daemon] start() called on daemon - DefaultDaemonContext[uid=4181a171-72c7-4f5f-9e71-01774b91b2e7,javaHome=F:\Android\jbr,daemonRegistryDir=F:\Project\22IT343_NguynnhAnhV\daemon,pid=6496,idleTimeout=10800000,priority=NORMAL,applyInstrumentationAgent=true,daemonOpts=--add-opens=java.base/java.util=ALL-UNNAMED,--add-opens=java.base/java.lang=ALL-UNNAMED,--add-opens=java.base/java.lang.invoke=ALL-UNNAMED,--add-opens=java.prefs/java.util.prefs=ALL-UNNAMED,--add-opens=java.base/java.nio.charset=ALL-UNNAMED,--add-opens=java.base/java.net=ALL-UNNAMED,--add-opens=java.base/java.util.concurrent.atomic=ALL-UNNAMED,-Xmx2048m,-Dfile.encoding=UTF-8,-Duser.country=US,-Duser.language=en,-Duser.variant]
2024-04-06T18:23:25.251+0700 [DEBUG] [org.gradle.internal.remote.internal.inet.InetAddresses] Adding IP addresses for network interface Software Loopback Interface 1
2024-04-06T18:23:25.252+0700 [DEBUG] [org.gradle.internal.remote.internal.inet.InetAddresses] Is this a loopback interface? true
2024-04-06T18:23:25.253+0700 [DEBUG] [org.gradle.internal.remote.internal.inet.InetAddresses] Adding loopback address /127.0.0.1
2024-04-06T18:23:25.253+0700 [DEBUG] [org.gradle.internal.remote.internal.inet.InetAddresses] Adding loopback address /0:0:0:0:0:0:0:1
2024-04-06T18:23:25.254+0700 [DEBUG] [org.gradle.internal.remote.internal.inet.InetAddresses] Adding IP addresses for network interface Microsoft 6to4 Adapter
2024-04-06T18:23:25.255+0700 [DEBUG] [org.gradle.internal.remote.internal.inet.InetAddresses] Is this a loopback interface? false
2024-04-06T18:23:25.256+0700 [DEBUG] [org.gradle.internal.remote.internal.inet.InetAddresses] Adding IP addresses for network interface WAN Miniport (PPTP)
2024-04-06T18:23:25.257+0700 [DEBUG] [org.gradle.internal.remote.internal.inet.InetAddresses] Is this a loopback interface? false
2024-04-06T18:23:25.257+0700 [DEBUG] [org.gradle.internal.remote.internal.inet.InetAddresses] Adding IP addresses for network interface Microsoft IP-HTTPS Platform Adapter
2024-04-06T18:23:25.259+0700 [DEBUG] [org.gradle.internal.remote.internal.inet.InetAddresses] Is this a loopback interface? false
2024-04-06T18:23:25.259+0700 [DEBUG] [org.gradle.internal.remote.internal.inet.InetAddresses] Adding IP addresses for network interface WAN Miniport (IPv6)
2024-04-06T18:23:25.261+0700 [DEBUG] [org.gradle.internal.remote.internal.inet.InetAddresses] Is this a loopback interface? false
2024-04-06T18:23:25.261+0700 [DEBUG] [org.gradle.internal.remote.internal.inet.InetAddresses] Adding IP addresses for network interface Microsoft Wi-Fi Direct Virtual Adapter #2
2024-04-06T18:23:25.263+0700 [DEBUG] [org.gradle.internal.remote.internal.inet.InetAddresses] Is this a loopback interface? false
2024-04-06T18:23:25.263+0700 [DEBUG] [org.gradle.internal.remote.internal.inet.InetAddresses] Adding IP addresses for network interface WAN Miniport (IP)
2024-04-06T18:23:25.264+0700 [DEBUG] [org.gradle.internal.remote.internal.inet.InetAddresses] Is this a loopback interface? false
2024-04-06T18:23:25.264+0700 [DEBUG] [org.gradle.internal.remote.internal.inet.InetAddresses] Adding IP addresses for network interface WAN Miniport (PPPOE)
2024-04-06T18:23:25.266+0700 [DEBUG] [org.gradle.internal.remote.internal.inet.InetAddresses] Is this a loopback interface? false
2024-04-06T18:23:25.266+0700 [DEBUG] [org.gradle.internal.remote.internal.inet.InetAddresses] Adding IP addresses for network interface Microsoft Teredo Tunneling Adapter
2024-04-06T18:23:25.268+0700 [DEBUG] [org.gradle.internal.remote.internal.inet.InetAddresses] Is this a loopback interface? false
2024-04-06T18:23:25.268+0700 [DEBUG] [org.gradle.internal.remote.internal.inet.InetAddresses] Adding IP addresses for network interface Microsoft Wi-Fi Direct Virtual Adapter #4
2024-04-06T18:23:25.270+0700 [DEBUG] [org.gradle.internal.remote.internal.inet.InetAddresses] Is this a loopback interface? false
2024-04-06T18:23:25.270+0700 [DEBUG] [org.gradle.internal.remote.internal.inet.InetAddresses] Adding remote address /fe80:0:0:0:d43c:81d3:27b9:7d90%wlan1
2024-04-06T18:23:25.270+0700 [DEBUG] [org.gradle.internal.remote.internal.inet.InetAddresses] Adding IP addresses for network interface WAN Miniport (SSTP)
2024-04-06T18:23:25.272+0700 [DEBUG] [org.gradle.internal.remote.internal.inet.InetAddresses] Is this a loopback interface? false
2024-04-06T18:23:25.272+0700 [DEBUG] [org.gradle.internal.remote.internal.inet.InetAddresses] Adding IP addresses for network interface Realtek PCIe GbE Family Controller
2024-04-06T18:23:25.273+0700 [DEBUG] [org.gradle.internal.remote.internal.inet.InetAddresses] Is this a loopback interface? false
2024-04-06T18:23:25.273+0700 [DEBUG] [org.gradle.internal.remote.internal.inet.InetAddresses] Adding remote address /fe80:0:0:0:5aec:6a81:50ab:3daf%eth2
2024-04-06T18:23:25.273+0700 [DEBUG] [org.gradle.internal.remote.internal.inet.InetAddresses] Adding IP addresses for network interface Microsoft Kernel Debug Network Adapter
2024-04-06T18:23:25.275+0700 [DEBUG] [org.gradle.internal.remote.internal.inet.InetAddresses] Is this a loopback interface? false
2024-04-06T18:23:25.275+0700 [DEBUG] [org.gradle.internal.remote.internal.inet.InetAddresses] Adding IP addresses for network interface WAN Miniport (IKEv2)
2024-04-06T18:23:25.276+0700 [DEBUG] [org.gradle.internal.remote.internal.inet.InetAddresses] Is this a loopback interface? false
2024-04-06T18:23:25.276+0700 [DEBUG] [org.gradle.internal.remote.internal.inet.InetAddresses] Adding IP addresses for network interface Microsoft Wi-Fi Direct Virtual Adapter
2024-04-06T18:23:25.278+0700 [DEBUG] [org.gradle.internal.remote.internal.inet.InetAddresses] Is this a loopback interface? false
2024-04-06T18:23:25.278+0700 [DEBUG] [org.gradle.internal.remote.internal.inet.InetAddresses] Adding IP addresses for network interface WAN Miniport (Network Monitor)
2024-04-06T18:23:25.280+0700 [DEBUG] [org.gradle.internal.remote.internal.inet.InetAddresses] Is this a loopback interface? false
2024-04-06T18:23:25.280+0700 [DEBUG] [org.gradle.internal.remote.internal.inet.InetAddresses] Adding IP addresses for network interface Intel(R) Wi-Fi 6 AX201 160MHz
2024-04-06T18:23:25.281+0700 [DEBUG] [org.gradle.internal.remote.internal.inet.InetAddresses] Is this a loopback interface? false
2024-04-06T18:23:25.282+0700 [DEBUG] [org.gradle.internal.remote.internal.inet.InetAddresses] Adding remote address /192.168.1.8
2024-04-06T18:23:25.282+0700 [DEBUG] [org.gradle.internal.remote.internal.inet.InetAddresses] Adding remote address /2001:ee1:db04:b220:6c7:28d8:ec48:eba
2024-04-06T18:23:25.282+0700 [DEBUG] [org.gradle.internal.remote.internal.inet.InetAddresses] Adding remote address /2001:ee1:db04:b220:7525:a748:3c93:84e9
2024-04-06T18:23:25.282+0700 [DEBUG] [org.gradle.internal.remote.internal.inet.InetAddresses] Adding remote address /fe80:0:0:0:27e3:fb95:2fb8:22bc%wlan3
2024-04-06T18:23:25.282+0700 [DEBUG] [org.gradle.internal.remote.internal.inet.InetAddresses] Adding IP addresses for network interface Microsoft Wi-Fi Direct Virtual Adapter #3
2024-04-06T18:23:25.283+0700 [DEBUG] [org.gradle.internal.remote.internal.inet.InetAddresses] Is this a loopback interface? false
2024-04-06T18:23:25.283+0700 [DEBUG] [org.gradle.internal.remote.internal.inet.InetAddresses] Adding remote address /fe80:0:0:0:cb0d:3cea:39bb:894d%wlan4
2024-04-06T18:23:25.284+0700 [DEBUG] [org.gradle.internal.remote.internal.inet.InetAddresses] Adding IP addresses for network interface WAN Miniport (L2TP)
2024-04-06T18:23:25.285+0700 [DEBUG] [org.gradle.internal.remote.internal.inet.InetAddresses] Is this a loopback interface? false
2024-04-06T18:23:25.285+0700 [DEBUG] [org.gradle.internal.remote.internal.inet.InetAddresses] Adding IP addresses for network interface Realtek PCIe GbE Family Controller-WFP Native MAC Layer LightWeight Filter-0000
2024-04-06T18:23:25.286+0700 [DEBUG] [org.gradle.internal.remote.internal.inet.InetAddresses] Is this a loopback interface? false
2024-04-06T18:23:25.286+0700 [DEBUG] [org.gradle.internal.remote.internal.inet.InetAddresses] Adding IP addresses for network interface Realtek PCIe GbE Family Controller-QoS Packet Scheduler-0000
2024-04-06T18:23:25.288+0700 [DEBUG] [org.gradle.internal.remote.internal.inet.InetAddresses] Is this a loopback interface? false
2024-04-06T18:23:25.288+0700 [DEBUG] [org.gradle.internal.remote.internal.inet.InetAddresses] Adding IP addresses for network interface Realtek PCIe GbE Family Controller-WFP 802.3 MAC Layer LightWeight Filter-0000
2024-04-06T18:23:25.290+0700 [DEBUG] [org.gradle.internal.remote.internal.inet.InetAddresses] Is this a loopback interface? false
2024-04-06T18:23:25.290+0700 [DEBUG] [org.gradle.internal.remote.internal.inet.InetAddresses] Adding IP addresses for network interface Intel(R) Wi-Fi 6 AX201 160MHz-WFP Native MAC Layer LightWeight Filter-0000
2024-04-06T18:23:25.291+0700 [DEBUG] [org.gradle.internal.remote.internal.inet.InetAddresses] Is this a loopback interface? false
2024-04-06T18:23:25.291+0700 [DEBUG] [org.gradle.internal.remote.internal.inet.InetAddresses] Adding IP addresses for network interface Intel(R) Wi-Fi 6 AX201 160MHz-Virtual WiFi Filter Driver-0000
2024-04-06T18:23:25.292+0700 [DEBUG] [org.gradle.internal.remote.internal.inet.InetAddresses] Is this a loopback interface? false
2024-04-06T18:23:25.292+0700 [DEBUG] [org.gradle.internal.remote.internal.inet.InetAddresses] Adding IP addresses for network interface Intel(R) Wi-Fi 6 AX201 160MHz-Native WiFi Filter Driver-0000
2024-04-06T18:23:25.293+0700 [DEBUG] [org.gradle.internal.remote.internal.inet.InetAddresses] Is this a loopback interface? false
2024-04-06T18:23:25.294+0700 [DEBUG] [org.gradle.internal.remote.internal.inet.InetAddresses] Adding IP addresses for network interface Intel(R) Wi-Fi 6 AX201 160MHz-QoS Packet Scheduler-0000
2024-04-06T18:23:25.295+0700 [DEBUG] [org.gradle.internal.remote.internal.inet.InetAddresses] Is this a loopback interface? false
2024-04-06T18:23:25.295+0700 [DEBUG] [org.gradle.internal.remote.internal.inet.InetAddresses] Adding IP addresses for network interface Intel(R) Wi-Fi 6 AX201 160MHz-WFP 802.3 MAC Layer LightWeight Filter-0000
2024-04-06T18:23:25.297+0700 [DEBUG] [org.gradle.internal.remote.internal.inet.InetAddresses] Is this a loopback interface? false
2024-04-06T18:23:25.297+0700 [DEBUG] [org.gradle.internal.remote.internal.inet.InetAddresses] Adding IP addresses for network interface WAN Miniport (IP)-WFP Native MAC Layer LightWeight Filter-0000
2024-04-06T18:23:25.298+0700 [DEBUG] [org.gradle.internal.remote.internal.inet.InetAddresses] Is this a loopback interface? false
2024-04-06T18:23:25.298+0700 [DEBUG] [org.gradle.internal.remote.internal.inet.InetAddresses] Adding IP addresses for network interface WAN Miniport (IP)-QoS Packet Scheduler-0000
2024-04-06T18:23:25.299+0700 [DEBUG] [org.gradle.internal.remote.internal.inet.InetAddresses] Is this a loopback interface? false
2024-04-06T18:23:25.299+0700 [DEBUG] [org.gradle.internal.remote.internal.inet.InetAddresses] Adding IP addresses for network interface WAN Miniport (IPv6)-WFP Native MAC Layer LightWeight Filter-0000
2024-04-06T18:23:25.301+0700 [DEBUG] [org.gradle.internal.remote.internal.inet.InetAddresses] Is this a loopback interface? false
2024-04-06T18:23:25.301+0700 [DEBUG] [org.gradle.internal.remote.internal.inet.InetAddresses] Adding IP addresses for network interface WAN Miniport (IPv6)-QoS Packet Scheduler-0000
2024-04-06T18:23:25.302+0700 [DEBUG] [org.gradle.internal.remote.internal.inet.InetAddresses] Is this a loopback interface? false
2024-04-06T18:23:25.302+0700 [DEBUG] [org.gradle.internal.remote.internal.inet.InetAddresses] Adding IP addresses for network interface WAN Miniport (Network Monitor)-WFP Native MAC Layer LightWeight Filter-0000
2024-04-06T18:23:25.303+0700 [DEBUG] [org.gradle.internal.remote.internal.inet.InetAddresses] Is this a loopback interface? false
2024-04-06T18:23:25.303+0700 [DEBUG] [org.gradle.internal.remote.internal.inet.InetAddresses] Adding IP addresses for network interface WAN Miniport (Network Monitor)-QoS Packet Scheduler-0000
2024-04-06T18:23:25.304+0700 [DEBUG] [org.gradle.internal.remote.internal.inet.InetAddresses] Is this a loopback interface? false
2024-04-06T18:23:25.305+0700 [DEBUG] [org.gradle.internal.remote.internal.inet.InetAddresses] Adding IP addresses for network interface Microsoft Wi-Fi Direct Virtual Adapter #3-WFP Native MAC Layer LightWeight Filter-0000
2024-04-06T18:23:25.306+0700 [DEBUG] [org.gradle.internal.remote.internal.inet.InetAddresses] Is this a loopback interface? false
2024-04-06T18:23:25.306+0700 [DEBUG] [org.gradle.internal.remote.internal.inet.InetAddresses] Adding IP addresses for network interface Microsoft Wi-Fi Direct Virtual Adapter #3-Native WiFi Filter Driver-0000
2024-04-06T18:23:25.307+0700 [DEBUG] [org.gradle.internal.remote.internal.inet.InetAddresses] Is this a loopback interface? false
2024-04-06T18:23:25.307+0700 [DEBUG] [org.gradle.internal.remote.internal.inet.InetAddresses] Adding IP addresses for network interface Microsoft Wi-Fi Direct Virtual Adapter #3-QoS Packet Scheduler-0000
2024-04-06T18:23:25.309+0700 [DEBUG] [org.gradle.internal.remote.internal.inet.InetAddresses] Is this a loopback interface? false
2024-04-06T18:23:25.309+0700 [DEBUG] [org.gradle.internal.remote.internal.inet.InetAddresses] Adding IP addresses for network interface Microsoft Wi-Fi Direct Virtual Adapter #3-WFP 802.3 MAC Layer LightWeight Filter-0000
2024-04-06T18:23:25.310+0700 [DEBUG] [org.gradle.internal.remote.internal.inet.InetAddresses] Is this a loopback interface? false
2024-04-06T18:23:25.310+0700 [DEBUG] [org.gradle.internal.remote.internal.inet.InetAddresses] Adding IP addresses for network interface Microsoft Wi-Fi Direct Virtual Adapter #4-WFP Native MAC Layer LightWeight Filter-0000
2024-04-06T18:23:25.311+0700 [DEBUG] [org.gradle.internal.remote.internal.inet.InetAddresses] Is this a loopback interface? false
2024-04-06T18:23:25.311+0700 [DEBUG] [org.gradle.internal.remote.internal.inet.InetAddresses] Adding IP addresses for network interface Microsoft Wi-Fi Direct Virtual Adapter #4-Native WiFi Filter Driver-0000
2024-04-06T18:23:25.312+0700 [DEBUG] [org.gradle.internal.remote.internal.inet.InetAddresses] Is this a loopback interface? false
2024-04-06T18:23:25.312+0700 [DEBUG] [org.gradle.internal.remote.internal.inet.InetAddresses] Adding IP addresses for network interface Microsoft Wi-Fi Direct Virtual Adapter #4-QoS Packet Scheduler-0000
2024-04-06T18:23:25.314+0700 [DEBUG] [org.gradle.internal.remote.internal.inet.InetAddresses] Is this a loopback interface? false
2024-04-06T18:23:25.314+0700 [DEBUG] [org.gradle.internal.remote.internal.inet.InetAddresses] Adding IP addresses for network interface Microsoft Wi-Fi Direct Virtual Adapter #4-WFP 802.3 MAC Layer LightWeight Filter-0000
2024-04-06T18:23:25.315+0700 [DEBUG] [org.gradle.internal.remote.internal.inet.InetAddresses] Is this a loopback interface? false
2024-04-06T18:23:25.318+0700 [DEBUG] [org.gradle.internal.remote.internal.inet.TcpIncomingConnector] Listening on [4c9f924e-c00b-4eed-9c52-7ffbc829504c port:52400, addresses:[localhost/127.0.0.1]].
2024-04-06T18:23:25.329+0700 [DEBUG] [org.gradle.launcher.daemon.server.Daemon] Daemon starting at: Sat Apr 06 18:23:25 ICT 2024, with address: [4c9f924e-c00b-4eed-9c52-7ffbc829504c port:52400, addresses:[localhost/127.0.0.1]]
2024-04-06T18:23:25.329+0700 [INFO] [org.gradle.launcher.daemon.server.DaemonRegistryUpdater] Advertising the daemon address to the clients: [4c9f924e-c00b-4eed-9c52-7ffbc829504c port:52400, addresses:[localhost/127.0.0.1]]
2024-04-06T18:23:25.329+0700 [DEBUG] [org.gradle.launcher.daemon.server.DaemonRegistryUpdater] Advertised daemon context: DefaultDaemonContext[uid=4181a171-72c7-4f5f-9e71-01774b91b2e7,javaHome=F:\Android\jbr,daemonRegistryDir=F:\Project\22IT343_NguynnhAnhV\daemon,pid=6496,idleTimeout=10800000,priority=NORMAL,applyInstrumentationAgent=true,daemonOpts=--add-opens=java.base/java.util=ALL-UNNAMED,--add-opens=java.base/java.lang=ALL-UNNAMED,--add-opens=java.base/java.lang.invoke=ALL-UNNAMED,--add-opens=java.prefs/java.util.prefs=ALL-UNNAMED,--add-opens=java.base/java.nio.charset=ALL-UNNAMED,--add-opens=java.base/java.net=ALL-UNNAMED,--add-opens=java.base/java.util.concurrent.atomic=ALL-UNNAMED,-Xmx2048m,-Dfile.encoding=UTF-8,-Duser.country=US,-Duser.language=en,-Duser.variant]
2024-04-06T18:23:25.330+0700 [DEBUG] [org.gradle.launcher.daemon.registry.PersistentDaemonRegistry] Storing daemon address: [4c9f924e-c00b-4eed-9c52-7ffbc829504c port:52400, addresses:[localhost/127.0.0.1]], context: DefaultDaemonContext[uid=4181a171-72c7-4f5f-9e71-01774b91b2e7,javaHome=F:\Android\jbr,daemonRegistryDir=F:\Project\22IT343_NguynnhAnhV\daemon,pid=6496,idleTimeout=10800000,priority=NORMAL,applyInstrumentationAgent=true,daemonOpts=--add-opens=java.base/java.util=ALL-UNNAMED,--add-opens=java.base/java.lang=ALL-UNNAMED,--add-opens=java.base/java.lang.invoke=ALL-UNNAMED,--add-opens=java.prefs/java.util.prefs=ALL-UNNAMED,--add-opens=java.base/java.nio.charset=ALL-UNNAMED,--add-opens=java.base/java.net=ALL-UNNAMED,--add-opens=java.base/java.util.concurrent.atomic=ALL-UNNAMED,-Xmx2048m,-Dfile.encoding=UTF-8,-Duser.country=US,-Duser.language=en,-Duser.variant]
2024-04-06T18:23:25.341+0700 [DEBUG] [org.gradle.cache.internal.DefaultFileLockManager] Waiting to acquire exclusive lock on daemon addresses registry.
2024-04-06T18:23:25.344+0700 [DEBUG] [org.gradle.cache.internal.DefaultFileLockManager] Lock acquired on daemon addresses registry.
2024-04-06T18:23:25.348+0700 [DEBUG] [org.gradle.cache.internal.DefaultFileLockManager] Releasing lock on daemon addresses registry.
2024-04-06T18:23:25.349+0700 [LIFECYCLE] [org.gradle.launcher.daemon.server.Daemon] Daemon server started.
2024-04-06T18:23:25.349+0700 [DEBUG] [org.gradle.launcher.daemon.bootstrap.DaemonStartupCommunication] Completed writing the daemon greeting. Closing streams...
2024-04-06T18:23:25.354+0700 [DEBUG] [org.gradle.launcher.daemon.server.Daemon] stopOnExpiration() called on daemon
2024-04-06T18:23:25.354+0700 [DEBUG] [org.gradle.internal.remote.internal.inet.TcpIncomingConnector] Accepted connection from /127.0.0.1:52401 to /127.0.0.1:52400.
2024-04-06T18:23:25.355+0700 [DEBUG] [org.gradle.launcher.daemon.server.Daemon] awaitExpiration() called on daemon
2024-04-06T18:23:25.355+0700 [DEBUG] [org.gradle.launcher.daemon.server.DaemonStateCoordinator] daemon is running. Sleeping until state changes.
2024-04-06T18:23:25.448+0700 [DEBUG] [org.gradle.launcher.daemon.server.SynchronizedDispatchConnection] thread 22: received class org.gradle.launcher.daemon.protocol.Build
2024-04-06T18:23:25.448+0700 [DEBUG] [org.gradle.launcher.daemon.server.DefaultDaemonConnection] thread 22: Received non-IO message from client: Build{id=ae7ab596-01d5-4499-9669-a421a4d14eb3, currentDir=F:\Project\22IT343_NguynnhAnhV}
2024-04-06T18:23:25.448+0700 [INFO] [org.gradle.launcher.daemon.server.DefaultIncomingConnectionHandler] Received command: Build{id=ae7ab596-01d5-4499-9669-a421a4d14eb3, currentDir=F:\Project\22IT343_NguynnhAnhV}.
2024-04-06T18:23:25.448+0700 [DEBUG] [org.gradle.launcher.daemon.server.DefaultIncomingConnectionHandler] Starting executing command: Build{id=ae7ab596-01d5-4499-9669-a421a4d14eb3, currentDir=F:\Project\22IT343_NguynnhAnhV} with connection: socket connection from /127.0.0.1:52400 to /127.0.0.1:52401.
2024-04-06T18:23:25.450+0700 [DEBUG] [org.gradle.launcher.daemon.server.DaemonStateCoordinator] Command execution: started DaemonCommandExecution[command = Build{id=ae7ab596-01d5-4499-9669-a421a4d14eb3, currentDir=F:\Project\22IT343_NguynnhAnhV}, connection = DefaultDaemonConnection: socket connection from /127.0.0.1:52400 to /127.0.0.1:52401] after 0.0 minutes of idle
2024-04-06T18:23:25.450+0700 [INFO] [org.gradle.launcher.daemon.server.DaemonRegistryUpdater] Marking the daemon as busy, address: [4c9f924e-c00b-4eed-9c52-7ffbc829504c port:52400, addresses:[localhost/127.0.0.1]]
2024-04-06T18:23:25.450+0700 [DEBUG] [org.gradle.launcher.daemon.registry.PersistentDaemonRegistry] Marking busy by address: [4c9f924e-c00b-4eed-9c52-7ffbc829504c port:52400, addresses:[localhost/127.0.0.1]]
2024-04-06T18:23:25.451+0700 [DEBUG] [org.gradle.cache.internal.DefaultFileLockManager] Waiting to acquire exclusive lock on daemon addresses registry.
2024-04-06T18:23:25.451+0700 [DEBUG] [org.gradle.cache.internal.DefaultFileLockManager] Lock acquired on daemon addresses registry.
2024-04-06T18:23:25.452+0700 [DEBUG] [org.gradle.cache.internal.DefaultFileLockManager] Releasing lock on daemon addresses registry.
2024-04-06T18:23:25.452+0700 [DEBUG] [org.gradle.launcher.daemon.server.DaemonStateCoordinator] resetting idle timer
2024-04-06T18:23:25.452+0700 [DEBUG] [org.gradle.launcher.daemon.server.DaemonStateCoordinator] daemon is running. Sleeping until state changes.
2024-04-06T18:23:25.452+0700 [INFO] [org.gradle.launcher.daemon.server.exec.StartBuildOrRespondWithBusy] Daemon is about to start building Build{id=ae7ab596-01d5-4499-9669-a421a4d14eb3, currentDir=F:\Project\22IT343_NguynnhAnhV}. Dispatching build started information...
2024-04-06T18:23:25.453+0700 [DEBUG] [org.gradle.launcher.daemon.server.SynchronizedDispatchConnection] thread 24: dispatching org.gradle.launcher.daemon.protocol.BuildStarted@425e33ad
2024-04-06T18:23:25.453+0700 [DEBUG] [org.gradle.launcher.daemon.server.SynchronizedDispatchConnection] thread 22: received class org.gradle.launcher.daemon.protocol.CloseInput
2024-04-06T18:23:25.454+0700 [DEBUG] [org.gradle.launcher.daemon.server.DefaultDaemonConnection] thread 22: Received IO message from client: org.gradle.launcher.daemon.protocol.CloseInput@3d1c71e1
2024-04-06T18:23:25.454+0700 [DEBUG] [org.gradle.launcher.daemon.server.exec.EstablishBuildEnvironment] Configuring env variables: [USERDOMAIN_ROAMINGPROFILE, configsetroot, LOCALAPPDATA, PROCESSOR_LEVEL, Android_SDK_Home, USERDOMAIN, LOGONSERVER, ALLUSERSPROFILE, INTEL_DEV_REDIST, PROCESSOR_ARCHITECTURE, MIC_LD_LIBRARY_PATH, __COMPAT_LAYER, PSModulePath, SystemDrive, OneDrive, APPDATA, USERNAME, ProgramFiles(x86), CommonProgramFiles, Path, PATHEXT, DriverData, OS, OneDriveConsumer, COMPUTERNAME, IntelliJ IDEA Community Edition, PROCESSOR_REVISION, CommonProgramW6432, ComSpec, ProgramData, ProgramW6432, HOMEPATH, SystemRoot, TEMP, PROCESSOR_IDENTIFIER, HOMEDRIVE, USERPROFILE, TMP, CommonProgramFiles(x86), ProgramFiles, PUBLIC, windir, NUMBER_OF_PROCESSORS, IDEA_INITIAL_DIRECTORY, ZES_ENABLE_SYSMAN]
2024-04-06T18:23:25.459+0700 [DEBUG] [org.gradle.launcher.daemon.server.exec.LogToClient] About to start relaying all logs to the client via the connection.
2024-04-06T18:23:25.459+0700 [INFO] [org.gradle.launcher.daemon.server.exec.LogToClient] The client will now receive all logging from the daemon (pid: 6496). The daemon log file: F:\Project\22IT343_NguynnhAnhV\daemon\8.2\daemon-6496.out.log
2024-04-06T18:23:25.464+0700 [INFO] [org.gradle.launcher.daemon.server.exec.LogAndCheckHealth] Starting build in new daemon [memory: 2 GiB]
2024-04-06T18:23:25.465+0700 [INFO] [org.gradle.launcher.daemon.server.exec.ForwardClientInput] Closing daemon's stdin at end of input.
2024-04-06T18:23:25.465+0700 [INFO] [org.gradle.launcher.daemon.server.exec.ForwardClientInput] The daemon will no longer process any standard input.
2024-04-06T18:23:25.466+0700 [DEBUG] [org.gradle.launcher.daemon.server.exec.ExecuteBuild] The daemon has started executing the build.
2024-04-06T18:23:25.466+0700 [DEBUG] [org.gradle.launcher.daemon.server.exec.ExecuteBuild] Executing build with daemon context: DefaultDaemonContext[uid=4181a171-72c7-4f5f-9e71-01774b91b2e7,javaHome=F:\Android\jbr,daemonRegistryDir=F:\Project\22IT343_NguynnhAnhV\daemon,pid=6496,idleTimeout=10800000,priority=NORMAL,applyInstrumentationAgent=true,daemonOpts=--add-opens=java.base/java.util=ALL-UNNAMED,--add-opens=java.base/java.lang=ALL-UNNAMED,--add-opens=java.base/java.lang.invoke=ALL-UNNAMED,--add-opens=java.prefs/java.util.prefs=ALL-UNNAMED,--add-opens=java.base/java.nio.charset=ALL-UNNAMED,--add-opens=java.base/java.net=ALL-UNNAMED,--add-opens=java.base/java.util.concurrent.atomic=ALL-UNNAMED,-Xmx2048m,-Dfile.encoding=UTF-8,-Duser.country=US,-Duser.language=en,-Duser.variant]

Deprecated Gradle features were used in this build, making it incompatible with Gradle 9.0.

You can use '--warning-mode all' to show the individual deprecation warnings and determine if they come from your own scripts or plugins.

For more on this, please refer to https://docs.gradle.org/8.2/userguide/command_line_interface.html#sec:command_line_warnings in the Gradle documentation.

BUILD SUCCESSFUL in 13s
2024-04-06T18:23:37.607+0700 [DEBUG] [org.gradle.launcher.daemon.server.exec.ExecuteBuild] The daemon has finished executing the build.
2024-04-06T18:23:37.624+0700 [DEBUG] [org.gradle.launcher.daemon.server.DaemonStateCoordinator] daemon is running. Sleeping until state changes.
2024-04-06T18:23:37.625+0700 [DEBUG] [org.gradle.launcher.daemon.server.DaemonStateCoordinator] Command execution: finished waiting for DaemonCommandExecution[command = Build{id=ae7ab596-01d5-4499-9669-a421a4d14eb3, currentDir=F:\Project\22IT343_NguynnhAnhV}, connection = DefaultDaemonConnection: socket connection from /127.0.0.1:52400 to /127.0.0.1:52401]. Result org.gradle.launcher.daemon.server.DaemonStateCoordinator@5bf6d931 with state Busy
2024-04-06T18:23:37.625+0700 [DEBUG] [org.gradle.launcher.daemon.server.DaemonStateCoordinator] Command execution: completed DaemonCommandExecution[command = Build{id=ae7ab596-01d5-4499-9669-a421a4d14eb3, currentDir=F:\Project\22IT343_NguynnhAnhV}, connection = DefaultDaemonConnection: socket connection from /127.0.0.1:52400 to /127.0.0.1:52401]
2024-04-06T18:23:37.625+0700 [DEBUG] [org.gradle.launcher.daemon.server.DaemonStateCoordinator] resetting idle timer
2024-04-06T18:23:37.626+0700 [INFO] [org.gradle.launcher.daemon.server.DaemonRegistryUpdater] Marking the daemon as idle, address: [4c9f924e-c00b-4eed-9c52-7ffbc829504c port:52400, addresses:[localhost/127.0.0.1]]
2024-04-06T18:23:37.626+0700 [DEBUG] [org.gradle.launcher.daemon.registry.PersistentDaemonRegistry] Marking busy by address: [4c9f924e-c00b-4eed-9c52-7ffbc829504c port:52400, addresses:[localhost/127.0.0.1]]
2024-04-06T18:23:37.627+0700 [DEBUG] [org.gradle.cache.internal.DefaultFileLockManager] Waiting to acquire exclusive lock on daemon addresses registry.
2024-04-06T18:23:37.628+0700 [DEBUG] [org.gradle.cache.internal.DefaultFileLockManager] Lock acquired on daemon addresses registry.
2024-04-06T18:23:37.629+0700 [DEBUG] [org.gradle.cache.internal.DefaultFileLockManager] Releasing lock on daemon addresses registry.
2024-04-06T18:23:37.630+0700 [DEBUG] [org.gradle.launcher.daemon.server.DaemonStateCoordinator] daemon is running. Sleeping until state changes.
2024-04-06T18:23:37.630+0700 [DEBUG] [org.gradle.launcher.daemon.server.exec.ReturnResult] Daemon is dispatching the build result: Success[value=org.gradle.launcher.exec.BuildActionResult@14b52faa]
2024-04-06T18:23:37.630+0700 [DEBUG] [org.gradle.launcher.daemon.server.SynchronizedDispatchConnection] thread 21: dispatching Success[value=org.gradle.launcher.exec.BuildActionResult@14b52faa]
2024-04-06T18:23:37.631+0700 [DEBUG] [org.gradle.launcher.daemon.server.DefaultIncomingConnectionHandler] Finishing executing command: Build{id=ae7ab596-01d5-4499-9669-a421a4d14eb3, currentDir=F:\Project\22IT343_NguynnhAnhV}
2024-04-06T18:23:37.632+0700 [DEBUG] [org.gradle.launcher.daemon.server.SynchronizedDispatchConnection] thread 22: received class org.gradle.launcher.daemon.protocol.Finished
2024-04-06T18:23:37.633+0700 [DEBUG] [org.gradle.launcher.daemon.server.DefaultDaemonConnection] thread 22: Received non-IO message from client: org.gradle.launcher.daemon.protocol.Finished@7ecd8b88
2024-04-06T18:23:37.633+0700 [DEBUG] [org.gradle.launcher.daemon.server.DefaultIncomingConnectionHandler] Received finished message: org.gradle.launcher.daemon.protocol.Finished@7ecd8b88
2024-04-06T18:23:37.633+0700 [DEBUG] [org.gradle.launcher.daemon.server.SynchronizedDispatchConnection] thread 21: stopping connection
2024-04-06T18:23:37.634+0700 [DEBUG] [org.gradle.internal.remote.internal.inet.SocketConnection] Discarding EOFException: java.io.EOFException
2024-04-06T18:23:37.634+0700 [DEBUG] [org.gradle.launcher.daemon.server.SynchronizedDispatchConnection] thread 22: received null
2024-04-06T18:23:37.634+0700 [DEBUG] [org.gradle.launcher.daemon.server.DefaultDaemonConnection] thread 22: Received end-of-input from client.
2024-04-06T18:23:37.634+0700 [DEBUG] [org.gradle.launcher.daemon.server.SynchronizedDispatchConnection] thread 21: stopping connection
2024-04-06T18:23:45.366+0700 [DEBUG] [org.gradle.cache.internal.DefaultFileLockManager] Waiting to acquire shared lock on daemon addresses registry.
2024-04-06T18:23:45.366+0700 [DEBUG] [org.gradle.cache.internal.DefaultFileLockManager] Lock acquired on daemon addresses registry.
2024-04-06T18:23:45.367+0700 [DEBUG] [org.gradle.cache.internal.DefaultFileLockManager] Releasing lock on daemon addresses registry.
2024-04-06T18:23:45.367+0700 [DEBUG] [org.gradle.cache.internal.DefaultFileLockManager] Waiting to acquire shared lock on daemon addresses registry.
2024-04-06T18:23:45.368+0700 [DEBUG] [org.gradle.cache.internal.DefaultFileLockManager] Lock acquired on daemon addresses registry.
2024-04-06T18:23:45.368+0700 [DEBUG] [org.gradle.cache.internal.DefaultFileLockManager] Releasing lock on daemon addresses registry.
2024-04-06T18:23:53.311+0700 [DEBUG] [org.gradle.internal.remote.internal.inet.TcpIncomingConnector] Accepted connection from /127.0.0.1:52415 to /127.0.0.1:52400.
2024-04-06T18:23:53.316+0700 [DEBUG] [org.gradle.launcher.daemon.server.SynchronizedDispatchConnection] thread 158: received class org.gradle.launcher.daemon.protocol.InvalidateVirtualFileSystem
2024-04-06T18:23:53.316+0700 [DEBUG] [org.gradle.launcher.daemon.server.DefaultDaemonConnection] thread 158: Received non-IO message from client: InvalidateVirtualFileSystem[id=1ab70a84-e5ab-44b3-8627-cb25efce3214]
2024-04-06T18:23:53.317+0700 [INFO] [org.gradle.launcher.daemon.server.DefaultIncomingConnectionHandler] Received command: InvalidateVirtualFileSystem[id=1ab70a84-e5ab-44b3-8627-cb25efce3214].
2024-04-06T18:23:53.318+0700 [DEBUG] [org.gradle.launcher.daemon.server.DefaultIncomingConnectionHandler] Starting executing command: InvalidateVirtualFileSystem[id=1ab70a84-e5ab-44b3-8627-cb25efce3214] with connection: socket connection from /127.0.0.1:52400 to /127.0.0.1:52415.
2024-04-06T18:23:53.319+0700 [INFO] [org.gradle.launcher.daemon.server.api.HandleInvalidateVirtualFileSystem] Invalidating [F:\Project\22IT343_NguynnhAnhV\crud2\src\test\java\com\example\crud2\ExampleUnitTest.kt, F:\Project\22IT343_NguynnhAnhV\crud2\src\androidTest\java\com\example\crud2\ExampleInstrumentedTest.kt, F:\Project\22IT343_NguynnhAnhV\crud2\src\main\res\values-night\themes.xml, F:\Project\22IT343_NguynnhAnhV\crud2\src\main\res\drawable\ic_launcher_background.xml, F:\Project\22IT343_NguynnhAnhV\crud2\src\main\res\mipmap-anydpi\ic_launcher_round.xml, F:\Project\22IT343_NguynnhAnhV\crud2\src\main\res\values\colors.xml, F:\Project\22IT343_NguynnhAnhV\settings.gradle.kts, F:\Project\22IT343_NguynnhAnhV\crud2\build.gradle.kts, F:\Project\22IT343_NguynnhAnhV\crud2\src\main\AndroidManifest.xml, F:\Project\22IT343_NguynnhAnhV\crud2\src\main\res\drawable\ic_launcher_foreground.xml, F:\Project\22IT343_NguynnhAnhV\crud2\src\main\res\mipmap-anydpi\ic_launcher.xml, F:\Project\22IT343_NguynnhAnhV\crud2\src\main\res\values\themes.xml, F:\Project\22IT343_NguynnhAnhV\crud2\src\main\res\layout\activity_main.xml]
2024-04-06T18:23:53.319+0700 [DEBUG] [org.gradle.internal.vfs.impl.AbstractVirtualFileSystem] Invalidating VFS paths: [F:\Project\22IT343_NguynnhAnhV\crud2\src\test\java\com\example\crud2\ExampleUnitTest.kt, F:\Project\22IT343_NguynnhAnhV\crud2\src\androidTest\java\com\example\crud2\ExampleInstrumentedTest.kt, F:\Project\22IT343_NguynnhAnhV\crud2\src\main\res\values-night\themes.xml, F:\Project\22IT343_NguynnhAnhV\crud2\src\main\res\drawable\ic_launcher_background.xml, F:\Project\22IT343_NguynnhAnhV\crud2\src\main\res\mipmap-anydpi\ic_launcher_round.xml, F:\Project\22IT343_NguynnhAnhV\crud2\src\main\res\values\colors.xml, F:\Project\22IT343_NguynnhAnhV\settings.gradle.kts, F:\Project\22IT343_NguynnhAnhV\crud2\build.gradle.kts, F:\Project\22IT343_NguynnhAnhV\crud2\src\main\AndroidManifest.xml, F:\Project\22IT343_NguynnhAnhV\crud2\src\main\res\drawable\ic_launcher_foreground.xml, F:\Project\22IT343_NguynnhAnhV\crud2\src\main\res\mipmap-anydpi\ic_launcher.xml, F:\Project\22IT343_NguynnhAnhV\crud2\src\main\res\values\themes.xml, F:\Project\22IT343_NguynnhAnhV\crud2\src\main\res\layout\activity_main.xml]
2024-04-06T18:23:53.323+0700 [DEBUG] [org.gradle.launcher.daemon.server.SynchronizedDispatchConnection] thread 21: dispatching Success[value=null]
2024-04-06T18:23:53.323+0700 [DEBUG] [org.gradle.launcher.daemon.server.DefaultIncomingConnectionHandler] Finishing executing command: InvalidateVirtualFileSystem[id=1ab70a84-e5ab-44b3-8627-cb25efce3214]
2024-04-06T18:23:53.323+0700 [DEBUG] [org.gradle.launcher.daemon.server.SynchronizedDispatchConnection] thread 158: received class org.gradle.launcher.daemon.protocol.Finished
2024-04-06T18:23:53.323+0700 [DEBUG] [org.gradle.launcher.daemon.server.DefaultDaemonConnection] thread 158: Received non-IO message from client: org.gradle.launcher.daemon.protocol.Finished@72e68976
2024-04-06T18:23:53.323+0700 [DEBUG] [org.gradle.launcher.daemon.server.DefaultIncomingConnectionHandler] Received finished message: org.gradle.launcher.daemon.protocol.Finished@72e68976
2024-04-06T18:23:53.323+0700 [DEBUG] [org.gradle.launcher.daemon.server.SynchronizedDispatchConnection] thread 21: stopping connection
2024-04-06T18:23:53.324+0700 [DEBUG] [org.gradle.internal.remote.internal.inet.SocketConnection] Discarding EOFException: java.io.EOFException
2024-04-06T18:23:53.324+0700 [DEBUG] [org.gradle.launcher.daemon.server.SynchronizedDispatchConnection] thread 158: received null
2024-04-06T18:23:53.324+0700 [DEBUG] [org.gradle.launcher.daemon.server.DefaultDaemonConnection] thread 158: Received end-of-input from client.
2024-04-06T18:23:53.324+0700 [DEBUG] [org.gradle.launcher.daemon.server.SynchronizedDispatchConnection] thread 21: stopping connection
2024-04-06T18:23:53.326+0700 [DEBUG] [org.gradle.internal.remote.internal.inet.TcpIncomingConnector] Accepted connection from /127.0.0.1:52416 to /127.0.0.1:52400.
2024-04-06T18:23:53.332+0700 [DEBUG] [org.gradle.launcher.daemon.server.SynchronizedDispatchConnection] thread 159: received class org.gradle.launcher.daemon.protocol.Build
2024-04-06T18:23:53.332+0700 [DEBUG] [org.gradle.launcher.daemon.server.DefaultDaemonConnection] thread 159: Received non-IO message from client: Build{id=e3d1ce69-3e6c-4d8f-b72d-3ec1636dcaca, currentDir=F:\Project\22IT343_NguynnhAnhV}
2024-04-06T18:23:53.332+0700 [INFO] [org.gradle.launcher.daemon.server.DefaultIncomingConnectionHandler] Received command: Build{id=e3d1ce69-3e6c-4d8f-b72d-3ec1636dcaca, currentDir=F:\Project\22IT343_NguynnhAnhV}.
2024-04-06T18:23:53.332+0700 [DEBUG] [org.gradle.launcher.daemon.server.DefaultIncomingConnectionHandler] Starting executing command: Build{id=e3d1ce69-3e6c-4d8f-b72d-3ec1636dcaca, currentDir=F:\Project\22IT343_NguynnhAnhV} with connection: socket connection from /127.0.0.1:52400 to /127.0.0.1:52416.
2024-04-06T18:23:53.332+0700 [DEBUG] [org.gradle.launcher.daemon.server.DaemonStateCoordinator] Command execution: started DaemonCommandExecution[command = Build{id=e3d1ce69-3e6c-4d8f-b72d-3ec1636dcaca, currentDir=F:\Project\22IT343_NguynnhAnhV}, connection = DefaultDaemonConnection: socket connection from /127.0.0.1:52400 to /127.0.0.1:52416] after 0.0 minutes of idle
2024-04-06T18:23:53.333+0700 [INFO] [org.gradle.launcher.daemon.server.DaemonRegistryUpdater] Marking the daemon as busy, address: [4c9f924e-c00b-4eed-9c52-7ffbc829504c port:52400, addresses:[localhost/127.0.0.1]]
2024-04-06T18:23:53.333+0700 [DEBUG] [org.gradle.launcher.daemon.registry.PersistentDaemonRegistry] Marking busy by address: [4c9f924e-c00b-4eed-9c52-7ffbc829504c port:52400, addresses:[localhost/127.0.0.1]]
2024-04-06T18:23:53.334+0700 [DEBUG] [org.gradle.cache.internal.DefaultFileLockManager] Waiting to acquire exclusive lock on daemon addresses registry.
2024-04-06T18:23:53.334+0700 [DEBUG] [org.gradle.cache.internal.DefaultFileLockManager] Lock acquired on daemon addresses registry.
2024-04-06T18:23:53.335+0700 [DEBUG] [org.gradle.cache.internal.DefaultFileLockManager] Releasing lock on daemon addresses registry.
2024-04-06T18:23:53.335+0700 [DEBUG] [org.gradle.launcher.daemon.server.DaemonStateCoordinator] resetting idle timer
2024-04-06T18:23:53.335+0700 [DEBUG] [org.gradle.launcher.daemon.server.DaemonStateCoordinator] daemon is running. Sleeping until state changes.
2024-04-06T18:23:53.336+0700 [INFO] [org.gradle.launcher.daemon.server.exec.StartBuildOrRespondWithBusy] Daemon is about to start building Build{id=e3d1ce69-3e6c-4d8f-b72d-3ec1636dcaca, currentDir=F:\Project\22IT343_NguynnhAnhV}. Dispatching build started information...
2024-04-06T18:23:53.336+0700 [DEBUG] [org.gradle.launcher.daemon.server.SynchronizedDispatchConnection] thread 24: dispatching org.gradle.launcher.daemon.protocol.BuildStarted@14bd0380
2024-04-06T18:23:53.336+0700 [DEBUG] [org.gradle.launcher.daemon.server.exec.EstablishBuildEnvironment] Configuring env variables: [USERDOMAIN_ROAMINGPROFILE, configsetroot, LOCALAPPDATA, PROCESSOR_LEVEL, Android_SDK_Home, USERDOMAIN, LOGONSERVER, ALLUSERSPROFILE, INTEL_DEV_REDIST, PROCESSOR_ARCHITECTURE, MIC_LD_LIBRARY_PATH, __COMPAT_LAYER, PSModulePath, SystemDrive, OneDrive, APPDATA, USERNAME, ProgramFiles(x86), CommonProgramFiles, Path, PATHEXT, DriverData, OS, OneDriveConsumer, COMPUTERNAME, IntelliJ IDEA Community Edition, PROCESSOR_REVISION, CommonProgramW6432, ComSpec, ProgramData, ProgramW6432, HOMEPATH, SystemRoot, TEMP, PROCESSOR_IDENTIFIER, HOMEDRIVE, USERPROFILE, TMP, CommonProgramFiles(x86), ProgramFiles, PUBLIC, windir, NUMBER_OF_PROCESSORS, IDEA_INITIAL_DIRECTORY, ZES_ENABLE_SYSMAN]
2024-04-06T18:23:53.337+0700 [DEBUG] [org.gradle.launcher.daemon.server.SynchronizedDispatchConnection] thread 159: received class org.gradle.launcher.daemon.protocol.CloseInput
2024-04-06T18:23:53.338+0700 [DEBUG] [org.gradle.launcher.daemon.server.DefaultDaemonConnection] thread 159: Received IO message from client: org.gradle.launcher.daemon.protocol.CloseInput@18335629
2024-04-06T18:23:53.338+0700 [DEBUG] [org.gradle.launcher.daemon.server.exec.LogToClient] About to start relaying all logs to the client via the connection.
2024-04-06T18:23:53.338+0700 [INFO] [org.gradle.launcher.daemon.server.exec.LogToClient] The client will now receive all logging from the daemon (pid: 6496). The daemon log file: F:\Project\22IT343_NguynnhAnhV\daemon\8.2\daemon-6496.out.log
2024-04-06T18:23:53.340+0700 [INFO] [org.gradle.launcher.daemon.server.exec.LogAndCheckHealth] Starting 2nd build in daemon [uptime: 28.253 secs, performance: 99%, GC rate: 0.00/s, heap usage: 0% of 2 GiB]
2024-04-06T18:23:53.341+0700 [DEBUG] [org.gradle.launcher.daemon.server.exec.ExecuteBuild] The daemon has started executing the build.
2024-04-06T18:23:53.341+0700 [DEBUG] [org.gradle.launcher.daemon.server.exec.ExecuteBuild] Executing build with daemon context: DefaultDaemonContext[uid=4181a171-72c7-4f5f-9e71-01774b91b2e7,javaHome=F:\Android\jbr,daemonRegistryDir=F:\Project\22IT343_NguynnhAnhV\daemon,pid=6496,idleTimeout=10800000,priority=NORMAL,applyInstrumentationAgent=true,daemonOpts=--add-opens=java.base/java.util=ALL-UNNAMED,--add-opens=java.base/java.lang=ALL-UNNAMED,--add-opens=java.base/java.lang.invoke=ALL-UNNAMED,--add-opens=java.prefs/java.util.prefs=ALL-UNNAMED,--add-opens=java.base/java.nio.charset=ALL-UNNAMED,--add-opens=java.base/java.net=ALL-UNNAMED,--add-opens=java.base/java.util.concurrent.atomic=ALL-UNNAMED,-Xmx2048m,-Dfile.encoding=UTF-8,-Duser.country=US,-Duser.language=en,-Duser.variant]
2024-04-06T18:23:53.341+0700 [INFO] [org.gradle.launcher.daemon.server.exec.ForwardClientInput] Closing daemon's stdin at end of input.
2024-04-06T18:23:53.341+0700 [INFO] [org.gradle.launcher.daemon.server.exec.ForwardClientInput] The daemon will no longer process any standard input.

Deprecated Gradle features were used in this build, making it incompatible with Gradle 9.0.

You can use '--warning-mode all' to show the individual deprecation warnings and determine if they come from your own scripts or plugins.

For more on this, please refer to https://docs.gradle.org/8.2/userguide/command_line_interface.html#sec:command_line_warnings in the Gradle documentation.

BUILD SUCCESSFUL in 7s
2024-04-06T18:24:00.439+0700 [DEBUG] [org.gradle.launcher.daemon.server.exec.ExecuteBuild] The daemon has finished executing the build.
2024-04-06T18:24:00.455+0700 [DEBUG] [org.gradle.launcher.daemon.server.DaemonStateCoordinator] daemon is running. Sleeping until state changes.
2024-04-06T18:24:00.456+0700 [DEBUG] [org.gradle.launcher.daemon.server.DaemonStateCoordinator] Command execution: finished waiting for DaemonCommandExecution[command = Build{id=e3d1ce69-3e6c-4d8f-b72d-3ec1636dcaca, currentDir=F:\Project\22IT343_NguynnhAnhV}, connection = DefaultDaemonConnection: socket connection from /127.0.0.1:52400 to /127.0.0.1:52416]. Result org.gradle.launcher.daemon.server.DaemonStateCoordinator@5bf6d931 with state Busy
2024-04-06T18:24:00.456+0700 [DEBUG] [org.gradle.launcher.daemon.server.DaemonStateCoordinator] Command execution: completed DaemonCommandExecution[command = Build{id=e3d1ce69-3e6c-4d8f-b72d-3ec1636dcaca, currentDir=F:\Project\22IT343_NguynnhAnhV}, connection = DefaultDaemonConnection: socket connection from /127.0.0.1:52400 to /127.0.0.1:52416]
2024-04-06T18:24:00.456+0700 [DEBUG] [org.gradle.launcher.daemon.server.DaemonStateCoordinator] resetting idle timer
2024-04-06T18:24:00.456+0700 [INFO] [org.gradle.launcher.daemon.server.DaemonRegistryUpdater] Marking the daemon as idle, address: [4c9f924e-c00b-4eed-9c52-7ffbc829504c port:52400, addresses:[localhost/127.0.0.1]]
2024-04-06T18:24:00.456+0700 [DEBUG] [org.gradle.launcher.daemon.registry.PersistentDaemonRegistry] Marking busy by address: [4c9f924e-c00b-4eed-9c52-7ffbc829504c port:52400, addresses:[localhost/127.0.0.1]]
2024-04-06T18:24:00.456+0700 [DEBUG] [org.gradle.cache.internal.DefaultFileLockManager] Waiting to acquire exclusive lock on daemon addresses registry.
2024-04-06T18:24:00.457+0700 [DEBUG] [org.gradle.cache.internal.DefaultFileLockManager] Lock acquired on daemon addresses registry.
2024-04-06T18:24:00.457+0700 [DEBUG] [org.gradle.cache.internal.DefaultFileLockManager] Releasing lock on daemon addresses registry.
2024-04-06T18:24:00.457+0700 [DEBUG] [org.gradle.launcher.daemon.server.exec.ReturnResult] Daemon is dispatching the build result: Success[value=org.gradle.launcher.exec.BuildActionResult@42d110c6]
2024-04-06T18:24:00.457+0700 [DEBUG] [org.gradle.launcher.daemon.server.DaemonStateCoordinator] daemon is running. Sleeping until state changes.
2024-04-06T18:24:00.458+0700 [DEBUG] [org.gradle.launcher.daemon.server.SynchronizedDispatchConnection] thread 21: dispatching Success[value=org.gradle.launcher.exec.BuildActionResult@42d110c6]
2024-04-06T18:24:00.458+0700 [DEBUG] [org.gradle.launcher.daemon.server.DefaultIncomingConnectionHandler] Finishing executing command: Build{id=e3d1ce69-3e6c-4d8f-b72d-3ec1636dcaca, currentDir=F:\Project\22IT343_NguynnhAnhV}
2024-04-06T18:24:00.458+0700 [DEBUG] [org.gradle.launcher.daemon.server.SynchronizedDispatchConnection] thread 159: received class org.gradle.launcher.daemon.protocol.Finished
2024-04-06T18:24:00.458+0700 [DEBUG] [org.gradle.launcher.daemon.server.DefaultDaemonConnection] thread 159: Received non-IO message from client: org.gradle.launcher.daemon.protocol.Finished@16f4bb5f
2024-04-06T18:24:00.458+0700 [DEBUG] [org.gradle.launcher.daemon.server.DefaultIncomingConnectionHandler] Received finished message: org.gradle.launcher.daemon.protocol.Finished@16f4bb5f
2024-04-06T18:24:00.458+0700 [DEBUG] [org.gradle.internal.remote.internal.inet.SocketConnection] Discarding EOFException: java.io.EOFException
2024-04-06T18:24:00.458+0700 [DEBUG] [org.gradle.launcher.daemon.server.SynchronizedDispatchConnection] thread 21: stopping connection
2024-04-06T18:24:00.458+0700 [DEBUG] [org.gradle.launcher.daemon.server.SynchronizedDispatchConnection] thread 159: received null
2024-04-06T18:24:00.459+0700 [DEBUG] [org.gradle.launcher.daemon.server.DefaultDaemonConnection] thread 159: Received end-of-input from client.
2024-04-06T18:24:00.459+0700 [DEBUG] [org.gradle.launcher.daemon.server.SynchronizedDispatchConnection] thread 21: stopping connection
2024-04-06T18:24:05.363+0700 [DEBUG] [org.gradle.cache.internal.DefaultFileLockManager] Waiting to acquire shared lock on daemon addresses registry.
2024-04-06T18:24:05.363+0700 [DEBUG] [org.gradle.cache.internal.DefaultFileLockManager] Lock acquired on daemon addresses registry.
2024-04-06T18:24:05.364+0700 [DEBUG] [org.gradle.cache.internal.DefaultFileLockManager] Releasing lock on daemon addresses registry.
2024-04-06T18:24:05.365+0700 [DEBUG] [org.gradle.cache.internal.DefaultFileLockManager] Waiting to acquire shared lock on daemon addresses registry.
2024-04-06T18:24:05.365+0700 [DEBUG] [org.gradle.cache.internal.DefaultFileLockManager] Lock acquired on daemon addresses registry.
2024-04-06T18:24:05.365+0700 [DEBUG] [org.gradle.cache.internal.DefaultFileLockManager] Releasing lock on daemon addresses registry.
2024-04-06T18:24:09.765+0700 [DEBUG] [org.gradle.process.internal.health.memory.DefaultMemoryManager] 840307097 memory requested, 761524224 free
2024-04-06T18:24:09.765+0700 [DEBUG] [org.gradle.workers.internal.WorkerDaemonExpiration] Will attempt to release 801 of memory
2024-04-06T18:24:09.766+0700 [DEBUG] [org.gradle.process.internal.health.memory.DefaultMemoryManager] 840307097 memory requested, 0 released, 761524224 free
2024-04-06T18:24:15.360+0700 [DEBUG] [org.gradle.cache.internal.DefaultFileLockManager] Waiting to acquire shared lock on daemon addresses registry.
2024-04-06T18:24:15.361+0700 [DEBUG] [org.gradle.cache.internal.DefaultFileLockManager] Lock acquired on daemon addresses registry.
2024-04-06T18:24:15.361+0700 [DEBUG] [org.gradle.cache.internal.DefaultFileLockManager] Releasing lock on daemon addresses registry.
2024-04-06T18:24:15.362+0700 [DEBUG] [org.gradle.cache.internal.DefaultFileLockManager] Waiting to acquire shared lock on daemon addresses registry.
2024-04-06T18:24:15.362+0700 [DEBUG] [org.gradle.cache.internal.DefaultFileLockManager] Lock acquired on daemon addresses registry.
2024-04-06T18:24:15.362+0700 [DEBUG] [org.gradle.cache.internal.DefaultFileLockManager] Releasing lock on daemon addresses registry.
2024-04-06T18:24:15.363+0700 [DEBUG] [org.gradle.cache.internal.DefaultFileLockManager] Waiting to acquire shared lock on daemon addresses registry.
2024-04-06T18:24:15.363+0700 [DEBUG] [org.gradle.cache.internal.DefaultFileLockManager] Lock acquired on daemon addresses registry.
2024-04-06T18:24:15.363+0700 [DEBUG] [org.gradle.cache.internal.DefaultFileLockManager] Releasing lock on daemon addresses registry.
2024-04-06T18:24:18.862+0700 [DEBUG] [org.gradle.internal.remote.internal.inet.TcpIncomingConnector] Accepted connection from /127.0.0.1:52427 to /127.0.0.1:52400.
2024-04-06T18:24:18.865+0700 [DEBUG] [org.gradle.launcher.daemon.server.SynchronizedDispatchConnection] thread 252: received class org.gradle.launcher.daemon.protocol.StopWhenIdle
2024-04-06T18:24:18.865+0700 [DEBUG] [org.gradle.launcher.daemon.server.DefaultDaemonConnection] thread 252: Received non-IO message from client: StopWhenIdle[id=7299216b-896a-40eb-8baa-21bfd546b51a]
2024-04-06T18:24:18.865+0700 [INFO] [org.gradle.launcher.daemon.server.DefaultIncomingConnectionHandler] Received command: StopWhenIdle[id=7299216b-896a-40eb-8baa-21bfd546b51a].
2024-04-06T18:24:18.865+0700 [DEBUG] [org.gradle.launcher.daemon.server.DefaultIncomingConnectionHandler] Starting executing command: StopWhenIdle[id=7299216b-896a-40eb-8baa-21bfd546b51a] with connection: socket connection from /127.0.0.1:52400 to /127.0.0.1:52427.
2024-04-06T18:24:18.866+0700 [DEBUG] [org.gradle.launcher.daemon.server.DaemonRegistryUpdater] Storing daemon stop event: stop command received
2024-04-06T18:24:18.866+0700 [DEBUG] [org.gradle.launcher.daemon.registry.PersistentDaemonRegistry] Storing daemon stop event with timestamp 1712402658866
2024-04-06T18:24:18.867+0700 [DEBUG] [org.gradle.cache.internal.DefaultFileLockManager] Waiting to acquire exclusive lock on daemon addresses registry.
2024-04-06T18:24:18.867+0700 [DEBUG] [org.gradle.cache.internal.DefaultFileLockManager] Lock acquired on daemon addresses registry.
2024-04-06T18:24:18.868+0700 [DEBUG] [org.gradle.cache.internal.DefaultFileLockManager] Releasing lock on daemon addresses registry.
2024-04-06T18:24:18.868+0700 [LIFECYCLE] [org.gradle.launcher.daemon.server.DaemonStateCoordinator] Daemon will be stopped at the end of the build stop command received
2024-04-06T18:24:18.868+0700 [DEBUG] [org.gradle.launcher.daemon.server.DaemonStateCoordinator] Marking daemon stopped due to stop command received. The daemon is running a build: false
2024-04-06T18:24:18.868+0700 [DEBUG] [org.gradle.launcher.daemon.server.DaemonStateCoordinator] daemon has stopped.
2024-04-06T18:24:18.868+0700 [DEBUG] [org.gradle.launcher.daemon.server.SynchronizedDispatchConnection] thread 21: dispatching Success[value=null]
2024-04-06T18:24:18.868+0700 [DEBUG] [org.gradle.launcher.daemon.server.Daemon] stop() called on daemon
2024-04-06T18:24:18.868+0700 [INFO] [org.gradle.launcher.daemon.server.Daemon] Stop requested. Daemon is removing its presence from the registry...
2024-04-06T18:24:18.868+0700 [DEBUG] [org.gradle.launcher.daemon.server.DefaultIncomingConnectionHandler] Finishing executing command: StopWhenIdle[id=7299216b-896a-40eb-8baa-21bfd546b51a]
2024-04-06T18:24:18.868+0700 [DEBUG] [org.gradle.launcher.daemon.server.SynchronizedDispatchConnection] thread 252: received class org.gradle.launcher.daemon.protocol.Finished
2024-04-06T18:24:18.869+0700 [DEBUG] [org.gradle.launcher.daemon.server.DaemonRegistryUpdater] Removing our presence to clients, eg. removing this address from the registry: [4c9f924e-c00b-4eed-9c52-7ffbc829504c port:52400, addresses:[localhost/127.0.0.1]]
2024-04-06T18:24:18.869+0700 [DEBUG] [org.gradle.launcher.daemon.server.DefaultDaemonConnection] thread 252: Received non-IO message from client: org.gradle.launcher.daemon.protocol.Finished@9043221
2024-04-06T18:24:18.869+0700 [DEBUG] [org.gradle.launcher.daemon.registry.PersistentDaemonRegistry] Removing daemon address: [4c9f924e-c00b-4eed-9c52-7ffbc829504c port:52400, addresses:[localhost/127.0.0.1]]
2024-04-06T18:24:18.869+0700 [DEBUG] [org.gradle.internal.remote.internal.inet.SocketConnection] Discarding EOFException: java.io.EOFException
2024-04-06T18:24:18.869+0700 [DEBUG] [org.gradle.launcher.daemon.server.DefaultIncomingConnectionHandler] Received finished message: org.gradle.launcher.daemon.protocol.Finished@9043221
2024-04-06T18:24:18.869+0700 [DEBUG] [org.gradle.launcher.daemon.server.SynchronizedDispatchConnection] thread 252: received null
2024-04-06T18:24:18.869+0700 [DEBUG] [org.gradle.launcher.daemon.server.SynchronizedDispatchConnection] thread 21: stopping connection
2024-04-06T18:24:18.869+0700 [DEBUG] [org.gradle.launcher.daemon.server.DefaultDaemonConnection] thread 252: Received end-of-input from client.
2024-04-06T18:24:18.869+0700 [DEBUG] [org.gradle.launcher.daemon.server.SynchronizedDispatchConnection] thread 21: stopping connection
2024-04-06T18:24:18.870+0700 [DEBUG] [org.gradle.cache.internal.DefaultFileLockManager] Waiting to acquire exclusive lock on daemon addresses registry.
2024-04-06T18:24:18.870+0700 [DEBUG] [org.gradle.cache.internal.DefaultFileLockManager] Lock acquired on daemon addresses registry.
2024-04-06T18:24:18.871+0700 [DEBUG] [org.gradle.cache.internal.DefaultFileLockManager] Releasing lock on daemon addresses registry.
2024-04-06T18:24:18.871+0700 [DEBUG] [org.gradle.launcher.daemon.server.DaemonRegistryUpdater] Address removed from registry.
2024-04-06T18:24:18.872+0700 [DEBUG] [org.gradle.cache.internal.LockOnDemandCrossProcessCacheAccess] Releasing file lock for jars (F:\Project\22IT343_NguynnhAnhV\caches\jars-9)
2024-04-06T18:24:18.872+0700 [DEBUG] [org.gradle.cache.internal.DefaultFileLockManager] Releasing lock on jars (F:\Project\22IT343_NguynnhAnhV\caches\jars-9).
2024-04-06T18:24:18.872+0700 [DEBUG] [org.gradle.cache.internal.DefaultPersistentDirectoryStore] jars (F:\Project\22IT343_NguynnhAnhV\caches\jars-9) has last been fully cleaned up 0 hours ago
2024-04-06T18:24:18.873+0700 [DEBUG] [org.gradle.cache.internal.LockOnDemandCrossProcessCacheAccess] Releasing file lock for Artifact transforms cache (F:\Project\22IT343_NguynnhAnhV\caches\transforms-3)
2024-04-06T18:24:18.873+0700 [DEBUG] [org.gradle.cache.internal.DefaultFileLockManager] Releasing lock on Artifact transforms cache (F:\Project\22IT343_NguynnhAnhV\caches\transforms-3).
2024-04-06T18:24:18.873+0700 [DEBUG] [org.gradle.cache.internal.DefaultPersistentDirectoryStore] Artifact transforms cache (F:\Project\22IT343_NguynnhAnhV\caches\transforms-3) has last been fully cleaned up 0 hours ago
2024-04-06T18:24:18.874+0700 [DEBUG] [org.gradle.cache.internal.LockOnDemandCrossProcessCacheAccess] Releasing file lock for kotlin-dsl (F:\Project\22IT343_NguynnhAnhV\caches\8.2\kotlin-dsl)
2024-04-06T18:24:18.874+0700 [DEBUG] [org.gradle.cache.internal.btree.BTreePersistentIndexedCache] Closing cache executionHistory.bin (F:\Project\22IT343_NguynnhAnhV\caches\8.2\kotlin-dsl\executionHistory.bin)
2024-04-06T18:24:18.874+0700 [DEBUG] [org.gradle.cache.internal.DefaultFileLockManager] Releasing lock on kotlin-dsl (F:\Project\22IT343_NguynnhAnhV\caches\8.2\kotlin-dsl).
2024-04-06T18:24:18.874+0700 [DEBUG] [org.gradle.cache.internal.DefaultPersistentDirectoryStore] kotlin-dsl (F:\Project\22IT343_NguynnhAnhV\caches\8.2\kotlin-dsl) has last been fully cleaned up 0 hours ago
2024-04-06T18:24:18.879+0700 [DEBUG] [org.gradle.cache.internal.LockOnDemandCrossProcessCacheAccess] Releasing file lock for file content cache (F:\Project\22IT343_NguynnhAnhV\caches\8.2\fileContent)
2024-04-06T18:24:18.879+0700 [DEBUG] [org.gradle.cache.internal.DefaultFileLockManager] Releasing lock on file content cache (F:\Project\22IT343_NguynnhAnhV\caches\8.2\fileContent).
2024-04-06T18:24:18.879+0700 [DEBUG] [org.gradle.internal.watch.vfs.impl.WatchingVirtualFileSystem] Closing VFS, dropping state
2024-04-06T18:24:18.881+0700 [DEBUG] [org.gradle.internal.watch.registry.impl.DefaultFileWatcherRegistry] Finished listening to file system change events
2024-04-06T18:24:18.881+0700 [DEBUG] [org.gradle.cache.internal.LockOnDemandCrossProcessCacheAccess] Releasing file lock for Generated Gradle JARs cache (F:\Project\22IT343_NguynnhAnhV\caches\8.2\generated-gradle-jars)
2024-04-06T18:24:18.881+0700 [DEBUG] [org.gradle.cache.internal.DefaultFileLockManager] Releasing lock on Generated Gradle JARs cache (F:\Project\22IT343_NguynnhAnhV\caches\8.2\generated-gradle-jars).
2024-04-06T18:24:18.881+0700 [DEBUG] [org.gradle.cache.internal.LockOnDemandCrossProcessCacheAccess] Releasing file lock for artifact cache (F:\Project\22IT343_NguynnhAnhV\caches\modules-2)
2024-04-06T18:24:18.881+0700 [DEBUG] [org.gradle.cache.internal.btree.BTreePersistentIndexedCache] Closing cache module-artifact.bin (F:\Project\22IT343_NguynnhAnhV\caches\modules-2\metadata-2.106\module-artifact.bin)
2024-04-06T18:24:18.881+0700 [DEBUG] [org.gradle.cache.internal.btree.BTreePersistentIndexedCache] Closing cache module-metadata.bin (F:\Project\22IT343_NguynnhAnhV\caches\modules-2\metadata-2.106\module-metadata.bin)
2024-04-06T18:24:18.882+0700 [DEBUG] [org.gradle.cache.internal.btree.BTreePersistentIndexedCache] Closing cache module-artifacts.bin (F:\Project\22IT343_NguynnhAnhV\caches\modules-2\metadata-2.106\module-artifacts.bin)
2024-04-06T18:24:18.882+0700 [DEBUG] [org.gradle.cache.internal.DefaultFileLockManager] Releasing lock on artifact cache (F:\Project\22IT343_NguynnhAnhV\caches\modules-2).
2024-04-06T18:24:18.882+0700 [DEBUG] [org.gradle.cache.internal.DefaultPersistentDirectoryStore] artifact cache (F:\Project\22IT343_NguynnhAnhV\caches\modules-2) has last been fully cleaned up 0 hours ago
2024-04-06T18:24:18.882+0700 [DEBUG] [org.gradle.cache.internal.LockOnDemandCrossProcessCacheAccess] Releasing file lock for journal cache (F:\Project\22IT343_NguynnhAnhV\caches\journal-1)
2024-04-06T18:24:18.882+0700 [DEBUG] [org.gradle.cache.internal.btree.BTreePersistentIndexedCache] Closing cache file-access.bin (F:\Project\22IT343_NguynnhAnhV\caches\journal-1\file-access.bin)
2024-04-06T18:24:18.882+0700 [DEBUG] [org.gradle.cache.internal.DefaultFileLockManager] Releasing lock on journal cache (F:\Project\22IT343_NguynnhAnhV\caches\journal-1).
2024-04-06T18:24:18.883+0700 [DEBUG] [org.gradle.cache.internal.LockOnDemandCrossProcessCacheAccess] Releasing file lock for file hash cache (F:\Project\22IT343_NguynnhAnhV\caches\8.2\fileHashes)
2024-04-06T18:24:18.883+0700 [DEBUG] [org.gradle.cache.internal.btree.BTreePersistentIndexedCache] Closing cache fileHashes.bin (F:\Project\22IT343_NguynnhAnhV\caches\8.2\fileHashes\fileHashes.bin)
2024-04-06T18:24:18.883+0700 [DEBUG] [org.gradle.cache.internal.btree.BTreePersistentIndexedCache] Closing cache resourceHashesCache.bin (F:\Project\22IT343_NguynnhAnhV\caches\8.2\fileHashes\resourceHashesCache.bin)
2024-04-06T18:24:18.883+0700 [DEBUG] [org.gradle.cache.internal.DefaultFileLockManager] Releasing lock on file hash cache (F:\Project\22IT343_NguynnhAnhV\caches\8.2\fileHashes).
2024-04-06T18:24:18.883+0700 [DEBUG] [org.gradle.cache.internal.LockOnDemandCrossProcessCacheAccess] Releasing file lock for execution history cache (F:\Project\22IT343_NguynnhAnhV\caches\8.2\executionHistory)
2024-04-06T18:24:18.883+0700 [DEBUG] [org.gradle.cache.internal.btree.BTreePersistentIndexedCache] Closing cache executionHistory.bin (F:\Project\22IT343_NguynnhAnhV\caches\8.2\executionHistory\executionHistory.bin)
2024-04-06T18:24:18.884+0700 [DEBUG] [org.gradle.cache.internal.DefaultFileLockManager] Releasing lock on execution history cache (F:\Project\22IT343_NguynnhAnhV\caches\8.2\executionHistory).
Daemon vm is shutting down... The daemon has exited normally or was terminated in response to a user interrupt.
2024-04-06T18:24:18.885+0700 [DEBUG] [org.gradle.launcher.daemon.registry.PersistentDaemonRegistry] Removing daemon address: [4c9f924e-c00b-4eed-9c52-7ffbc829504c port:52400, addresses:[localhost/127.0.0.1]]
2024-04-06T18:24:18.886+0700 [DEBUG] [org.gradle.cache.internal.DefaultFileLockManager] Waiting to acquire exclusive lock on daemon addresses registry.
2024-04-06T18:24:18.886+0700 [DEBUG] [org.gradle.cache.internal.DefaultFileLockManager] Lock acquired on daemon addresses registry.
2024-04-06T18:24:18.887+0700 [DEBUG] [org.gradle.cache.internal.DefaultFileLockManager] Releasing lock on daemon addresses registry.
