2024-04-04T19:27:57.581+0700 [DEBUG] [org.gradle.launcher.daemon.bootstrap.DaemonMain] Assuming the daemon was started with following jvm opts: [--add-opens=java.base/java.util=ALL-UNNAMED, --add-opens=java.base/java.lang=ALL-UNNAMED, --add-opens=java.base/java.lang.invoke=ALL-UNNAMED, --add-opens=java.prefs/java.util.prefs=ALL-UNNAMED, --add-opens=java.base/java.nio.charset=ALL-UNNAMED, --add-opens=java.base/java.net=ALL-UNNAMED, --add-opens=java.base/java.util.concurrent.atomic=ALL-UNNAMED, -Xmx2048m, -Dfile.encoding=UTF-8, -Duser.country=US, -Duser.language=en, -Duser.variant]
2024-04-04T19:27:57.812+0700 [DEBUG] [org.gradle.internal.nativeintegration.services.NativeServices] Native-platform posix files integration is not available. Continuing with fallback.
2024-04-04T19:27:57.835+0700 [INFO] [org.gradle.launcher.daemon.server.Daemon] start() called on daemon - DefaultDaemonContext[uid=07d00723-fda3-49ba-9899-3723e58f64d0,javaHome=F:\Android\jbr,daemonRegistryDir=F:\Project\22IT343_NguynnhAnhV\daemon,pid=9964,idleTimeout=10800000,priority=NORMAL,applyInstrumentationAgent=true,daemonOpts=--add-opens=java.base/java.util=ALL-UNNAMED,--add-opens=java.base/java.lang=ALL-UNNAMED,--add-opens=java.base/java.lang.invoke=ALL-UNNAMED,--add-opens=java.prefs/java.util.prefs=ALL-UNNAMED,--add-opens=java.base/java.nio.charset=ALL-UNNAMED,--add-opens=java.base/java.net=ALL-UNNAMED,--add-opens=java.base/java.util.concurrent.atomic=ALL-UNNAMED,-Xmx2048m,-Dfile.encoding=UTF-8,-Duser.country=US,-Duser.language=en,-Duser.variant]
2024-04-04T19:27:57.960+0700 [DEBUG] [org.gradle.internal.remote.internal.inet.InetAddresses] Adding IP addresses for network interface Software Loopback Interface 1
2024-04-04T19:27:57.962+0700 [DEBUG] [org.gradle.internal.remote.internal.inet.InetAddresses] Is this a loopback interface? true
2024-04-04T19:27:57.963+0700 [DEBUG] [org.gradle.internal.remote.internal.inet.InetAddresses] Adding loopback address /127.0.0.1
2024-04-04T19:27:57.963+0700 [DEBUG] [org.gradle.internal.remote.internal.inet.InetAddresses] Adding loopback address /0:0:0:0:0:0:0:1
2024-04-04T19:27:57.964+0700 [DEBUG] [org.gradle.internal.remote.internal.inet.InetAddresses] Adding IP addresses for network interface Microsoft 6to4 Adapter
2024-04-04T19:27:57.966+0700 [DEBUG] [org.gradle.internal.remote.internal.inet.InetAddresses] Is this a loopback interface? false
2024-04-04T19:27:57.966+0700 [DEBUG] [org.gradle.internal.remote.internal.inet.InetAddresses] Adding IP addresses for network interface WAN Miniport (PPTP)
2024-04-04T19:27:57.968+0700 [DEBUG] [org.gradle.internal.remote.internal.inet.InetAddresses] Is this a loopback interface? false
2024-04-04T19:27:57.968+0700 [DEBUG] [org.gradle.internal.remote.internal.inet.InetAddresses] Adding IP addresses for network interface Microsoft IP-HTTPS Platform Adapter
2024-04-04T19:27:57.970+0700 [DEBUG] [org.gradle.internal.remote.internal.inet.InetAddresses] Is this a loopback interface? false
2024-04-04T19:27:57.971+0700 [DEBUG] [org.gradle.internal.remote.internal.inet.InetAddresses] Adding IP addresses for network interface WAN Miniport (IPv6)
2024-04-04T19:27:57.973+0700 [DEBUG] [org.gradle.internal.remote.internal.inet.InetAddresses] Is this a loopback interface? false
2024-04-04T19:27:57.973+0700 [DEBUG] [org.gradle.internal.remote.internal.inet.InetAddresses] Adding IP addresses for network interface Microsoft Wi-Fi Direct Virtual Adapter #2
2024-04-04T19:27:57.975+0700 [DEBUG] [org.gradle.internal.remote.internal.inet.InetAddresses] Is this a loopback interface? false
2024-04-04T19:27:57.975+0700 [DEBUG] [org.gradle.internal.remote.internal.inet.InetAddresses] Adding IP addresses for network interface WAN Miniport (IP)
2024-04-04T19:27:57.976+0700 [DEBUG] [org.gradle.internal.remote.internal.inet.InetAddresses] Is this a loopback interface? false
2024-04-04T19:27:57.977+0700 [DEBUG] [org.gradle.internal.remote.internal.inet.InetAddresses] Adding IP addresses for network interface WAN Miniport (PPPOE)
2024-04-04T19:27:57.978+0700 [DEBUG] [org.gradle.internal.remote.internal.inet.InetAddresses] Is this a loopback interface? false
2024-04-04T19:27:57.978+0700 [DEBUG] [org.gradle.internal.remote.internal.inet.InetAddresses] Adding IP addresses for network interface Microsoft Teredo Tunneling Adapter
2024-04-04T19:27:57.980+0700 [DEBUG] [org.gradle.internal.remote.internal.inet.InetAddresses] Is this a loopback interface? false
2024-04-04T19:27:57.980+0700 [DEBUG] [org.gradle.internal.remote.internal.inet.InetAddresses] Adding IP addresses for network interface Microsoft Wi-Fi Direct Virtual Adapter #4
2024-04-04T19:27:57.982+0700 [DEBUG] [org.gradle.internal.remote.internal.inet.InetAddresses] Is this a loopback interface? false
2024-04-04T19:27:57.982+0700 [DEBUG] [org.gradle.internal.remote.internal.inet.InetAddresses] Adding remote address /fe80:0:0:0:d43c:81d3:27b9:7d90%wlan1
2024-04-04T19:27:57.982+0700 [DEBUG] [org.gradle.internal.remote.internal.inet.InetAddresses] Adding IP addresses for network interface WAN Miniport (SSTP)
2024-04-04T19:27:57.984+0700 [DEBUG] [org.gradle.internal.remote.internal.inet.InetAddresses] Is this a loopback interface? false
2024-04-04T19:27:57.984+0700 [DEBUG] [org.gradle.internal.remote.internal.inet.InetAddresses] Adding IP addresses for network interface Realtek PCIe GbE Family Controller
2024-04-04T19:27:57.985+0700 [DEBUG] [org.gradle.internal.remote.internal.inet.InetAddresses] Is this a loopback interface? false
2024-04-04T19:27:57.986+0700 [DEBUG] [org.gradle.internal.remote.internal.inet.InetAddresses] Adding remote address /fe80:0:0:0:5aec:6a81:50ab:3daf%eth2
2024-04-04T19:27:57.986+0700 [DEBUG] [org.gradle.internal.remote.internal.inet.InetAddresses] Adding IP addresses for network interface Microsoft Kernel Debug Network Adapter
2024-04-04T19:27:57.987+0700 [DEBUG] [org.gradle.internal.remote.internal.inet.InetAddresses] Is this a loopback interface? false
2024-04-04T19:27:57.987+0700 [DEBUG] [org.gradle.internal.remote.internal.inet.InetAddresses] Adding IP addresses for network interface WAN Miniport (IKEv2)
2024-04-04T19:27:57.989+0700 [DEBUG] [org.gradle.internal.remote.internal.inet.InetAddresses] Is this a loopback interface? false
2024-04-04T19:27:57.989+0700 [DEBUG] [org.gradle.internal.remote.internal.inet.InetAddresses] Adding IP addresses for network interface Microsoft Wi-Fi Direct Virtual Adapter
2024-04-04T19:27:57.991+0700 [DEBUG] [org.gradle.internal.remote.internal.inet.InetAddresses] Is this a loopback interface? false
2024-04-04T19:27:57.991+0700 [DEBUG] [org.gradle.internal.remote.internal.inet.InetAddresses] Adding IP addresses for network interface WAN Miniport (Network Monitor)
2024-04-04T19:27:57.992+0700 [DEBUG] [org.gradle.internal.remote.internal.inet.InetAddresses] Is this a loopback interface? false
2024-04-04T19:27:57.992+0700 [DEBUG] [org.gradle.internal.remote.internal.inet.InetAddresses] Adding IP addresses for network interface Intel(R) Wi-Fi 6 AX201 160MHz
2024-04-04T19:27:57.994+0700 [DEBUG] [org.gradle.internal.remote.internal.inet.InetAddresses] Is this a loopback interface? false
2024-04-04T19:27:57.994+0700 [DEBUG] [org.gradle.internal.remote.internal.inet.InetAddresses] Adding remote address /192.168.1.8
2024-04-04T19:27:57.994+0700 [DEBUG] [org.gradle.internal.remote.internal.inet.InetAddresses] Adding remote address /2001:ee1:db04:b220:6c7:28d8:ec48:eba
2024-04-04T19:27:57.994+0700 [DEBUG] [org.gradle.internal.remote.internal.inet.InetAddresses] Adding remote address /2001:ee1:db04:b220:4182:49b3:f87c:4e61
2024-04-04T19:27:57.994+0700 [DEBUG] [org.gradle.internal.remote.internal.inet.InetAddresses] Adding remote address /fe80:0:0:0:27e3:fb95:2fb8:22bc%wlan3
2024-04-04T19:27:57.994+0700 [DEBUG] [org.gradle.internal.remote.internal.inet.InetAddresses] Adding IP addresses for network interface Microsoft Wi-Fi Direct Virtual Adapter #3
2024-04-04T19:27:57.996+0700 [DEBUG] [org.gradle.internal.remote.internal.inet.InetAddresses] Is this a loopback interface? false
2024-04-04T19:27:57.996+0700 [DEBUG] [org.gradle.internal.remote.internal.inet.InetAddresses] Adding remote address /fe80:0:0:0:cb0d:3cea:39bb:894d%wlan4
2024-04-04T19:27:57.996+0700 [DEBUG] [org.gradle.internal.remote.internal.inet.InetAddresses] Adding IP addresses for network interface WAN Miniport (L2TP)
2024-04-04T19:27:57.998+0700 [DEBUG] [org.gradle.internal.remote.internal.inet.InetAddresses] Is this a loopback interface? false
2024-04-04T19:27:57.998+0700 [DEBUG] [org.gradle.internal.remote.internal.inet.InetAddresses] Adding IP addresses for network interface Realtek PCIe GbE Family Controller-WFP Native MAC Layer LightWeight Filter-0000
2024-04-04T19:27:58.000+0700 [DEBUG] [org.gradle.internal.remote.internal.inet.InetAddresses] Is this a loopback interface? false
2024-04-04T19:27:58.000+0700 [DEBUG] [org.gradle.internal.remote.internal.inet.InetAddresses] Adding IP addresses for network interface Realtek PCIe GbE Family Controller-QoS Packet Scheduler-0000
2024-04-04T19:27:58.002+0700 [DEBUG] [org.gradle.internal.remote.internal.inet.InetAddresses] Is this a loopback interface? false
2024-04-04T19:27:58.002+0700 [DEBUG] [org.gradle.internal.remote.internal.inet.InetAddresses] Adding IP addresses for network interface Realtek PCIe GbE Family Controller-WFP 802.3 MAC Layer LightWeight Filter-0000
2024-04-04T19:27:58.003+0700 [DEBUG] [org.gradle.internal.remote.internal.inet.InetAddresses] Is this a loopback interface? false
2024-04-04T19:27:58.004+0700 [DEBUG] [org.gradle.internal.remote.internal.inet.InetAddresses] Adding IP addresses for network interface Intel(R) Wi-Fi 6 AX201 160MHz-WFP Native MAC Layer LightWeight Filter-0000
2024-04-04T19:27:58.005+0700 [DEBUG] [org.gradle.internal.remote.internal.inet.InetAddresses] Is this a loopback interface? false
2024-04-04T19:27:58.005+0700 [DEBUG] [org.gradle.internal.remote.internal.inet.InetAddresses] Adding IP addresses for network interface Intel(R) Wi-Fi 6 AX201 160MHz-Virtual WiFi Filter Driver-0000
2024-04-04T19:27:58.006+0700 [DEBUG] [org.gradle.internal.remote.internal.inet.InetAddresses] Is this a loopback interface? false
2024-04-04T19:27:58.007+0700 [DEBUG] [org.gradle.internal.remote.internal.inet.InetAddresses] Adding IP addresses for network interface Intel(R) Wi-Fi 6 AX201 160MHz-Native WiFi Filter Driver-0000
2024-04-04T19:27:58.008+0700 [DEBUG] [org.gradle.internal.remote.internal.inet.InetAddresses] Is this a loopback interface? false
2024-04-04T19:27:58.008+0700 [DEBUG] [org.gradle.internal.remote.internal.inet.InetAddresses] Adding IP addresses for network interface Intel(R) Wi-Fi 6 AX201 160MHz-QoS Packet Scheduler-0000
2024-04-04T19:27:58.011+0700 [DEBUG] [org.gradle.internal.remote.internal.inet.InetAddresses] Is this a loopback interface? false
2024-04-04T19:27:58.011+0700 [DEBUG] [org.gradle.internal.remote.internal.inet.InetAddresses] Adding IP addresses for network interface Intel(R) Wi-Fi 6 AX201 160MHz-WFP 802.3 MAC Layer LightWeight Filter-0000
2024-04-04T19:27:58.013+0700 [DEBUG] [org.gradle.internal.remote.internal.inet.InetAddresses] Is this a loopback interface? false
2024-04-04T19:27:58.013+0700 [DEBUG] [org.gradle.internal.remote.internal.inet.InetAddresses] Adding IP addresses for network interface WAN Miniport (IP)-WFP Native MAC Layer LightWeight Filter-0000
2024-04-04T19:27:58.015+0700 [DEBUG] [org.gradle.internal.remote.internal.inet.InetAddresses] Is this a loopback interface? false
2024-04-04T19:27:58.015+0700 [DEBUG] [org.gradle.internal.remote.internal.inet.InetAddresses] Adding IP addresses for network interface WAN Miniport (IP)-QoS Packet Scheduler-0000
2024-04-04T19:27:58.017+0700 [DEBUG] [org.gradle.internal.remote.internal.inet.InetAddresses] Is this a loopback interface? false
2024-04-04T19:27:58.017+0700 [DEBUG] [org.gradle.internal.remote.internal.inet.InetAddresses] Adding IP addresses for network interface WAN Miniport (IPv6)-WFP Native MAC Layer LightWeight Filter-0000
2024-04-04T19:27:58.019+0700 [DEBUG] [org.gradle.internal.remote.internal.inet.InetAddresses] Is this a loopback interface? false
2024-04-04T19:27:58.019+0700 [DEBUG] [org.gradle.internal.remote.internal.inet.InetAddresses] Adding IP addresses for network interface WAN Miniport (IPv6)-QoS Packet Scheduler-0000
2024-04-04T19:27:58.021+0700 [DEBUG] [org.gradle.internal.remote.internal.inet.InetAddresses] Is this a loopback interface? false
2024-04-04T19:27:58.021+0700 [DEBUG] [org.gradle.internal.remote.internal.inet.InetAddresses] Adding IP addresses for network interface WAN Miniport (Network Monitor)-WFP Native MAC Layer LightWeight Filter-0000
2024-04-04T19:27:58.023+0700 [DEBUG] [org.gradle.internal.remote.internal.inet.InetAddresses] Is this a loopback interface? false
2024-04-04T19:27:58.023+0700 [DEBUG] [org.gradle.internal.remote.internal.inet.InetAddresses] Adding IP addresses for network interface WAN Miniport (Network Monitor)-QoS Packet Scheduler-0000
2024-04-04T19:27:58.024+0700 [DEBUG] [org.gradle.internal.remote.internal.inet.InetAddresses] Is this a loopback interface? false
2024-04-04T19:27:58.024+0700 [DEBUG] [org.gradle.internal.remote.internal.inet.InetAddresses] Adding IP addresses for network interface Microsoft Wi-Fi Direct Virtual Adapter #3-WFP Native MAC Layer LightWeight Filter-0000
2024-04-04T19:27:58.025+0700 [DEBUG] [org.gradle.internal.remote.internal.inet.InetAddresses] Is this a loopback interface? false
2024-04-04T19:27:58.025+0700 [DEBUG] [org.gradle.internal.remote.internal.inet.InetAddresses] Adding IP addresses for network interface Microsoft Wi-Fi Direct Virtual Adapter #3-Native WiFi Filter Driver-0000
2024-04-04T19:27:58.027+0700 [DEBUG] [org.gradle.internal.remote.internal.inet.InetAddresses] Is this a loopback interface? false
2024-04-04T19:27:58.027+0700 [DEBUG] [org.gradle.internal.remote.internal.inet.InetAddresses] Adding IP addresses for network interface Microsoft Wi-Fi Direct Virtual Adapter #3-QoS Packet Scheduler-0000
2024-04-04T19:27:58.028+0700 [DEBUG] [org.gradle.internal.remote.internal.inet.InetAddresses] Is this a loopback interface? false
2024-04-04T19:27:58.028+0700 [DEBUG] [org.gradle.internal.remote.internal.inet.InetAddresses] Adding IP addresses for network interface Microsoft Wi-Fi Direct Virtual Adapter #3-WFP 802.3 MAC Layer LightWeight Filter-0000
2024-04-04T19:27:58.029+0700 [DEBUG] [org.gradle.internal.remote.internal.inet.InetAddresses] Is this a loopback interface? false
2024-04-04T19:27:58.030+0700 [DEBUG] [org.gradle.internal.remote.internal.inet.InetAddresses] Adding IP addresses for network interface Microsoft Wi-Fi Direct Virtual Adapter #4-WFP Native MAC Layer LightWeight Filter-0000
2024-04-04T19:27:58.031+0700 [DEBUG] [org.gradle.internal.remote.internal.inet.InetAddresses] Is this a loopback interface? false
2024-04-04T19:27:58.031+0700 [DEBUG] [org.gradle.internal.remote.internal.inet.InetAddresses] Adding IP addresses for network interface Microsoft Wi-Fi Direct Virtual Adapter #4-Native WiFi Filter Driver-0000
2024-04-04T19:27:58.032+0700 [DEBUG] [org.gradle.internal.remote.internal.inet.InetAddresses] Is this a loopback interface? false
2024-04-04T19:27:58.032+0700 [DEBUG] [org.gradle.internal.remote.internal.inet.InetAddresses] Adding IP addresses for network interface Microsoft Wi-Fi Direct Virtual Adapter #4-QoS Packet Scheduler-0000
2024-04-04T19:27:58.034+0700 [DEBUG] [org.gradle.internal.remote.internal.inet.InetAddresses] Is this a loopback interface? false
2024-04-04T19:27:58.034+0700 [DEBUG] [org.gradle.internal.remote.internal.inet.InetAddresses] Adding IP addresses for network interface Microsoft Wi-Fi Direct Virtual Adapter #4-WFP 802.3 MAC Layer LightWeight Filter-0000
2024-04-04T19:27:58.035+0700 [DEBUG] [org.gradle.internal.remote.internal.inet.InetAddresses] Is this a loopback interface? false
2024-04-04T19:27:58.039+0700 [DEBUG] [org.gradle.internal.remote.internal.inet.TcpIncomingConnector] Listening on [b93d5a52-802a-4181-af10-6d9f48a15675 port:49890, addresses:[localhost/127.0.0.1]].
2024-04-04T19:27:58.045+0700 [DEBUG] [org.gradle.launcher.daemon.server.Daemon] Daemon starting at: Thu Apr 04 19:27:58 ICT 2024, with address: [b93d5a52-802a-4181-af10-6d9f48a15675 port:49890, addresses:[localhost/127.0.0.1]]
2024-04-04T19:27:58.045+0700 [INFO] [org.gradle.launcher.daemon.server.DaemonRegistryUpdater] Advertising the daemon address to the clients: [b93d5a52-802a-4181-af10-6d9f48a15675 port:49890, addresses:[localhost/127.0.0.1]]
2024-04-04T19:27:58.045+0700 [DEBUG] [org.gradle.launcher.daemon.server.DaemonRegistryUpdater] Advertised daemon context: DefaultDaemonContext[uid=07d00723-fda3-49ba-9899-3723e58f64d0,javaHome=F:\Android\jbr,daemonRegistryDir=F:\Project\22IT343_NguynnhAnhV\daemon,pid=9964,idleTimeout=10800000,priority=NORMAL,applyInstrumentationAgent=true,daemonOpts=--add-opens=java.base/java.util=ALL-UNNAMED,--add-opens=java.base/java.lang=ALL-UNNAMED,--add-opens=java.base/java.lang.invoke=ALL-UNNAMED,--add-opens=java.prefs/java.util.prefs=ALL-UNNAMED,--add-opens=java.base/java.nio.charset=ALL-UNNAMED,--add-opens=java.base/java.net=ALL-UNNAMED,--add-opens=java.base/java.util.concurrent.atomic=ALL-UNNAMED,-Xmx2048m,-Dfile.encoding=UTF-8,-Duser.country=US,-Duser.language=en,-Duser.variant]
2024-04-04T19:27:58.046+0700 [DEBUG] [org.gradle.launcher.daemon.registry.PersistentDaemonRegistry] Storing daemon address: [b93d5a52-802a-4181-af10-6d9f48a15675 port:49890, addresses:[localhost/127.0.0.1]], context: DefaultDaemonContext[uid=07d00723-fda3-49ba-9899-3723e58f64d0,javaHome=F:\Android\jbr,daemonRegistryDir=F:\Project\22IT343_NguynnhAnhV\daemon,pid=9964,idleTimeout=10800000,priority=NORMAL,applyInstrumentationAgent=true,daemonOpts=--add-opens=java.base/java.util=ALL-UNNAMED,--add-opens=java.base/java.lang=ALL-UNNAMED,--add-opens=java.base/java.lang.invoke=ALL-UNNAMED,--add-opens=java.prefs/java.util.prefs=ALL-UNNAMED,--add-opens=java.base/java.nio.charset=ALL-UNNAMED,--add-opens=java.base/java.net=ALL-UNNAMED,--add-opens=java.base/java.util.concurrent.atomic=ALL-UNNAMED,-Xmx2048m,-Dfile.encoding=UTF-8,-Duser.country=US,-Duser.language=en,-Duser.variant]
2024-04-04T19:27:58.054+0700 [DEBUG] [org.gradle.cache.internal.DefaultFileLockManager] Waiting to acquire exclusive lock on daemon addresses registry.
2024-04-04T19:27:58.057+0700 [DEBUG] [org.gradle.cache.internal.DefaultFileLockManager] Lock acquired on daemon addresses registry.
2024-04-04T19:27:58.060+0700 [DEBUG] [org.gradle.cache.internal.DefaultFileLockManager] Releasing lock on daemon addresses registry.
2024-04-04T19:27:58.060+0700 [LIFECYCLE] [org.gradle.launcher.daemon.server.Daemon] Daemon server started.
2024-04-04T19:27:58.061+0700 [DEBUG] [org.gradle.launcher.daemon.bootstrap.DaemonStartupCommunication] Completed writing the daemon greeting. Closing streams...
2024-04-04T19:27:58.065+0700 [DEBUG] [org.gradle.launcher.daemon.server.Daemon] stopOnExpiration() called on daemon
2024-04-04T19:27:58.065+0700 [DEBUG] [org.gradle.launcher.daemon.server.Daemon] awaitExpiration() called on daemon
2024-04-04T19:27:58.065+0700 [DEBUG] [org.gradle.launcher.daemon.server.DaemonStateCoordinator] daemon is running. Sleeping until state changes.
2024-04-04T19:27:58.073+0700 [DEBUG] [org.gradle.internal.remote.internal.inet.TcpIncomingConnector] Accepted connection from /127.0.0.1:49891 to /127.0.0.1:49890.
2024-04-04T19:27:58.146+0700 [DEBUG] [org.gradle.launcher.daemon.server.SynchronizedDispatchConnection] thread 22: received class org.gradle.launcher.daemon.protocol.Build
2024-04-04T19:27:58.146+0700 [DEBUG] [org.gradle.launcher.daemon.server.DefaultDaemonConnection] thread 22: Received non-IO message from client: Build{id=fd2074e2-6c49-4345-97b6-5f402b526428, currentDir=F:\Project\22IT343_NguynnhAnhV}
2024-04-04T19:27:58.146+0700 [INFO] [org.gradle.launcher.daemon.server.DefaultIncomingConnectionHandler] Received command: Build{id=fd2074e2-6c49-4345-97b6-5f402b526428, currentDir=F:\Project\22IT343_NguynnhAnhV}.
2024-04-04T19:27:58.146+0700 [DEBUG] [org.gradle.launcher.daemon.server.DefaultIncomingConnectionHandler] Starting executing command: Build{id=fd2074e2-6c49-4345-97b6-5f402b526428, currentDir=F:\Project\22IT343_NguynnhAnhV} with connection: socket connection from /127.0.0.1:49890 to /127.0.0.1:49891.
2024-04-04T19:27:58.148+0700 [DEBUG] [org.gradle.launcher.daemon.server.DaemonStateCoordinator] Command execution: started DaemonCommandExecution[command = Build{id=fd2074e2-6c49-4345-97b6-5f402b526428, currentDir=F:\Project\22IT343_NguynnhAnhV}, connection = DefaultDaemonConnection: socket connection from /127.0.0.1:49890 to /127.0.0.1:49891] after 0.0 minutes of idle
2024-04-04T19:27:58.148+0700 [INFO] [org.gradle.launcher.daemon.server.DaemonRegistryUpdater] Marking the daemon as busy, address: [b93d5a52-802a-4181-af10-6d9f48a15675 port:49890, addresses:[localhost/127.0.0.1]]
2024-04-04T19:27:58.148+0700 [DEBUG] [org.gradle.launcher.daemon.registry.PersistentDaemonRegistry] Marking busy by address: [b93d5a52-802a-4181-af10-6d9f48a15675 port:49890, addresses:[localhost/127.0.0.1]]
2024-04-04T19:27:58.149+0700 [DEBUG] [org.gradle.cache.internal.DefaultFileLockManager] Waiting to acquire exclusive lock on daemon addresses registry.
2024-04-04T19:27:58.149+0700 [DEBUG] [org.gradle.cache.internal.DefaultFileLockManager] Lock acquired on daemon addresses registry.
2024-04-04T19:27:58.150+0700 [DEBUG] [org.gradle.cache.internal.DefaultFileLockManager] Releasing lock on daemon addresses registry.
2024-04-04T19:27:58.150+0700 [DEBUG] [org.gradle.launcher.daemon.server.DaemonStateCoordinator] resetting idle timer
2024-04-04T19:27:58.150+0700 [DEBUG] [org.gradle.launcher.daemon.server.DaemonStateCoordinator] daemon is running. Sleeping until state changes.
2024-04-04T19:27:58.151+0700 [INFO] [org.gradle.launcher.daemon.server.exec.StartBuildOrRespondWithBusy] Daemon is about to start building Build{id=fd2074e2-6c49-4345-97b6-5f402b526428, currentDir=F:\Project\22IT343_NguynnhAnhV}. Dispatching build started information...
2024-04-04T19:27:58.151+0700 [DEBUG] [org.gradle.launcher.daemon.server.SynchronizedDispatchConnection] thread 24: dispatching org.gradle.launcher.daemon.protocol.BuildStarted@3b7c0e0c
2024-04-04T19:27:58.152+0700 [DEBUG] [org.gradle.launcher.daemon.server.exec.EstablishBuildEnvironment] Configuring env variables: [USERDOMAIN_ROAMINGPROFILE, configsetroot, LOCALAPPDATA, PROCESSOR_LEVEL, Android_SDK_Home, USERDOMAIN, LOGONSERVER, ALLUSERSPROFILE, INTEL_DEV_REDIST, PROCESSOR_ARCHITECTURE, MIC_LD_LIBRARY_PATH, __COMPAT_LAYER, PSModulePath, SystemDrive, OneDrive, APPDATA, USERNAME, ProgramFiles(x86), CommonProgramFiles, Path, PATHEXT, DriverData, OS, OneDriveConsumer, COMPUTERNAME, IntelliJ IDEA Community Edition, PROCESSOR_REVISION, CommonProgramW6432, ComSpec, ProgramData, ProgramW6432, HOMEPATH, SystemRoot, TEMP, PROCESSOR_IDENTIFIER, HOMEDRIVE, USERPROFILE, TMP, CommonProgramFiles(x86), ProgramFiles, PUBLIC, windir, NUMBER_OF_PROCESSORS, IDEA_INITIAL_DIRECTORY, ZES_ENABLE_SYSMAN]
2024-04-04T19:27:58.154+0700 [DEBUG] [org.gradle.launcher.daemon.server.SynchronizedDispatchConnection] thread 22: received class org.gradle.launcher.daemon.protocol.CloseInput
2024-04-04T19:27:58.154+0700 [DEBUG] [org.gradle.launcher.daemon.server.DefaultDaemonConnection] thread 22: Received IO message from client: org.gradle.launcher.daemon.protocol.CloseInput@bebd362
2024-04-04T19:27:58.157+0700 [DEBUG] [org.gradle.launcher.daemon.server.exec.LogToClient] About to start relaying all logs to the client via the connection.
2024-04-04T19:27:58.157+0700 [INFO] [org.gradle.launcher.daemon.server.exec.LogToClient] The client will now receive all logging from the daemon (pid: 9964). The daemon log file: F:\Project\22IT343_NguynnhAnhV\daemon\8.2\daemon-9964.out.log
2024-04-04T19:27:58.161+0700 [INFO] [org.gradle.launcher.daemon.server.exec.LogAndCheckHealth] Starting build in new daemon [memory: 2 GiB]
2024-04-04T19:27:58.162+0700 [INFO] [org.gradle.launcher.daemon.server.exec.ForwardClientInput] Closing daemon's stdin at end of input.
2024-04-04T19:27:58.162+0700 [INFO] [org.gradle.launcher.daemon.server.exec.ForwardClientInput] The daemon will no longer process any standard input.
2024-04-04T19:27:58.164+0700 [DEBUG] [org.gradle.launcher.daemon.server.exec.ExecuteBuild] The daemon has started executing the build.
2024-04-04T19:27:58.164+0700 [DEBUG] [org.gradle.launcher.daemon.server.exec.ExecuteBuild] Executing build with daemon context: DefaultDaemonContext[uid=07d00723-fda3-49ba-9899-3723e58f64d0,javaHome=F:\Android\jbr,daemonRegistryDir=F:\Project\22IT343_NguynnhAnhV\daemon,pid=9964,idleTimeout=10800000,priority=NORMAL,applyInstrumentationAgent=true,daemonOpts=--add-opens=java.base/java.util=ALL-UNNAMED,--add-opens=java.base/java.lang=ALL-UNNAMED,--add-opens=java.base/java.lang.invoke=ALL-UNNAMED,--add-opens=java.prefs/java.util.prefs=ALL-UNNAMED,--add-opens=java.base/java.nio.charset=ALL-UNNAMED,--add-opens=java.base/java.net=ALL-UNNAMED,--add-opens=java.base/java.util.concurrent.atomic=ALL-UNNAMED,-Xmx2048m,-Dfile.encoding=UTF-8,-Duser.country=US,-Duser.language=en,-Duser.variant]
w: file:///F:/Project/22IT343_NguynnhAnhV/app/src/main/java/com/example/a22it343_nguynnhanhv/MainActivity.kt:49:15 'onBackPressed(): Unit' is deprecated. Deprecated in Java

BUILD SUCCESSFUL in 43s
37 actionable tasks: 14 executed, 23 up-to-date
2024-04-04T19:28:40.058+0700 [DEBUG] [org.gradle.launcher.daemon.server.exec.ExecuteBuild] The daemon has finished executing the build.
2024-04-04T19:28:40.198+0700 [DEBUG] [org.gradle.launcher.daemon.server.DaemonStateCoordinator] daemon is running. Sleeping until state changes.
2024-04-04T19:28:40.199+0700 [DEBUG] [org.gradle.launcher.daemon.server.DaemonStateCoordinator] Command execution: finished waiting for DaemonCommandExecution[command = Build{id=fd2074e2-6c49-4345-97b6-5f402b526428, currentDir=F:\Project\22IT343_NguynnhAnhV}, connection = DefaultDaemonConnection: socket connection from /127.0.0.1:49890 to /127.0.0.1:49891]. Result org.gradle.launcher.daemon.server.DaemonStateCoordinator@6495512f with state Busy
2024-04-04T19:28:40.199+0700 [DEBUG] [org.gradle.launcher.daemon.server.DaemonStateCoordinator] Command execution: completed DaemonCommandExecution[command = Build{id=fd2074e2-6c49-4345-97b6-5f402b526428, currentDir=F:\Project\22IT343_NguynnhAnhV}, connection = DefaultDaemonConnection: socket connection from /127.0.0.1:49890 to /127.0.0.1:49891]
2024-04-04T19:28:40.199+0700 [DEBUG] [org.gradle.launcher.daemon.server.DaemonStateCoordinator] resetting idle timer
2024-04-04T19:28:40.199+0700 [INFO] [org.gradle.launcher.daemon.server.DaemonRegistryUpdater] Marking the daemon as idle, address: [b93d5a52-802a-4181-af10-6d9f48a15675 port:49890, addresses:[localhost/127.0.0.1]]
2024-04-04T19:28:40.199+0700 [DEBUG] [org.gradle.launcher.daemon.registry.PersistentDaemonRegistry] Marking busy by address: [b93d5a52-802a-4181-af10-6d9f48a15675 port:49890, addresses:[localhost/127.0.0.1]]
2024-04-04T19:28:40.200+0700 [DEBUG] [org.gradle.cache.internal.DefaultFileLockManager] Waiting to acquire exclusive lock on daemon addresses registry.
2024-04-04T19:28:40.201+0700 [DEBUG] [org.gradle.cache.internal.DefaultFileLockManager] Lock acquired on daemon addresses registry.
2024-04-04T19:28:40.202+0700 [DEBUG] [org.gradle.cache.internal.DefaultFileLockManager] Releasing lock on daemon addresses registry.
2024-04-04T19:28:40.202+0700 [DEBUG] [org.gradle.launcher.daemon.server.DaemonStateCoordinator] daemon is running. Sleeping until state changes.
2024-04-04T19:28:40.202+0700 [DEBUG] [org.gradle.launcher.daemon.server.exec.ReturnResult] Daemon is dispatching the build result: Success[value=org.gradle.launcher.exec.BuildActionResult@4f040e01]
2024-04-04T19:28:40.203+0700 [DEBUG] [org.gradle.launcher.daemon.server.SynchronizedDispatchConnection] thread 21: dispatching Success[value=org.gradle.launcher.exec.BuildActionResult@4f040e01]
2024-04-04T19:28:40.204+0700 [DEBUG] [org.gradle.launcher.daemon.server.DefaultIncomingConnectionHandler] Finishing executing command: Build{id=fd2074e2-6c49-4345-97b6-5f402b526428, currentDir=F:\Project\22IT343_NguynnhAnhV}
2024-04-04T19:28:40.317+0700 [DEBUG] [org.gradle.launcher.daemon.server.SynchronizedDispatchConnection] thread 22: received class org.gradle.launcher.daemon.protocol.Finished
2024-04-04T19:28:40.317+0700 [DEBUG] [org.gradle.launcher.daemon.server.DefaultDaemonConnection] thread 22: Received non-IO message from client: org.gradle.launcher.daemon.protocol.Finished@44635760
2024-04-04T19:28:40.317+0700 [DEBUG] [org.gradle.launcher.daemon.server.DefaultIncomingConnectionHandler] Received finished message: org.gradle.launcher.daemon.protocol.Finished@44635760
2024-04-04T19:28:40.317+0700 [DEBUG] [org.gradle.launcher.daemon.server.SynchronizedDispatchConnection] thread 21: stopping connection
2024-04-04T19:28:40.320+0700 [DEBUG] [org.gradle.internal.remote.internal.inet.SocketConnection] Discarding EOFException: java.io.EOFException
2024-04-04T19:28:40.321+0700 [DEBUG] [org.gradle.launcher.daemon.server.SynchronizedDispatchConnection] thread 22: received null
2024-04-04T19:28:40.321+0700 [DEBUG] [org.gradle.launcher.daemon.server.DefaultDaemonConnection] thread 22: Received end-of-input from client.
2024-04-04T19:28:40.322+0700 [DEBUG] [org.gradle.launcher.daemon.server.SynchronizedDispatchConnection] thread 21: stopping connection
2024-04-04T19:28:44.073+0700 [DEBUG] [org.gradle.process.internal.health.memory.DefaultMemoryManager] 840307097 memory requested, 395182080 free
2024-04-04T19:28:44.074+0700 [DEBUG] [org.gradle.workers.internal.WorkerDaemonExpiration] Will attempt to release 801 of memory
2024-04-04T19:28:44.074+0700 [DEBUG] [org.gradle.process.internal.health.memory.DefaultMemoryManager] 840307097 memory requested, 0 released, 395182080 free
2024-04-04T19:28:48.068+0700 [DEBUG] [org.gradle.cache.internal.DefaultFileLockManager] Waiting to acquire shared lock on daemon addresses registry.
2024-04-04T19:28:48.069+0700 [DEBUG] [org.gradle.cache.internal.DefaultFileLockManager] Lock acquired on daemon addresses registry.
2024-04-04T19:28:48.072+0700 [DEBUG] [org.gradle.cache.internal.DefaultFileLockManager] Releasing lock on daemon addresses registry.
2024-04-04T19:28:48.074+0700 [DEBUG] [org.gradle.cache.internal.DefaultFileLockManager] Waiting to acquire shared lock on daemon addresses registry.
2024-04-04T19:28:48.075+0700 [DEBUG] [org.gradle.cache.internal.DefaultFileLockManager] Lock acquired on daemon addresses registry.
2024-04-04T19:28:48.075+0700 [DEBUG] [org.gradle.cache.internal.DefaultFileLockManager] Releasing lock on daemon addresses registry.
2024-04-04T19:28:49.073+0700 [DEBUG] [org.gradle.process.internal.health.memory.DefaultMemoryManager] 840307097 memory requested, 323026944 free
2024-04-04T19:28:49.074+0700 [DEBUG] [org.gradle.workers.internal.WorkerDaemonExpiration] Will attempt to release 801 of memory
2024-04-04T19:28:49.074+0700 [DEBUG] [org.gradle.process.internal.health.memory.DefaultMemoryManager] 840307097 memory requested, 0 released, 323026944 free
2024-04-04T19:28:52.518+0700 [DEBUG] [sun.rmi.transport.tcp] RMI Scheduler(0): close connection, socket: Socket[addr=localhost/127.0.0.1,port=17241,localport=49921]
2024-04-04T19:28:52.557+0700 [DEBUG] [sun.rmi.transport.tcp] RMI Scheduler(0): close connection, socket: Socket[addr=localhost/127.0.0.1,port=17241,localport=49928]
2024-04-04T19:28:52.599+0700 [DEBUG] [sun.rmi.transport.tcp] RMI TCP Connection(1)-127.0.0.1: (port 49923) connection closed
2024-04-04T19:28:52.599+0700 [DEBUG] [sun.rmi.transport.tcp] RMI TCP Connection(1)-127.0.0.1: close connection, socket: Socket[addr=/127.0.0.1,port=49924,localport=49923]
2024-04-04T19:28:52.600+0700 [DEBUG] [sun.rmi.transport.tcp] RMI TCP Connection(1)-127.0.0.1: socket close: Socket[addr=/127.0.0.1,port=49924,localport=49923]
2024-04-04T19:28:54.073+0700 [DEBUG] [org.gradle.process.internal.health.memory.DefaultMemoryManager] 840307097 memory requested, 459546624 free
2024-04-04T19:28:54.073+0700 [DEBUG] [org.gradle.workers.internal.WorkerDaemonExpiration] Will attempt to release 801 of memory
2024-04-04T19:28:54.074+0700 [DEBUG] [org.gradle.process.internal.health.memory.DefaultMemoryManager] 840307097 memory requested, 0 released, 459546624 free
2024-04-04T19:28:58.067+0700 [DEBUG] [org.gradle.cache.internal.DefaultFileLockManager] Waiting to acquire shared lock on daemon addresses registry.
2024-04-04T19:28:58.106+0700 [DEBUG] [org.gradle.cache.internal.DefaultFileLockManager] Lock acquired on daemon addresses registry.
2024-04-04T19:28:58.144+0700 [DEBUG] [org.gradle.cache.internal.DefaultFileLockManager] Releasing lock on daemon addresses registry.
2024-04-04T19:28:58.145+0700 [DEBUG] [org.gradle.cache.internal.DefaultFileLockManager] Waiting to acquire shared lock on daemon addresses registry.
2024-04-04T19:28:58.145+0700 [DEBUG] [org.gradle.cache.internal.DefaultFileLockManager] Lock acquired on daemon addresses registry.
2024-04-04T19:28:58.146+0700 [DEBUG] [org.gradle.cache.internal.DefaultFileLockManager] Releasing lock on daemon addresses registry.
2024-04-04T19:28:58.146+0700 [DEBUG] [org.gradle.cache.internal.DefaultFileLockManager] Waiting to acquire shared lock on daemon addresses registry.
2024-04-04T19:28:58.146+0700 [DEBUG] [org.gradle.cache.internal.DefaultFileLockManager] Lock acquired on daemon addresses registry.
2024-04-04T19:28:58.147+0700 [DEBUG] [org.gradle.cache.internal.DefaultFileLockManager] Releasing lock on daemon addresses registry.
2024-04-04T19:28:59.073+0700 [DEBUG] [org.gradle.process.internal.health.memory.DefaultMemoryManager] 840307097 memory requested, 437243904 free
2024-04-04T19:28:59.073+0700 [DEBUG] [org.gradle.workers.internal.WorkerDaemonExpiration] Will attempt to release 801 of memory
2024-04-04T19:28:59.073+0700 [DEBUG] [org.gradle.process.internal.health.memory.DefaultMemoryManager] 840307097 memory requested, 0 released, 437243904 free
2024-04-04T19:29:04.074+0700 [DEBUG] [org.gradle.process.internal.health.memory.DefaultMemoryManager] 840307097 memory requested, 626163712 free
2024-04-04T19:29:04.074+0700 [DEBUG] [org.gradle.workers.internal.WorkerDaemonExpiration] Will attempt to release 801 of memory
2024-04-04T19:29:04.074+0700 [DEBUG] [org.gradle.process.internal.health.memory.DefaultMemoryManager] 840307097 memory requested, 0 released, 626163712 free
2024-04-04T19:29:08.068+0700 [DEBUG] [org.gradle.cache.internal.DefaultFileLockManager] Waiting to acquire shared lock on daemon addresses registry.
2024-04-04T19:29:08.068+0700 [DEBUG] [org.gradle.cache.internal.DefaultFileLockManager] Lock acquired on daemon addresses registry.
2024-04-04T19:29:08.068+0700 [DEBUG] [org.gradle.cache.internal.DefaultFileLockManager] Releasing lock on daemon addresses registry.
2024-04-04T19:29:08.069+0700 [DEBUG] [org.gradle.cache.internal.DefaultFileLockManager] Waiting to acquire shared lock on daemon addresses registry.
2024-04-04T19:29:08.069+0700 [DEBUG] [org.gradle.cache.internal.DefaultFileLockManager] Lock acquired on daemon addresses registry.
2024-04-04T19:29:08.069+0700 [DEBUG] [org.gradle.cache.internal.DefaultFileLockManager] Releasing lock on daemon addresses registry.
2024-04-04T19:29:08.070+0700 [DEBUG] [org.gradle.cache.internal.DefaultFileLockManager] Waiting to acquire shared lock on daemon addresses registry.
2024-04-04T19:29:08.070+0700 [DEBUG] [org.gradle.cache.internal.DefaultFileLockManager] Lock acquired on daemon addresses registry.
2024-04-04T19:29:08.070+0700 [DEBUG] [org.gradle.cache.internal.DefaultFileLockManager] Releasing lock on daemon addresses registry.
2024-04-04T19:29:18.068+0700 [DEBUG] [org.gradle.cache.internal.DefaultFileLockManager] Waiting to acquire shared lock on daemon addresses registry.
2024-04-04T19:29:18.068+0700 [DEBUG] [org.gradle.cache.internal.DefaultFileLockManager] Lock acquired on daemon addresses registry.
2024-04-04T19:29:18.068+0700 [DEBUG] [org.gradle.cache.internal.DefaultFileLockManager] Releasing lock on daemon addresses registry.
2024-04-04T19:29:18.069+0700 [DEBUG] [org.gradle.cache.internal.DefaultFileLockManager] Waiting to acquire shared lock on daemon addresses registry.
2024-04-04T19:29:18.069+0700 [DEBUG] [org.gradle.cache.internal.DefaultFileLockManager] Lock acquired on daemon addresses registry.
2024-04-04T19:29:18.069+0700 [DEBUG] [org.gradle.cache.internal.DefaultFileLockManager] Releasing lock on daemon addresses registry.
2024-04-04T19:29:18.070+0700 [DEBUG] [org.gradle.cache.internal.DefaultFileLockManager] Waiting to acquire shared lock on daemon addresses registry.
2024-04-04T19:29:18.070+0700 [DEBUG] [org.gradle.cache.internal.DefaultFileLockManager] Lock acquired on daemon addresses registry.
2024-04-04T19:29:18.070+0700 [DEBUG] [org.gradle.cache.internal.DefaultFileLockManager] Releasing lock on daemon addresses registry.
2024-04-04T19:29:28.066+0700 [DEBUG] [org.gradle.cache.internal.DefaultFileLockManager] Waiting to acquire shared lock on daemon addresses registry.
2024-04-04T19:29:28.067+0700 [DEBUG] [org.gradle.cache.internal.DefaultFileLockManager] Lock acquired on daemon addresses registry.
2024-04-04T19:29:28.067+0700 [DEBUG] [org.gradle.cache.internal.DefaultFileLockManager] Releasing lock on daemon addresses registry.
2024-04-04T19:29:28.068+0700 [DEBUG] [org.gradle.cache.internal.DefaultFileLockManager] Waiting to acquire shared lock on daemon addresses registry.
2024-04-04T19:29:28.068+0700 [DEBUG] [org.gradle.cache.internal.DefaultFileLockManager] Lock acquired on daemon addresses registry.
2024-04-04T19:29:28.068+0700 [DEBUG] [org.gradle.cache.internal.DefaultFileLockManager] Releasing lock on daemon addresses registry.
2024-04-04T19:29:28.068+0700 [DEBUG] [org.gradle.cache.internal.DefaultFileLockManager] Waiting to acquire shared lock on daemon addresses registry.
2024-04-04T19:29:28.068+0700 [DEBUG] [org.gradle.cache.internal.DefaultFileLockManager] Lock acquired on daemon addresses registry.
2024-04-04T19:29:28.069+0700 [DEBUG] [org.gradle.cache.internal.DefaultFileLockManager] Releasing lock on daemon addresses registry.
2024-04-04T19:29:29.073+0700 [DEBUG] [org.gradle.process.internal.health.memory.DefaultMemoryManager] 840307097 memory requested, 754925568 free
2024-04-04T19:29:29.074+0700 [DEBUG] [org.gradle.workers.internal.WorkerDaemonExpiration] Will attempt to release 801 of memory
2024-04-04T19:29:29.074+0700 [DEBUG] [org.gradle.process.internal.health.memory.DefaultMemoryManager] 840307097 memory requested, 0 released, 754925568 free
2024-04-04T19:29:34.073+0700 [DEBUG] [org.gradle.process.internal.health.memory.DefaultMemoryManager] 840307097 memory requested, 592203776 free
2024-04-04T19:29:34.073+0700 [DEBUG] [org.gradle.workers.internal.WorkerDaemonExpiration] Will attempt to release 801 of memory
2024-04-04T19:29:34.073+0700 [DEBUG] [org.gradle.process.internal.health.memory.DefaultMemoryManager] 840307097 memory requested, 0 released, 592203776 free
2024-04-04T19:29:38.067+0700 [DEBUG] [org.gradle.cache.internal.DefaultFileLockManager] Waiting to acquire shared lock on daemon addresses registry.
2024-04-04T19:29:38.067+0700 [DEBUG] [org.gradle.cache.internal.DefaultFileLockManager] Lock acquired on daemon addresses registry.
2024-04-04T19:29:38.067+0700 [DEBUG] [org.gradle.cache.internal.DefaultFileLockManager] Releasing lock on daemon addresses registry.
2024-04-04T19:29:38.068+0700 [DEBUG] [org.gradle.cache.internal.DefaultFileLockManager] Waiting to acquire shared lock on daemon addresses registry.
2024-04-04T19:29:38.068+0700 [DEBUG] [org.gradle.cache.internal.DefaultFileLockManager] Lock acquired on daemon addresses registry.
2024-04-04T19:29:38.096+0700 [DEBUG] [org.gradle.cache.internal.DefaultFileLockManager] Releasing lock on daemon addresses registry.
2024-04-04T19:29:38.097+0700 [DEBUG] [org.gradle.cache.internal.DefaultFileLockManager] Waiting to acquire shared lock on daemon addresses registry.
2024-04-04T19:29:38.097+0700 [DEBUG] [org.gradle.cache.internal.DefaultFileLockManager] Lock acquired on daemon addresses registry.
2024-04-04T19:29:38.098+0700 [DEBUG] [org.gradle.cache.internal.DefaultFileLockManager] Releasing lock on daemon addresses registry.
2024-04-04T19:29:39.073+0700 [DEBUG] [org.gradle.process.internal.health.memory.DefaultMemoryManager] 840307097 memory requested, 598695936 free
2024-04-04T19:29:39.073+0700 [DEBUG] [org.gradle.workers.internal.WorkerDaemonExpiration] Will attempt to release 801 of memory
2024-04-04T19:29:39.074+0700 [DEBUG] [org.gradle.process.internal.health.memory.DefaultMemoryManager] 840307097 memory requested, 0 released, 598695936 free
2024-04-04T19:29:44.122+0700 [DEBUG] [org.gradle.process.internal.health.memory.DefaultMemoryManager] 840307097 memory requested, 581603328 free
2024-04-04T19:29:44.122+0700 [DEBUG] [org.gradle.workers.internal.WorkerDaemonExpiration] Will attempt to release 801 of memory
2024-04-04T19:29:44.122+0700 [DEBUG] [org.gradle.process.internal.health.memory.DefaultMemoryManager] 840307097 memory requested, 0 released, 581603328 free
2024-04-04T19:29:48.066+0700 [DEBUG] [org.gradle.cache.internal.DefaultFileLockManager] Waiting to acquire shared lock on daemon addresses registry.
2024-04-04T19:29:48.067+0700 [DEBUG] [org.gradle.cache.internal.DefaultFileLockManager] Lock acquired on daemon addresses registry.
2024-04-04T19:29:48.067+0700 [DEBUG] [org.gradle.cache.internal.DefaultFileLockManager] Releasing lock on daemon addresses registry.
2024-04-04T19:29:48.068+0700 [DEBUG] [org.gradle.cache.internal.DefaultFileLockManager] Waiting to acquire shared lock on daemon addresses registry.
2024-04-04T19:29:48.068+0700 [DEBUG] [org.gradle.cache.internal.DefaultFileLockManager] Lock acquired on daemon addresses registry.
2024-04-04T19:29:48.069+0700 [DEBUG] [org.gradle.cache.internal.DefaultFileLockManager] Releasing lock on daemon addresses registry.
2024-04-04T19:29:48.069+0700 [DEBUG] [org.gradle.cache.internal.DefaultFileLockManager] Waiting to acquire shared lock on daemon addresses registry.
2024-04-04T19:29:48.069+0700 [DEBUG] [org.gradle.cache.internal.DefaultFileLockManager] Lock acquired on daemon addresses registry.
2024-04-04T19:29:48.070+0700 [DEBUG] [org.gradle.cache.internal.DefaultFileLockManager] Releasing lock on daemon addresses registry.
2024-04-04T19:29:49.073+0700 [DEBUG] [org.gradle.process.internal.health.memory.DefaultMemoryManager] 840307097 memory requested, 471212032 free
2024-04-04T19:29:49.074+0700 [DEBUG] [org.gradle.workers.internal.WorkerDaemonExpiration] Will attempt to release 801 of memory
2024-04-04T19:29:49.074+0700 [DEBUG] [org.gradle.process.internal.health.memory.DefaultMemoryManager] 840307097 memory requested, 0 released, 471212032 free
2024-04-04T19:29:54.073+0700 [DEBUG] [org.gradle.process.internal.health.memory.DefaultMemoryManager] 840307097 memory requested, 435265536 free
2024-04-04T19:29:54.075+0700 [DEBUG] [org.gradle.workers.internal.WorkerDaemonExpiration] Will attempt to release 801 of memory
2024-04-04T19:29:54.075+0700 [DEBUG] [org.gradle.process.internal.health.memory.DefaultMemoryManager] 840307097 memory requested, 0 released, 435265536 free
2024-04-04T19:29:58.067+0700 [DEBUG] [org.gradle.cache.internal.DefaultFileLockManager] Waiting to acquire shared lock on daemon addresses registry.
2024-04-04T19:29:58.068+0700 [DEBUG] [org.gradle.cache.internal.DefaultFileLockManager] Lock acquired on daemon addresses registry.
2024-04-04T19:29:58.068+0700 [DEBUG] [org.gradle.cache.internal.DefaultFileLockManager] Releasing lock on daemon addresses registry.
2024-04-04T19:29:58.069+0700 [DEBUG] [org.gradle.cache.internal.DefaultFileLockManager] Waiting to acquire shared lock on daemon addresses registry.
2024-04-04T19:29:58.069+0700 [DEBUG] [org.gradle.cache.internal.DefaultFileLockManager] Lock acquired on daemon addresses registry.
2024-04-04T19:29:58.069+0700 [DEBUG] [org.gradle.cache.internal.DefaultFileLockManager] Releasing lock on daemon addresses registry.
2024-04-04T19:29:58.070+0700 [DEBUG] [org.gradle.cache.internal.DefaultFileLockManager] Waiting to acquire shared lock on daemon addresses registry.
2024-04-04T19:29:58.071+0700 [DEBUG] [org.gradle.cache.internal.DefaultFileLockManager] Lock acquired on daemon addresses registry.
2024-04-04T19:29:58.071+0700 [DEBUG] [org.gradle.cache.internal.DefaultFileLockManager] Releasing lock on daemon addresses registry.
2024-04-04T19:29:59.073+0700 [DEBUG] [org.gradle.process.internal.health.memory.DefaultMemoryManager] 840307097 memory requested, 750612480 free
2024-04-04T19:29:59.073+0700 [DEBUG] [org.gradle.workers.internal.WorkerDaemonExpiration] Will attempt to release 801 of memory
2024-04-04T19:29:59.073+0700 [DEBUG] [org.gradle.process.internal.health.memory.DefaultMemoryManager] 840307097 memory requested, 0 released, 750612480 free
2024-04-04T19:30:04.074+0700 [DEBUG] [org.gradle.process.internal.health.memory.DefaultMemoryManager] 840307097 memory requested, 751751168 free
2024-04-04T19:30:04.079+0700 [DEBUG] [org.gradle.workers.internal.WorkerDaemonExpiration] Will attempt to release 801 of memory
2024-04-04T19:30:04.079+0700 [DEBUG] [org.gradle.process.internal.health.memory.DefaultMemoryManager] 840307097 memory requested, 0 released, 751751168 free
2024-04-04T19:30:08.066+0700 [DEBUG] [org.gradle.cache.internal.DefaultFileLockManager] Waiting to acquire shared lock on daemon addresses registry.
2024-04-04T19:30:08.066+0700 [DEBUG] [org.gradle.cache.internal.DefaultFileLockManager] Lock acquired on daemon addresses registry.
2024-04-04T19:30:08.066+0700 [DEBUG] [org.gradle.cache.internal.DefaultFileLockManager] Releasing lock on daemon addresses registry.
2024-04-04T19:30:08.067+0700 [DEBUG] [org.gradle.cache.internal.DefaultFileLockManager] Waiting to acquire shared lock on daemon addresses registry.
2024-04-04T19:30:08.067+0700 [DEBUG] [org.gradle.cache.internal.DefaultFileLockManager] Lock acquired on daemon addresses registry.
2024-04-04T19:30:08.067+0700 [DEBUG] [org.gradle.cache.internal.DefaultFileLockManager] Releasing lock on daemon addresses registry.
2024-04-04T19:30:08.068+0700 [DEBUG] [org.gradle.cache.internal.DefaultFileLockManager] Waiting to acquire shared lock on daemon addresses registry.
2024-04-04T19:30:08.068+0700 [DEBUG] [org.gradle.cache.internal.DefaultFileLockManager] Lock acquired on daemon addresses registry.
2024-04-04T19:30:08.068+0700 [DEBUG] [org.gradle.cache.internal.DefaultFileLockManager] Releasing lock on daemon addresses registry.
2024-04-04T19:30:09.073+0700 [DEBUG] [org.gradle.process.internal.health.memory.DefaultMemoryManager] 840307097 memory requested, 753442816 free
2024-04-04T19:30:09.073+0700 [DEBUG] [org.gradle.workers.internal.WorkerDaemonExpiration] Will attempt to release 801 of memory
2024-04-04T19:30:09.073+0700 [DEBUG] [org.gradle.process.internal.health.memory.DefaultMemoryManager] 840307097 memory requested, 0 released, 753442816 free
2024-04-04T19:30:14.074+0700 [DEBUG] [org.gradle.process.internal.health.memory.DefaultMemoryManager] 840307097 memory requested, 748425216 free
2024-04-04T19:30:14.074+0700 [DEBUG] [org.gradle.workers.internal.WorkerDaemonExpiration] Will attempt to release 801 of memory
2024-04-04T19:30:14.074+0700 [DEBUG] [org.gradle.process.internal.health.memory.DefaultMemoryManager] 840307097 memory requested, 0 released, 748425216 free
2024-04-04T19:30:18.066+0700 [DEBUG] [org.gradle.cache.internal.DefaultFileLockManager] Waiting to acquire shared lock on daemon addresses registry.
2024-04-04T19:30:18.067+0700 [DEBUG] [org.gradle.cache.internal.DefaultFileLockManager] Lock acquired on daemon addresses registry.
2024-04-04T19:30:18.067+0700 [DEBUG] [org.gradle.cache.internal.DefaultFileLockManager] Releasing lock on daemon addresses registry.
2024-04-04T19:30:18.068+0700 [DEBUG] [org.gradle.cache.internal.DefaultFileLockManager] Waiting to acquire shared lock on daemon addresses registry.
2024-04-04T19:30:18.068+0700 [DEBUG] [org.gradle.cache.internal.DefaultFileLockManager] Lock acquired on daemon addresses registry.
2024-04-04T19:30:18.068+0700 [DEBUG] [org.gradle.cache.internal.DefaultFileLockManager] Releasing lock on daemon addresses registry.
2024-04-04T19:30:18.068+0700 [DEBUG] [org.gradle.cache.internal.DefaultFileLockManager] Waiting to acquire shared lock on daemon addresses registry.
2024-04-04T19:30:18.068+0700 [DEBUG] [org.gradle.cache.internal.DefaultFileLockManager] Lock acquired on daemon addresses registry.
2024-04-04T19:30:18.069+0700 [DEBUG] [org.gradle.cache.internal.DefaultFileLockManager] Releasing lock on daemon addresses registry.
2024-04-04T19:30:19.072+0700 [DEBUG] [org.gradle.process.internal.health.memory.DefaultMemoryManager] 840307097 memory requested, 745975808 free
2024-04-04T19:30:19.073+0700 [DEBUG] [org.gradle.workers.internal.WorkerDaemonExpiration] Will attempt to release 801 of memory
2024-04-04T19:30:19.073+0700 [DEBUG] [org.gradle.process.internal.health.memory.DefaultMemoryManager] 840307097 memory requested, 0 released, 745975808 free
2024-04-04T19:30:24.073+0700 [DEBUG] [org.gradle.process.internal.health.memory.DefaultMemoryManager] 840307097 memory requested, 722522112 free
2024-04-04T19:30:24.073+0700 [DEBUG] [org.gradle.workers.internal.WorkerDaemonExpiration] Will attempt to release 801 of memory
2024-04-04T19:30:24.073+0700 [DEBUG] [org.gradle.process.internal.health.memory.DefaultMemoryManager] 840307097 memory requested, 0 released, 722522112 free
2024-04-04T19:30:28.066+0700 [DEBUG] [org.gradle.cache.internal.DefaultFileLockManager] Waiting to acquire shared lock on daemon addresses registry.
2024-04-04T19:30:28.066+0700 [DEBUG] [org.gradle.cache.internal.DefaultFileLockManager] Lock acquired on daemon addresses registry.
2024-04-04T19:30:28.066+0700 [DEBUG] [org.gradle.cache.internal.DefaultFileLockManager] Releasing lock on daemon addresses registry.
2024-04-04T19:30:28.067+0700 [DEBUG] [org.gradle.cache.internal.DefaultFileLockManager] Waiting to acquire shared lock on daemon addresses registry.
2024-04-04T19:30:28.067+0700 [DEBUG] [org.gradle.cache.internal.DefaultFileLockManager] Lock acquired on daemon addresses registry.
2024-04-04T19:30:28.067+0700 [DEBUG] [org.gradle.cache.internal.DefaultFileLockManager] Releasing lock on daemon addresses registry.
2024-04-04T19:30:28.068+0700 [DEBUG] [org.gradle.cache.internal.DefaultFileLockManager] Waiting to acquire shared lock on daemon addresses registry.
2024-04-04T19:30:28.068+0700 [DEBUG] [org.gradle.cache.internal.DefaultFileLockManager] Lock acquired on daemon addresses registry.
2024-04-04T19:30:28.113+0700 [DEBUG] [org.gradle.cache.internal.DefaultFileLockManager] Releasing lock on daemon addresses registry.
2024-04-04T19:30:29.121+0700 [DEBUG] [org.gradle.process.internal.health.memory.DefaultMemoryManager] 840307097 memory requested, 729161728 free
2024-04-04T19:30:29.121+0700 [DEBUG] [org.gradle.workers.internal.WorkerDaemonExpiration] Will attempt to release 801 of memory
2024-04-04T19:30:29.121+0700 [DEBUG] [org.gradle.process.internal.health.memory.DefaultMemoryManager] 840307097 memory requested, 0 released, 729161728 free
2024-04-04T19:30:34.073+0700 [DEBUG] [org.gradle.process.internal.health.memory.DefaultMemoryManager] 840307097 memory requested, 681603072 free
2024-04-04T19:30:34.073+0700 [DEBUG] [org.gradle.workers.internal.WorkerDaemonExpiration] Will attempt to release 801 of memory
2024-04-04T19:30:34.073+0700 [DEBUG] [org.gradle.process.internal.health.memory.DefaultMemoryManager] 840307097 memory requested, 0 released, 681603072 free
2024-04-04T19:30:38.066+0700 [DEBUG] [org.gradle.cache.internal.DefaultFileLockManager] Waiting to acquire shared lock on daemon addresses registry.
2024-04-04T19:30:38.066+0700 [DEBUG] [org.gradle.cache.internal.DefaultFileLockManager] Lock acquired on daemon addresses registry.
2024-04-04T19:30:38.067+0700 [DEBUG] [org.gradle.cache.internal.DefaultFileLockManager] Releasing lock on daemon addresses registry.
2024-04-04T19:30:38.068+0700 [DEBUG] [org.gradle.cache.internal.DefaultFileLockManager] Waiting to acquire shared lock on daemon addresses registry.
2024-04-04T19:30:38.068+0700 [DEBUG] [org.gradle.cache.internal.DefaultFileLockManager] Lock acquired on daemon addresses registry.
2024-04-04T19:30:38.068+0700 [DEBUG] [org.gradle.cache.internal.DefaultFileLockManager] Releasing lock on daemon addresses registry.
2024-04-04T19:30:38.068+0700 [DEBUG] [org.gradle.cache.internal.DefaultFileLockManager] Waiting to acquire shared lock on daemon addresses registry.
2024-04-04T19:30:38.068+0700 [DEBUG] [org.gradle.cache.internal.DefaultFileLockManager] Lock acquired on daemon addresses registry.
2024-04-04T19:30:38.069+0700 [DEBUG] [org.gradle.cache.internal.DefaultFileLockManager] Releasing lock on daemon addresses registry.
2024-04-04T19:30:39.072+0700 [DEBUG] [org.gradle.process.internal.health.memory.DefaultMemoryManager] 840307097 memory requested, 599789568 free
2024-04-04T19:30:39.072+0700 [DEBUG] [org.gradle.workers.internal.WorkerDaemonExpiration] Will attempt to release 801 of memory
2024-04-04T19:30:39.072+0700 [DEBUG] [org.gradle.process.internal.health.memory.DefaultMemoryManager] 840307097 memory requested, 0 released, 599789568 free
2024-04-04T19:30:44.074+0700 [DEBUG] [org.gradle.process.internal.health.memory.DefaultMemoryManager] 840307097 memory requested, 544813056 free
2024-04-04T19:30:44.074+0700 [DEBUG] [org.gradle.workers.internal.WorkerDaemonExpiration] Will attempt to release 801 of memory
2024-04-04T19:30:44.074+0700 [DEBUG] [org.gradle.process.internal.health.memory.DefaultMemoryManager] 840307097 memory requested, 0 released, 544813056 free
2024-04-04T19:30:48.066+0700 [DEBUG] [org.gradle.cache.internal.DefaultFileLockManager] Waiting to acquire shared lock on daemon addresses registry.
2024-04-04T19:30:48.066+0700 [DEBUG] [org.gradle.cache.internal.DefaultFileLockManager] Lock acquired on daemon addresses registry.
2024-04-04T19:30:48.066+0700 [DEBUG] [org.gradle.cache.internal.DefaultFileLockManager] Releasing lock on daemon addresses registry.
2024-04-04T19:30:48.067+0700 [DEBUG] [org.gradle.cache.internal.DefaultFileLockManager] Waiting to acquire shared lock on daemon addresses registry.
2024-04-04T19:30:48.067+0700 [DEBUG] [org.gradle.cache.internal.DefaultFileLockManager] Lock acquired on daemon addresses registry.
2024-04-04T19:30:48.067+0700 [DEBUG] [org.gradle.cache.internal.DefaultFileLockManager] Releasing lock on daemon addresses registry.
2024-04-04T19:30:48.067+0700 [DEBUG] [org.gradle.cache.internal.DefaultFileLockManager] Waiting to acquire shared lock on daemon addresses registry.
2024-04-04T19:30:48.067+0700 [DEBUG] [org.gradle.cache.internal.DefaultFileLockManager] Lock acquired on daemon addresses registry.
2024-04-04T19:30:48.067+0700 [DEBUG] [org.gradle.cache.internal.DefaultFileLockManager] Releasing lock on daemon addresses registry.
2024-04-04T19:30:49.073+0700 [DEBUG] [org.gradle.process.internal.health.memory.DefaultMemoryManager] 840307097 memory requested, 508121088 free
2024-04-04T19:30:49.073+0700 [DEBUG] [org.gradle.workers.internal.WorkerDaemonExpiration] Will attempt to release 801 of memory
2024-04-04T19:30:49.073+0700 [DEBUG] [org.gradle.process.internal.health.memory.DefaultMemoryManager] 840307097 memory requested, 0 released, 508121088 free
2024-04-04T19:30:54.073+0700 [DEBUG] [org.gradle.process.internal.health.memory.DefaultMemoryManager] 840307097 memory requested, 487784448 free
2024-04-04T19:30:54.073+0700 [DEBUG] [org.gradle.workers.internal.WorkerDaemonExpiration] Will attempt to release 801 of memory
2024-04-04T19:30:54.073+0700 [DEBUG] [org.gradle.process.internal.health.memory.DefaultMemoryManager] 840307097 memory requested, 0 released, 487784448 free
2024-04-04T19:30:58.066+0700 [DEBUG] [org.gradle.cache.internal.DefaultFileLockManager] Waiting to acquire shared lock on daemon addresses registry.
2024-04-04T19:30:58.066+0700 [DEBUG] [org.gradle.cache.internal.DefaultFileLockManager] Lock acquired on daemon addresses registry.
2024-04-04T19:30:58.066+0700 [DEBUG] [org.gradle.cache.internal.DefaultFileLockManager] Releasing lock on daemon addresses registry.
2024-04-04T19:30:58.066+0700 [DEBUG] [org.gradle.cache.internal.DefaultFileLockManager] Waiting to acquire shared lock on daemon addresses registry.
2024-04-04T19:30:58.067+0700 [DEBUG] [org.gradle.cache.internal.DefaultFileLockManager] Lock acquired on daemon addresses registry.
2024-04-04T19:30:58.068+0700 [DEBUG] [org.gradle.cache.internal.DefaultFileLockManager] Releasing lock on daemon addresses registry.
2024-04-04T19:30:58.068+0700 [DEBUG] [org.gradle.cache.internal.DefaultFileLockManager] Waiting to acquire shared lock on daemon addresses registry.
2024-04-04T19:30:58.068+0700 [DEBUG] [org.gradle.cache.internal.DefaultFileLockManager] Lock acquired on daemon addresses registry.
2024-04-04T19:30:58.068+0700 [DEBUG] [org.gradle.cache.internal.DefaultFileLockManager] Releasing lock on daemon addresses registry.
2024-04-04T19:30:59.073+0700 [DEBUG] [org.gradle.process.internal.health.memory.DefaultMemoryManager] 840307097 memory requested, 491417600 free
2024-04-04T19:30:59.073+0700 [DEBUG] [org.gradle.workers.internal.WorkerDaemonExpiration] Will attempt to release 801 of memory
2024-04-04T19:30:59.073+0700 [DEBUG] [org.gradle.process.internal.health.memory.DefaultMemoryManager] 840307097 memory requested, 0 released, 491417600 free
2024-04-04T19:31:04.073+0700 [DEBUG] [org.gradle.process.internal.health.memory.DefaultMemoryManager] 840307097 memory requested, 499347456 free
2024-04-04T19:31:04.073+0700 [DEBUG] [org.gradle.workers.internal.WorkerDaemonExpiration] Will attempt to release 801 of memory
2024-04-04T19:31:04.073+0700 [DEBUG] [org.gradle.process.internal.health.memory.DefaultMemoryManager] 840307097 memory requested, 0 released, 499347456 free
2024-04-04T19:31:08.066+0700 [DEBUG] [org.gradle.cache.internal.DefaultFileLockManager] Waiting to acquire shared lock on daemon addresses registry.
2024-04-04T19:31:08.066+0700 [DEBUG] [org.gradle.cache.internal.DefaultFileLockManager] Lock acquired on daemon addresses registry.
2024-04-04T19:31:08.066+0700 [DEBUG] [org.gradle.cache.internal.DefaultFileLockManager] Releasing lock on daemon addresses registry.
2024-04-04T19:31:08.067+0700 [DEBUG] [org.gradle.cache.internal.DefaultFileLockManager] Waiting to acquire shared lock on daemon addresses registry.
2024-04-04T19:31:08.067+0700 [DEBUG] [org.gradle.cache.internal.DefaultFileLockManager] Lock acquired on daemon addresses registry.
2024-04-04T19:31:08.067+0700 [DEBUG] [org.gradle.cache.internal.DefaultFileLockManager] Releasing lock on daemon addresses registry.
2024-04-04T19:31:08.067+0700 [DEBUG] [org.gradle.cache.internal.DefaultFileLockManager] Waiting to acquire shared lock on daemon addresses registry.
2024-04-04T19:31:08.067+0700 [DEBUG] [org.gradle.cache.internal.DefaultFileLockManager] Lock acquired on daemon addresses registry.
2024-04-04T19:31:08.068+0700 [DEBUG] [org.gradle.cache.internal.DefaultFileLockManager] Releasing lock on daemon addresses registry.
2024-04-04T19:31:09.073+0700 [DEBUG] [org.gradle.process.internal.health.memory.DefaultMemoryManager] 840307097 memory requested, 483377152 free
2024-04-04T19:31:09.073+0700 [DEBUG] [org.gradle.workers.internal.WorkerDaemonExpiration] Will attempt to release 801 of memory
2024-04-04T19:31:09.073+0700 [DEBUG] [org.gradle.process.internal.health.memory.DefaultMemoryManager] 840307097 memory requested, 0 released, 483377152 free
2024-04-04T19:31:14.074+0700 [DEBUG] [org.gradle.process.internal.health.memory.DefaultMemoryManager] 840307097 memory requested, 477827072 free
2024-04-04T19:31:14.074+0700 [DEBUG] [org.gradle.workers.internal.WorkerDaemonExpiration] Will attempt to release 801 of memory
2024-04-04T19:31:14.074+0700 [DEBUG] [org.gradle.process.internal.health.memory.DefaultMemoryManager] 840307097 memory requested, 0 released, 477827072 free
2024-04-04T19:31:18.065+0700 [DEBUG] [org.gradle.cache.internal.DefaultFileLockManager] Waiting to acquire shared lock on daemon addresses registry.
2024-04-04T19:31:18.065+0700 [DEBUG] [org.gradle.cache.internal.DefaultFileLockManager] Lock acquired on daemon addresses registry.
2024-04-04T19:31:18.066+0700 [DEBUG] [org.gradle.cache.internal.DefaultFileLockManager] Releasing lock on daemon addresses registry.
2024-04-04T19:31:18.066+0700 [DEBUG] [org.gradle.cache.internal.DefaultFileLockManager] Waiting to acquire shared lock on daemon addresses registry.
2024-04-04T19:31:18.066+0700 [DEBUG] [org.gradle.cache.internal.DefaultFileLockManager] Lock acquired on daemon addresses registry.
2024-04-04T19:31:18.067+0700 [DEBUG] [org.gradle.cache.internal.DefaultFileLockManager] Releasing lock on daemon addresses registry.
2024-04-04T19:31:18.067+0700 [DEBUG] [org.gradle.cache.internal.DefaultFileLockManager] Waiting to acquire shared lock on daemon addresses registry.
2024-04-04T19:31:18.067+0700 [DEBUG] [org.gradle.cache.internal.DefaultFileLockManager] Lock acquired on daemon addresses registry.
2024-04-04T19:31:18.068+0700 [DEBUG] [org.gradle.cache.internal.DefaultFileLockManager] Releasing lock on daemon addresses registry.
2024-04-04T19:31:19.073+0700 [DEBUG] [org.gradle.process.internal.health.memory.DefaultMemoryManager] 840307097 memory requested, 467787776 free
2024-04-04T19:31:19.073+0700 [DEBUG] [org.gradle.workers.internal.WorkerDaemonExpiration] Will attempt to release 801 of memory
2024-04-04T19:31:19.073+0700 [DEBUG] [org.gradle.process.internal.health.memory.DefaultMemoryManager] 840307097 memory requested, 0 released, 467787776 free
2024-04-04T19:31:24.075+0700 [DEBUG] [org.gradle.process.internal.health.memory.DefaultMemoryManager] 840307097 memory requested, 452472832 free
2024-04-04T19:31:24.076+0700 [DEBUG] [org.gradle.workers.internal.WorkerDaemonExpiration] Will attempt to release 801 of memory
2024-04-04T19:31:24.076+0700 [DEBUG] [org.gradle.process.internal.health.memory.DefaultMemoryManager] 840307097 memory requested, 0 released, 452472832 free
2024-04-04T19:31:28.066+0700 [DEBUG] [org.gradle.cache.internal.DefaultFileLockManager] Waiting to acquire shared lock on daemon addresses registry.
2024-04-04T19:31:28.066+0700 [DEBUG] [org.gradle.cache.internal.DefaultFileLockManager] Lock acquired on daemon addresses registry.
2024-04-04T19:31:28.066+0700 [DEBUG] [org.gradle.cache.internal.DefaultFileLockManager] Releasing lock on daemon addresses registry.
2024-04-04T19:31:28.066+0700 [DEBUG] [org.gradle.cache.internal.DefaultFileLockManager] Waiting to acquire shared lock on daemon addresses registry.
2024-04-04T19:31:28.067+0700 [DEBUG] [org.gradle.cache.internal.DefaultFileLockManager] Lock acquired on daemon addresses registry.
2024-04-04T19:31:28.067+0700 [DEBUG] [org.gradle.cache.internal.DefaultFileLockManager] Releasing lock on daemon addresses registry.
2024-04-04T19:31:28.067+0700 [DEBUG] [org.gradle.cache.internal.DefaultFileLockManager] Waiting to acquire shared lock on daemon addresses registry.
2024-04-04T19:31:28.067+0700 [DEBUG] [org.gradle.cache.internal.DefaultFileLockManager] Lock acquired on daemon addresses registry.
2024-04-04T19:31:28.067+0700 [DEBUG] [org.gradle.cache.internal.DefaultFileLockManager] Releasing lock on daemon addresses registry.
2024-04-04T19:31:29.073+0700 [DEBUG] [org.gradle.process.internal.health.memory.DefaultMemoryManager] 840307097 memory requested, 442851328 free
2024-04-04T19:31:29.074+0700 [DEBUG] [org.gradle.workers.internal.WorkerDaemonExpiration] Will attempt to release 801 of memory
2024-04-04T19:31:29.074+0700 [DEBUG] [org.gradle.process.internal.health.memory.DefaultMemoryManager] 840307097 memory requested, 0 released, 442851328 free
2024-04-04T19:31:34.074+0700 [DEBUG] [org.gradle.process.internal.health.memory.DefaultMemoryManager] 840307097 memory requested, 436645888 free
2024-04-04T19:31:34.074+0700 [DEBUG] [org.gradle.workers.internal.WorkerDaemonExpiration] Will attempt to release 801 of memory
2024-04-04T19:31:34.074+0700 [DEBUG] [org.gradle.process.internal.health.memory.DefaultMemoryManager] 840307097 memory requested, 0 released, 436645888 free
2024-04-04T19:31:36.458+0700 [DEBUG] [org.gradle.internal.watch.vfs.impl.WatchingVirtualFileSystem] Handling VFS change CREATED F:\Project\22IT343_NguynnhAnhV\app\src\main\java\com\example\a22it343_nguynnhanhv\Activity1.kt~
2024-04-04T19:31:36.543+0700 [DEBUG] [org.gradle.internal.watch.vfs.impl.WatchingVirtualFileSystem] Handling VFS change MODIFIED F:\Project\22IT343_NguynnhAnhV\app\src\main\java\com\example\a22it343_nguynnhanhv\Activity1.kt
2024-04-04T19:31:38.067+0700 [DEBUG] [org.gradle.cache.internal.DefaultFileLockManager] Waiting to acquire shared lock on daemon addresses registry.
2024-04-04T19:31:38.067+0700 [DEBUG] [org.gradle.cache.internal.DefaultFileLockManager] Lock acquired on daemon addresses registry.
2024-04-04T19:31:38.068+0700 [DEBUG] [org.gradle.cache.internal.DefaultFileLockManager] Releasing lock on daemon addresses registry.
2024-04-04T19:31:38.069+0700 [DEBUG] [org.gradle.cache.internal.DefaultFileLockManager] Waiting to acquire shared lock on daemon addresses registry.
2024-04-04T19:31:38.069+0700 [DEBUG] [org.gradle.cache.internal.DefaultFileLockManager] Lock acquired on daemon addresses registry.
2024-04-04T19:31:38.069+0700 [DEBUG] [org.gradle.cache.internal.DefaultFileLockManager] Releasing lock on daemon addresses registry.
2024-04-04T19:31:38.070+0700 [DEBUG] [org.gradle.cache.internal.DefaultFileLockManager] Waiting to acquire shared lock on daemon addresses registry.
2024-04-04T19:31:38.070+0700 [DEBUG] [org.gradle.cache.internal.DefaultFileLockManager] Lock acquired on daemon addresses registry.
2024-04-04T19:31:38.070+0700 [DEBUG] [org.gradle.cache.internal.DefaultFileLockManager] Releasing lock on daemon addresses registry.
2024-04-04T19:31:39.073+0700 [DEBUG] [org.gradle.process.internal.health.memory.DefaultMemoryManager] 840307097 memory requested, 594968576 free
2024-04-04T19:31:39.073+0700 [DEBUG] [org.gradle.workers.internal.WorkerDaemonExpiration] Will attempt to release 801 of memory
2024-04-04T19:31:39.073+0700 [DEBUG] [org.gradle.process.internal.health.memory.DefaultMemoryManager] 840307097 memory requested, 0 released, 594968576 free
2024-04-04T19:31:48.066+0700 [DEBUG] [org.gradle.cache.internal.DefaultFileLockManager] Waiting to acquire shared lock on daemon addresses registry.
2024-04-04T19:31:48.066+0700 [DEBUG] [org.gradle.cache.internal.DefaultFileLockManager] Lock acquired on daemon addresses registry.
2024-04-04T19:31:48.066+0700 [DEBUG] [org.gradle.cache.internal.DefaultFileLockManager] Releasing lock on daemon addresses registry.
2024-04-04T19:31:48.067+0700 [DEBUG] [org.gradle.cache.internal.DefaultFileLockManager] Waiting to acquire shared lock on daemon addresses registry.
2024-04-04T19:31:48.067+0700 [DEBUG] [org.gradle.cache.internal.DefaultFileLockManager] Lock acquired on daemon addresses registry.
2024-04-04T19:31:48.067+0700 [DEBUG] [org.gradle.cache.internal.DefaultFileLockManager] Releasing lock on daemon addresses registry.
2024-04-04T19:31:48.068+0700 [DEBUG] [org.gradle.cache.internal.DefaultFileLockManager] Waiting to acquire shared lock on daemon addresses registry.
2024-04-04T19:31:48.068+0700 [DEBUG] [org.gradle.cache.internal.DefaultFileLockManager] Lock acquired on daemon addresses registry.
2024-04-04T19:31:48.072+0700 [DEBUG] [org.gradle.cache.internal.DefaultFileLockManager] Releasing lock on daemon addresses registry.
2024-04-04T19:31:58.066+0700 [DEBUG] [org.gradle.cache.internal.DefaultFileLockManager] Waiting to acquire shared lock on daemon addresses registry.
2024-04-04T19:31:58.066+0700 [DEBUG] [org.gradle.cache.internal.DefaultFileLockManager] Lock acquired on daemon addresses registry.
2024-04-04T19:31:58.066+0700 [DEBUG] [org.gradle.cache.internal.DefaultFileLockManager] Releasing lock on daemon addresses registry.
2024-04-04T19:31:58.066+0700 [DEBUG] [org.gradle.cache.internal.DefaultFileLockManager] Waiting to acquire shared lock on daemon addresses registry.
2024-04-04T19:31:58.067+0700 [DEBUG] [org.gradle.cache.internal.DefaultFileLockManager] Lock acquired on daemon addresses registry.
2024-04-04T19:31:58.067+0700 [DEBUG] [org.gradle.cache.internal.DefaultFileLockManager] Releasing lock on daemon addresses registry.
2024-04-04T19:31:58.069+0700 [DEBUG] [org.gradle.cache.internal.DefaultFileLockManager] Waiting to acquire shared lock on daemon addresses registry.
2024-04-04T19:31:58.069+0700 [DEBUG] [org.gradle.cache.internal.DefaultFileLockManager] Lock acquired on daemon addresses registry.
2024-04-04T19:31:58.069+0700 [DEBUG] [org.gradle.cache.internal.DefaultFileLockManager] Releasing lock on daemon addresses registry.
2024-04-04T19:32:04.073+0700 [DEBUG] [org.gradle.process.internal.health.memory.DefaultMemoryManager] 840307097 memory requested, 550785024 free
2024-04-04T19:32:04.073+0700 [DEBUG] [org.gradle.workers.internal.WorkerDaemonExpiration] Will attempt to release 801 of memory
2024-04-04T19:32:04.073+0700 [DEBUG] [org.gradle.process.internal.health.memory.DefaultMemoryManager] 840307097 memory requested, 0 released, 550785024 free
2024-04-04T19:32:08.066+0700 [DEBUG] [org.gradle.cache.internal.DefaultFileLockManager] Waiting to acquire shared lock on daemon addresses registry.
2024-04-04T19:32:08.066+0700 [DEBUG] [org.gradle.cache.internal.DefaultFileLockManager] Lock acquired on daemon addresses registry.
2024-04-04T19:32:08.067+0700 [DEBUG] [org.gradle.cache.internal.DefaultFileLockManager] Releasing lock on daemon addresses registry.
2024-04-04T19:32:08.067+0700 [DEBUG] [org.gradle.cache.internal.DefaultFileLockManager] Waiting to acquire shared lock on daemon addresses registry.
2024-04-04T19:32:08.067+0700 [DEBUG] [org.gradle.cache.internal.DefaultFileLockManager] Lock acquired on daemon addresses registry.
2024-04-04T19:32:08.067+0700 [DEBUG] [org.gradle.cache.internal.DefaultFileLockManager] Releasing lock on daemon addresses registry.
2024-04-04T19:32:08.068+0700 [DEBUG] [org.gradle.cache.internal.DefaultFileLockManager] Waiting to acquire shared lock on daemon addresses registry.
2024-04-04T19:32:08.068+0700 [DEBUG] [org.gradle.cache.internal.DefaultFileLockManager] Lock acquired on daemon addresses registry.
2024-04-04T19:32:08.069+0700 [DEBUG] [org.gradle.cache.internal.DefaultFileLockManager] Releasing lock on daemon addresses registry.
2024-04-04T19:32:09.073+0700 [DEBUG] [org.gradle.process.internal.health.memory.DefaultMemoryManager] 840307097 memory requested, 583319552 free
2024-04-04T19:32:09.073+0700 [DEBUG] [org.gradle.workers.internal.WorkerDaemonExpiration] Will attempt to release 801 of memory
2024-04-04T19:32:09.073+0700 [DEBUG] [org.gradle.process.internal.health.memory.DefaultMemoryManager] 840307097 memory requested, 0 released, 583319552 free
2024-04-04T19:32:14.073+0700 [DEBUG] [org.gradle.process.internal.health.memory.DefaultMemoryManager] 840307097 memory requested, 555479040 free
2024-04-04T19:32:14.073+0700 [DEBUG] [org.gradle.workers.internal.WorkerDaemonExpiration] Will attempt to release 801 of memory
2024-04-04T19:32:14.073+0700 [DEBUG] [org.gradle.process.internal.health.memory.DefaultMemoryManager] 840307097 memory requested, 0 released, 555479040 free
2024-04-04T19:32:18.066+0700 [DEBUG] [org.gradle.cache.internal.DefaultFileLockManager] Waiting to acquire shared lock on daemon addresses registry.
2024-04-04T19:32:18.066+0700 [DEBUG] [org.gradle.cache.internal.DefaultFileLockManager] Lock acquired on daemon addresses registry.
2024-04-04T19:32:18.066+0700 [DEBUG] [org.gradle.cache.internal.DefaultFileLockManager] Releasing lock on daemon addresses registry.
2024-04-04T19:32:18.067+0700 [DEBUG] [org.gradle.cache.internal.DefaultFileLockManager] Waiting to acquire shared lock on daemon addresses registry.
2024-04-04T19:32:18.067+0700 [DEBUG] [org.gradle.cache.internal.DefaultFileLockManager] Lock acquired on daemon addresses registry.
2024-04-04T19:32:18.067+0700 [DEBUG] [org.gradle.cache.internal.DefaultFileLockManager] Releasing lock on daemon addresses registry.
2024-04-04T19:32:18.068+0700 [DEBUG] [org.gradle.cache.internal.DefaultFileLockManager] Waiting to acquire shared lock on daemon addresses registry.
2024-04-04T19:32:18.068+0700 [DEBUG] [org.gradle.cache.internal.DefaultFileLockManager] Lock acquired on daemon addresses registry.
2024-04-04T19:32:18.068+0700 [DEBUG] [org.gradle.cache.internal.DefaultFileLockManager] Releasing lock on daemon addresses registry.
2024-04-04T19:32:19.073+0700 [DEBUG] [org.gradle.process.internal.health.memory.DefaultMemoryManager] 840307097 memory requested, 483131392 free
2024-04-04T19:32:19.074+0700 [DEBUG] [org.gradle.workers.internal.WorkerDaemonExpiration] Will attempt to release 801 of memory
2024-04-04T19:32:19.074+0700 [DEBUG] [org.gradle.process.internal.health.memory.DefaultMemoryManager] 840307097 memory requested, 0 released, 483131392 free
2024-04-04T19:32:24.074+0700 [DEBUG] [org.gradle.process.internal.health.memory.DefaultMemoryManager] 840307097 memory requested, 517419008 free
2024-04-04T19:32:24.075+0700 [DEBUG] [org.gradle.workers.internal.WorkerDaemonExpiration] Will attempt to release 801 of memory
2024-04-04T19:32:24.075+0700 [DEBUG] [org.gradle.process.internal.health.memory.DefaultMemoryManager] 840307097 memory requested, 0 released, 517419008 free
2024-04-04T19:32:28.066+0700 [DEBUG] [org.gradle.cache.internal.DefaultFileLockManager] Waiting to acquire shared lock on daemon addresses registry.
2024-04-04T19:32:28.066+0700 [DEBUG] [org.gradle.cache.internal.DefaultFileLockManager] Lock acquired on daemon addresses registry.
2024-04-04T19:32:28.066+0700 [DEBUG] [org.gradle.cache.internal.DefaultFileLockManager] Releasing lock on daemon addresses registry.
2024-04-04T19:32:28.066+0700 [DEBUG] [org.gradle.cache.internal.DefaultFileLockManager] Waiting to acquire shared lock on daemon addresses registry.
2024-04-04T19:32:28.066+0700 [DEBUG] [org.gradle.cache.internal.DefaultFileLockManager] Lock acquired on daemon addresses registry.
2024-04-04T19:32:28.068+0700 [DEBUG] [org.gradle.cache.internal.DefaultFileLockManager] Releasing lock on daemon addresses registry.
2024-04-04T19:32:28.068+0700 [DEBUG] [org.gradle.cache.internal.DefaultFileLockManager] Waiting to acquire shared lock on daemon addresses registry.
2024-04-04T19:32:28.068+0700 [DEBUG] [org.gradle.cache.internal.DefaultFileLockManager] Lock acquired on daemon addresses registry.
2024-04-04T19:32:28.068+0700 [DEBUG] [org.gradle.cache.internal.DefaultFileLockManager] Releasing lock on daemon addresses registry.
2024-04-04T19:32:29.072+0700 [DEBUG] [org.gradle.process.internal.health.memory.DefaultMemoryManager] 840307097 memory requested, 523747328 free
2024-04-04T19:32:29.072+0700 [DEBUG] [org.gradle.workers.internal.WorkerDaemonExpiration] Will attempt to release 801 of memory
2024-04-04T19:32:29.072+0700 [DEBUG] [org.gradle.process.internal.health.memory.DefaultMemoryManager] 840307097 memory requested, 0 released, 523747328 free
2024-04-04T19:32:34.074+0700 [DEBUG] [org.gradle.process.internal.health.memory.DefaultMemoryManager] 840307097 memory requested, 530259968 free
2024-04-04T19:32:34.074+0700 [DEBUG] [org.gradle.workers.internal.WorkerDaemonExpiration] Will attempt to release 801 of memory
2024-04-04T19:32:34.074+0700 [DEBUG] [org.gradle.process.internal.health.memory.DefaultMemoryManager] 840307097 memory requested, 0 released, 530259968 free
2024-04-04T19:32:38.066+0700 [DEBUG] [org.gradle.cache.internal.DefaultFileLockManager] Waiting to acquire shared lock on daemon addresses registry.
2024-04-04T19:32:38.066+0700 [DEBUG] [org.gradle.cache.internal.DefaultFileLockManager] Lock acquired on daemon addresses registry.
2024-04-04T19:32:38.066+0700 [DEBUG] [org.gradle.cache.internal.DefaultFileLockManager] Releasing lock on daemon addresses registry.
2024-04-04T19:32:38.066+0700 [DEBUG] [org.gradle.cache.internal.DefaultFileLockManager] Waiting to acquire shared lock on daemon addresses registry.
2024-04-04T19:32:38.067+0700 [DEBUG] [org.gradle.cache.internal.DefaultFileLockManager] Lock acquired on daemon addresses registry.
2024-04-04T19:32:38.067+0700 [DEBUG] [org.gradle.cache.internal.DefaultFileLockManager] Releasing lock on daemon addresses registry.
2024-04-04T19:32:38.067+0700 [DEBUG] [org.gradle.cache.internal.DefaultFileLockManager] Waiting to acquire shared lock on daemon addresses registry.
2024-04-04T19:32:38.067+0700 [DEBUG] [org.gradle.cache.internal.DefaultFileLockManager] Lock acquired on daemon addresses registry.
2024-04-04T19:32:38.067+0700 [DEBUG] [org.gradle.cache.internal.DefaultFileLockManager] Releasing lock on daemon addresses registry.
2024-04-04T19:32:39.074+0700 [DEBUG] [org.gradle.process.internal.health.memory.DefaultMemoryManager] 840307097 memory requested, 517255168 free
2024-04-04T19:32:39.074+0700 [DEBUG] [org.gradle.workers.internal.WorkerDaemonExpiration] Will attempt to release 801 of memory
2024-04-04T19:32:39.074+0700 [DEBUG] [org.gradle.process.internal.health.memory.DefaultMemoryManager] 840307097 memory requested, 0 released, 517255168 free
2024-04-04T19:32:44.073+0700 [DEBUG] [org.gradle.process.internal.health.memory.DefaultMemoryManager] 840307097 memory requested, 501284864 free
2024-04-04T19:32:44.073+0700 [DEBUG] [org.gradle.workers.internal.WorkerDaemonExpiration] Will attempt to release 801 of memory
2024-04-04T19:32:44.073+0700 [DEBUG] [org.gradle.process.internal.health.memory.DefaultMemoryManager] 840307097 memory requested, 0 released, 501284864 free
2024-04-04T19:32:48.066+0700 [DEBUG] [org.gradle.cache.internal.DefaultFileLockManager] Waiting to acquire shared lock on daemon addresses registry.
2024-04-04T19:32:48.067+0700 [DEBUG] [org.gradle.cache.internal.DefaultFileLockManager] Lock acquired on daemon addresses registry.
2024-04-04T19:32:48.067+0700 [DEBUG] [org.gradle.cache.internal.DefaultFileLockManager] Releasing lock on daemon addresses registry.
2024-04-04T19:32:48.067+0700 [DEBUG] [org.gradle.cache.internal.DefaultFileLockManager] Waiting to acquire shared lock on daemon addresses registry.
2024-04-04T19:32:48.067+0700 [DEBUG] [org.gradle.cache.internal.DefaultFileLockManager] Lock acquired on daemon addresses registry.
2024-04-04T19:32:48.068+0700 [DEBUG] [org.gradle.cache.internal.DefaultFileLockManager] Releasing lock on daemon addresses registry.
2024-04-04T19:32:48.068+0700 [DEBUG] [org.gradle.cache.internal.DefaultFileLockManager] Waiting to acquire shared lock on daemon addresses registry.
2024-04-04T19:32:48.068+0700 [DEBUG] [org.gradle.cache.internal.DefaultFileLockManager] Lock acquired on daemon addresses registry.
2024-04-04T19:32:48.068+0700 [DEBUG] [org.gradle.cache.internal.DefaultFileLockManager] Releasing lock on daemon addresses registry.
2024-04-04T19:32:58.066+0700 [DEBUG] [org.gradle.cache.internal.DefaultFileLockManager] Waiting to acquire shared lock on daemon addresses registry.
2024-04-04T19:32:58.067+0700 [DEBUG] [org.gradle.cache.internal.DefaultFileLockManager] Lock acquired on daemon addresses registry.
2024-04-04T19:32:58.067+0700 [DEBUG] [org.gradle.cache.internal.DefaultFileLockManager] Releasing lock on daemon addresses registry.
2024-04-04T19:32:58.068+0700 [DEBUG] [org.gradle.cache.internal.DefaultFileLockManager] Waiting to acquire shared lock on daemon addresses registry.
2024-04-04T19:32:58.068+0700 [DEBUG] [org.gradle.cache.internal.DefaultFileLockManager] Lock acquired on daemon addresses registry.
2024-04-04T19:32:58.068+0700 [DEBUG] [org.gradle.cache.internal.DefaultFileLockManager] Releasing lock on daemon addresses registry.
2024-04-04T19:32:58.068+0700 [DEBUG] [org.gradle.cache.internal.DefaultFileLockManager] Waiting to acquire shared lock on daemon addresses registry.
2024-04-04T19:32:58.068+0700 [DEBUG] [org.gradle.cache.internal.DefaultFileLockManager] Lock acquired on daemon addresses registry.
2024-04-04T19:32:58.069+0700 [DEBUG] [org.gradle.cache.internal.DefaultFileLockManager] Releasing lock on daemon addresses registry.
2024-04-04T19:33:08.067+0700 [DEBUG] [org.gradle.cache.internal.DefaultFileLockManager] Waiting to acquire shared lock on daemon addresses registry.
2024-04-04T19:33:08.067+0700 [DEBUG] [org.gradle.cache.internal.DefaultFileLockManager] Lock acquired on daemon addresses registry.
2024-04-04T19:33:08.067+0700 [DEBUG] [org.gradle.cache.internal.DefaultFileLockManager] Releasing lock on daemon addresses registry.
2024-04-04T19:33:08.068+0700 [DEBUG] [org.gradle.cache.internal.DefaultFileLockManager] Waiting to acquire shared lock on daemon addresses registry.
2024-04-04T19:33:08.068+0700 [DEBUG] [org.gradle.cache.internal.DefaultFileLockManager] Lock acquired on daemon addresses registry.
2024-04-04T19:33:08.068+0700 [DEBUG] [org.gradle.cache.internal.DefaultFileLockManager] Releasing lock on daemon addresses registry.
2024-04-04T19:33:08.068+0700 [DEBUG] [org.gradle.cache.internal.DefaultFileLockManager] Waiting to acquire shared lock on daemon addresses registry.
2024-04-04T19:33:08.068+0700 [DEBUG] [org.gradle.cache.internal.DefaultFileLockManager] Lock acquired on daemon addresses registry.
2024-04-04T19:33:08.069+0700 [DEBUG] [org.gradle.cache.internal.DefaultFileLockManager] Releasing lock on daemon addresses registry.
2024-04-04T19:33:18.066+0700 [DEBUG] [org.gradle.cache.internal.DefaultFileLockManager] Waiting to acquire shared lock on daemon addresses registry.
2024-04-04T19:33:18.066+0700 [DEBUG] [org.gradle.cache.internal.DefaultFileLockManager] Lock acquired on daemon addresses registry.
2024-04-04T19:33:18.066+0700 [DEBUG] [org.gradle.cache.internal.DefaultFileLockManager] Releasing lock on daemon addresses registry.
2024-04-04T19:33:18.067+0700 [DEBUG] [org.gradle.cache.internal.DefaultFileLockManager] Waiting to acquire shared lock on daemon addresses registry.
2024-04-04T19:33:18.067+0700 [DEBUG] [org.gradle.cache.internal.DefaultFileLockManager] Lock acquired on daemon addresses registry.
2024-04-04T19:33:18.067+0700 [DEBUG] [org.gradle.cache.internal.DefaultFileLockManager] Releasing lock on daemon addresses registry.
2024-04-04T19:33:18.067+0700 [DEBUG] [org.gradle.cache.internal.DefaultFileLockManager] Waiting to acquire shared lock on daemon addresses registry.
2024-04-04T19:33:18.067+0700 [DEBUG] [org.gradle.cache.internal.DefaultFileLockManager] Lock acquired on daemon addresses registry.
2024-04-04T19:33:18.067+0700 [DEBUG] [org.gradle.cache.internal.DefaultFileLockManager] Releasing lock on daemon addresses registry.
2024-04-04T19:33:22.623+0700 [DEBUG] [sun.rmi.transport.tcp] RMI TCP Connection(2)-127.0.0.1: accepted socket from [127.0.0.1:50102]
2024-04-04T19:33:22.704+0700 [DEBUG] [sun.rmi.transport.tcp] RMI TCP Connection(2)-127.0.0.1: (port 49923) op = 80
2024-04-04T19:33:22.727+0700 [DEBUG] [sun.rmi.loader] RMI TCP Connection(2)-127.0.0.1: name = "[Ljava.rmi.server.ObjID;", codebase = "", defaultLoader = jdk.internal.loader.ClassLoaders$PlatformClassLoader@7d63b25b
2024-04-04T19:33:22.738+0700 [DEBUG] [sun.rmi.loader] RMI TCP Connection(2)-127.0.0.1: name = "java.rmi.dgc.Lease", codebase = "", defaultLoader = jdk.internal.loader.ClassLoaders$PlatformClassLoader@7d63b25b
2024-04-04T19:33:22.741+0700 [DEBUG] [sun.rmi.loader] RMI TCP Connection(2)-127.0.0.1: name = "java.rmi.dgc.VMID", codebase = "", defaultLoader = jdk.internal.loader.ClassLoaders$PlatformClassLoader@7d63b25b
2024-04-04T19:33:22.742+0700 [DEBUG] [sun.rmi.loader] RMI TCP Connection(2)-127.0.0.1: name = "[B", codebase = "", defaultLoader = jdk.internal.loader.ClassLoaders$PlatformClassLoader@7d63b25b
2024-04-04T19:33:22.746+0700 [DEBUG] [sun.rmi.loader] RMI TCP Connection(2)-127.0.0.1: name = "java.rmi.server.UID", codebase = "", defaultLoader = jdk.internal.loader.ClassLoaders$PlatformClassLoader@7d63b25b
2024-04-04T19:33:24.444+0700 [DEBUG] [org.gradle.internal.remote.internal.inet.TcpIncomingConnector] Accepted connection from /127.0.0.1:50104 to /127.0.0.1:49890.
2024-04-04T19:33:24.575+0700 [DEBUG] [org.gradle.launcher.daemon.server.SynchronizedDispatchConnection] thread 240: received class org.gradle.launcher.daemon.protocol.StopWhenIdle
2024-04-04T19:33:24.577+0700 [DEBUG] [org.gradle.launcher.daemon.server.DefaultDaemonConnection] thread 240: Received non-IO message from client: StopWhenIdle[id=0fefe0f4-6550-48fd-a541-655ce6adb9e3]
2024-04-04T19:33:24.579+0700 [INFO] [org.gradle.launcher.daemon.server.DefaultIncomingConnectionHandler] Received command: StopWhenIdle[id=0fefe0f4-6550-48fd-a541-655ce6adb9e3].
2024-04-04T19:33:24.579+0700 [DEBUG] [org.gradle.launcher.daemon.server.DefaultIncomingConnectionHandler] Starting executing command: StopWhenIdle[id=0fefe0f4-6550-48fd-a541-655ce6adb9e3] with connection: socket connection from /127.0.0.1:49890 to /127.0.0.1:50104.
2024-04-04T19:33:24.589+0700 [DEBUG] [org.gradle.launcher.daemon.server.DaemonRegistryUpdater] Storing daemon stop event: stop command received
2024-04-04T19:33:24.641+0700 [DEBUG] [org.gradle.launcher.daemon.registry.PersistentDaemonRegistry] Storing daemon stop event with timestamp 1712234004590
2024-04-04T19:33:24.653+0700 [DEBUG] [org.gradle.cache.internal.DefaultFileLockManager] Waiting to acquire exclusive lock on daemon addresses registry.
2024-04-04T19:33:24.656+0700 [DEBUG] [org.gradle.cache.internal.DefaultFileLockManager] Lock acquired on daemon addresses registry.
2024-04-04T19:33:24.661+0700 [DEBUG] [org.gradle.cache.internal.DefaultFileLockManager] Releasing lock on daemon addresses registry.
2024-04-04T19:33:24.662+0700 [LIFECYCLE] [org.gradle.launcher.daemon.server.DaemonStateCoordinator] Daemon will be stopped at the end of the build stop command received
2024-04-04T19:33:24.662+0700 [DEBUG] [org.gradle.launcher.daemon.server.DaemonStateCoordinator] Marking daemon stopped due to stop command received. The daemon is running a build: false
2024-04-04T19:33:24.664+0700 [DEBUG] [org.gradle.launcher.daemon.server.SynchronizedDispatchConnection] thread 239: dispatching Success[value=null]
2024-04-04T19:33:24.665+0700 [DEBUG] [org.gradle.launcher.daemon.server.DaemonStateCoordinator] daemon has stopped.
2024-04-04T19:33:24.665+0700 [DEBUG] [org.gradle.launcher.daemon.server.Daemon] stop() called on daemon
2024-04-04T19:33:24.666+0700 [INFO] [org.gradle.launcher.daemon.server.Daemon] Stop requested. Daemon is removing its presence from the registry...
2024-04-04T19:33:24.668+0700 [DEBUG] [org.gradle.launcher.daemon.server.SynchronizedDispatchConnection] thread 240: received class org.gradle.launcher.daemon.protocol.Finished
2024-04-04T19:33:24.671+0700 [DEBUG] [org.gradle.launcher.daemon.server.DaemonRegistryUpdater] Removing our presence to clients, eg. removing this address from the registry: [b93d5a52-802a-4181-af10-6d9f48a15675 port:49890, addresses:[localhost/127.0.0.1]]
2024-04-04T19:33:24.669+0700 [DEBUG] [org.gradle.launcher.daemon.server.DefaultIncomingConnectionHandler] Finishing executing command: StopWhenIdle[id=0fefe0f4-6550-48fd-a541-655ce6adb9e3]
2024-04-04T19:33:24.673+0700 [DEBUG] [org.gradle.launcher.daemon.server.DefaultDaemonConnection] thread 240: Received non-IO message from client: org.gradle.launcher.daemon.protocol.Finished@4e770c48
2024-04-04T19:33:24.674+0700 [DEBUG] [org.gradle.launcher.daemon.server.DefaultIncomingConnectionHandler] Received finished message: org.gradle.launcher.daemon.protocol.Finished@4e770c48
2024-04-04T19:33:24.674+0700 [DEBUG] [org.gradle.launcher.daemon.server.SynchronizedDispatchConnection] thread 239: stopping connection
2024-04-04T19:33:24.674+0700 [DEBUG] [org.gradle.launcher.daemon.registry.PersistentDaemonRegistry] Removing daemon address: [b93d5a52-802a-4181-af10-6d9f48a15675 port:49890, addresses:[localhost/127.0.0.1]]
2024-04-04T19:33:24.675+0700 [DEBUG] [org.gradle.internal.remote.internal.inet.SocketConnection] Discarding EOFException: java.io.EOFException
2024-04-04T19:33:24.675+0700 [DEBUG] [org.gradle.launcher.daemon.server.SynchronizedDispatchConnection] thread 240: received null
2024-04-04T19:33:24.675+0700 [DEBUG] [org.gradle.launcher.daemon.server.DefaultDaemonConnection] thread 240: Received end-of-input from client.
2024-04-04T19:33:24.678+0700 [DEBUG] [org.gradle.launcher.daemon.server.SynchronizedDispatchConnection] thread 239: stopping connection
2024-04-04T19:33:24.684+0700 [DEBUG] [org.gradle.cache.internal.DefaultFileLockManager] Waiting to acquire exclusive lock on daemon addresses registry.
2024-04-04T19:33:24.684+0700 [DEBUG] [org.gradle.cache.internal.DefaultFileLockManager] Lock acquired on daemon addresses registry.
2024-04-04T19:33:24.685+0700 [DEBUG] [org.gradle.cache.internal.DefaultFileLockManager] Releasing lock on daemon addresses registry.
2024-04-04T19:33:24.687+0700 [DEBUG] [org.gradle.launcher.daemon.server.DaemonRegistryUpdater] Address removed from registry.
2024-04-04T19:33:24.727+0700 [DEBUG] [org.gradle.cache.internal.LockOnDemandCrossProcessCacheAccess] Releasing file lock for jars (F:\Project\22IT343_NguynnhAnhV\caches\jars-9)
2024-04-04T19:33:24.729+0700 [DEBUG] [org.gradle.cache.internal.DefaultFileLockManager] Releasing lock on jars (F:\Project\22IT343_NguynnhAnhV\caches\jars-9).
2024-04-04T19:33:24.731+0700 [DEBUG] [org.gradle.cache.internal.DefaultPersistentDirectoryStore] jars (F:\Project\22IT343_NguynnhAnhV\caches\jars-9) has last been fully cleaned up 20 hours ago
2024-04-04T19:33:24.756+0700 [DEBUG] [org.gradle.cache.internal.LockOnDemandCrossProcessCacheAccess] Releasing file lock for Artifact transforms cache (F:\Project\22IT343_NguynnhAnhV\caches\transforms-3)
2024-04-04T19:33:24.756+0700 [DEBUG] [org.gradle.cache.internal.DefaultFileLockManager] Releasing lock on Artifact transforms cache (F:\Project\22IT343_NguynnhAnhV\caches\transforms-3).
2024-04-04T19:33:24.757+0700 [DEBUG] [org.gradle.cache.internal.DefaultPersistentDirectoryStore] Artifact transforms cache (F:\Project\22IT343_NguynnhAnhV\caches\transforms-3) has last been fully cleaned up 20 hours ago
2024-04-04T19:33:24.761+0700 [DEBUG] [org.gradle.cache.internal.LockOnDemandCrossProcessCacheAccess] Releasing file lock for kotlin-dsl (F:\Project\22IT343_NguynnhAnhV\caches\8.2\kotlin-dsl)
2024-04-04T19:33:24.766+0700 [DEBUG] [org.gradle.cache.internal.btree.BTreePersistentIndexedCache] Closing cache executionHistory.bin (F:\Project\22IT343_NguynnhAnhV\caches\8.2\kotlin-dsl\executionHistory.bin)
2024-04-04T19:33:24.778+0700 [DEBUG] [org.gradle.cache.internal.DefaultFileLockManager] Releasing lock on kotlin-dsl (F:\Project\22IT343_NguynnhAnhV\caches\8.2\kotlin-dsl).
2024-04-04T19:33:24.782+0700 [DEBUG] [org.gradle.cache.internal.DefaultPersistentDirectoryStore] kotlin-dsl (F:\Project\22IT343_NguynnhAnhV\caches\8.2\kotlin-dsl) has last been fully cleaned up 20 hours ago
2024-04-04T19:33:25.011+0700 [DEBUG] [org.gradle.cache.internal.LockOnDemandCrossProcessCacheAccess] Releasing file lock for file content cache (F:\Project\22IT343_NguynnhAnhV\caches\8.2\fileContent)
2024-04-04T19:33:25.011+0700 [DEBUG] [org.gradle.cache.internal.DefaultFileLockManager] Releasing lock on file content cache (F:\Project\22IT343_NguynnhAnhV\caches\8.2\fileContent).
2024-04-04T19:33:25.012+0700 [DEBUG] [org.gradle.internal.watch.vfs.impl.WatchingVirtualFileSystem] Closing VFS, dropping state
2024-04-04T19:33:25.050+0700 [DEBUG] [org.gradle.cache.internal.LockOnDemandCrossProcessCacheAccess] Releasing file lock for Generated Gradle JARs cache (F:\Project\22IT343_NguynnhAnhV\caches\8.2\generated-gradle-jars)
2024-04-04T19:33:25.050+0700 [DEBUG] [org.gradle.internal.watch.registry.impl.DefaultFileWatcherRegistry] Finished listening to file system change events
2024-04-04T19:33:25.051+0700 [DEBUG] [org.gradle.cache.internal.DefaultFileLockManager] Releasing lock on Generated Gradle JARs cache (F:\Project\22IT343_NguynnhAnhV\caches\8.2\generated-gradle-jars).
2024-04-04T19:33:25.054+0700 [DEBUG] [org.gradle.cache.internal.LockOnDemandCrossProcessCacheAccess] Releasing file lock for artifact cache (F:\Project\22IT343_NguynnhAnhV\caches\modules-2)
2024-04-04T19:33:25.054+0700 [DEBUG] [org.gradle.cache.internal.btree.BTreePersistentIndexedCache] Closing cache module-artifact.bin (F:\Project\22IT343_NguynnhAnhV\caches\modules-2\metadata-2.106\module-artifact.bin)
2024-04-04T19:33:25.057+0700 [DEBUG] [org.gradle.cache.internal.btree.BTreePersistentIndexedCache] Closing cache module-metadata.bin (F:\Project\22IT343_NguynnhAnhV\caches\modules-2\metadata-2.106\module-metadata.bin)
2024-04-04T19:33:25.059+0700 [DEBUG] [org.gradle.cache.internal.DefaultFileLockManager] Releasing lock on artifact cache (F:\Project\22IT343_NguynnhAnhV\caches\modules-2).
2024-04-04T19:33:25.060+0700 [DEBUG] [org.gradle.cache.internal.DefaultPersistentDirectoryStore] artifact cache (F:\Project\22IT343_NguynnhAnhV\caches\modules-2) has last been fully cleaned up 20 hours ago
2024-04-04T19:33:25.062+0700 [DEBUG] [org.gradle.cache.internal.LockOnDemandCrossProcessCacheAccess] Releasing file lock for journal cache (F:\Project\22IT343_NguynnhAnhV\caches\journal-1)
2024-04-04T19:33:25.063+0700 [DEBUG] [org.gradle.cache.internal.btree.BTreePersistentIndexedCache] Closing cache file-access.bin (F:\Project\22IT343_NguynnhAnhV\caches\journal-1\file-access.bin)
2024-04-04T19:33:25.067+0700 [DEBUG] [org.gradle.cache.internal.DefaultFileLockManager] Releasing lock on journal cache (F:\Project\22IT343_NguynnhAnhV\caches\journal-1).
2024-04-04T19:33:25.074+0700 [DEBUG] [org.gradle.cache.internal.LockOnDemandCrossProcessCacheAccess] Releasing file lock for file hash cache (F:\Project\22IT343_NguynnhAnhV\caches\8.2\fileHashes)
2024-04-04T19:33:25.075+0700 [DEBUG] [org.gradle.cache.internal.btree.BTreePersistentIndexedCache] Closing cache fileHashes.bin (F:\Project\22IT343_NguynnhAnhV\caches\8.2\fileHashes\fileHashes.bin)
2024-04-04T19:33:25.097+0700 [DEBUG] [org.gradle.cache.internal.btree.BTreePersistentIndexedCache] Closing cache resourceHashesCache.bin (F:\Project\22IT343_NguynnhAnhV\caches\8.2\fileHashes\resourceHashesCache.bin)
2024-04-04T19:33:25.099+0700 [DEBUG] [org.gradle.cache.internal.DefaultFileLockManager] Releasing lock on file hash cache (F:\Project\22IT343_NguynnhAnhV\caches\8.2\fileHashes).
2024-04-04T19:33:25.103+0700 [DEBUG] [org.gradle.cache.internal.LockOnDemandCrossProcessCacheAccess] Releasing file lock for execution history cache (F:\Project\22IT343_NguynnhAnhV\caches\8.2\executionHistory)
2024-04-04T19:33:25.104+0700 [DEBUG] [org.gradle.cache.internal.btree.BTreePersistentIndexedCache] Closing cache executionHistory.bin (F:\Project\22IT343_NguynnhAnhV\caches\8.2\executionHistory\executionHistory.bin)
2024-04-04T19:33:25.106+0700 [DEBUG] [org.gradle.cache.internal.DefaultFileLockManager] Releasing lock on execution history cache (F:\Project\22IT343_NguynnhAnhV\caches\8.2\executionHistory).
2024-04-04T19:33:25.111+0700 [DEBUG] [org.gradle.cache.internal.LockOnDemandCrossProcessCacheAccess] Releasing file lock for Java compile cache (F:\Project\22IT343_NguynnhAnhV\caches\8.2\javaCompile)
2024-04-04T19:33:25.113+0700 [DEBUG] [org.gradle.cache.internal.btree.BTreePersistentIndexedCache] Closing cache jarAnalysis.bin (F:\Project\22IT343_NguynnhAnhV\caches\8.2\javaCompile\jarAnalysis.bin)
2024-04-04T19:33:25.113+0700 [DEBUG] [org.gradle.cache.internal.btree.BTreePersistentIndexedCache] Closing cache classAnalysis.bin (F:\Project\22IT343_NguynnhAnhV\caches\8.2\javaCompile\classAnalysis.bin)
2024-04-04T19:33:25.120+0700 [DEBUG] [org.gradle.cache.internal.DefaultFileLockManager] Releasing lock on Java compile cache (F:\Project\22IT343_NguynnhAnhV\caches\8.2\javaCompile).
Daemon vm is shutting down... The daemon has exited normally or was terminated in response to a user interrupt.
2024-04-04T19:33:25.156+0700 [DEBUG] [org.gradle.launcher.daemon.registry.PersistentDaemonRegistry] Removing daemon address: [b93d5a52-802a-4181-af10-6d9f48a15675 port:49890, addresses:[localhost/127.0.0.1]]
2024-04-04T19:33:25.157+0700 [DEBUG] [org.gradle.cache.internal.DefaultFileLockManager] Waiting to acquire exclusive lock on daemon addresses registry.
2024-04-04T19:33:25.157+0700 [DEBUG] [org.gradle.cache.internal.DefaultFileLockManager] Lock acquired on daemon addresses registry.
2024-04-04T19:33:25.158+0700 [DEBUG] [org.gradle.cache.internal.DefaultFileLockManager] Releasing lock on daemon addresses registry.
